This file contains any messages produced by compilers while
running configure, to aid debugging if configure makes a mistake.

It was created by configure, which was
generated by GNU Autoconf 2.68.  Invocation command line was

  $ ./configure 

## --------- ##
## Platform. ##
## --------- ##

hostname = localhost.localdomain
uname -m = x86_64
uname -r = 3.5.3-1.fc17.x86_64
uname -s = Linux
uname -v = #1 SMP Wed Aug 29 18:46:34 UTC 2012

/usr/bin/uname -p = x86_64
/bin/uname -X     = unknown

/bin/arch              = x86_64
/usr/bin/arch -k       = unknown
/usr/convex/getsysinfo = unknown
/usr/bin/hostinfo      = unknown
/bin/machine           = unknown
/usr/bin/oslevel       = unknown
/bin/universe          = unknown

PATH: /usr/local/bin
PATH: /usr/bin
PATH: /bin


## ----------- ##
## Core tests. ##
## ----------- ##

configure:2789: checking build system type
configure:2803: result: x86_64-unknown-linux-gnu
configure:2823: checking host system type
configure:2836: result: x86_64-unknown-linux-gnu
configure:2856: checking target system type
configure:2869: result: x86_64-unknown-linux-gnu
configure:2912: checking for a BSD-compatible install
configure:2980: result: /usr/bin/install -c
configure:2991: checking whether build environment is sane
configure:3041: result: yes
configure:3182: checking for a thread-safe mkdir -p
configure:3221: result: /usr/bin/mkdir -p
configure:3234: checking for gawk
configure:3250: found /usr/bin/gawk
configure:3261: result: gawk
configure:3272: checking whether make sets $(MAKE)
configure:3294: result: yes
configure:3370: checking whether to enable maintainer-specific portions of Makefiles
configure:3379: result: no
configure:3487: checking for gcc
configure:3503: found /usr/bin/gcc
configure:3514: result: gcc
configure:3743: checking for C compiler version
configure:3752: gcc --version >&5
gcc (GCC) 4.7.0 20120507 (Red Hat 4.7.0-5)
Copyright (C) 2012 Free Software Foundation, Inc.
This is free software; see the source for copying conditions.  There is NO
warranty; not even for MERCHANTABILITY or FITNESS FOR A PARTICULAR PURPOSE.

configure:3763: $? = 0
configure:3752: gcc -v >&5
Using built-in specs.
COLLECT_GCC=gcc
COLLECT_LTO_WRAPPER=/usr/libexec/gcc/x86_64-redhat-linux/4.7.0/lto-wrapper
Target: x86_64-redhat-linux
Configured with: ../configure --prefix=/usr --mandir=/usr/share/man --infodir=/usr/share/info --with-bugurl=http://bugzilla.redhat.com/bugzilla --enable-bootstrap --enable-shared --enable-threads=posix --enable-checking=release --disable-build-with-cxx --disable-build-poststage1-with-cxx --with-system-zlib --enable-__cxa_atexit --disable-libunwind-exceptions --enable-gnu-unique-object --enable-linker-build-id --with-linker-hash-style=gnu --enable-languages=c,c++,objc,obj-c++,java,fortran,ada,go,lto --enable-plugin --enable-initfini-array --enable-java-awt=gtk --disable-dssi --with-java-home=/usr/lib/jvm/java-1.5.0-gcj-1.5.0.0/jre --enable-libgcj-multifile --enable-java-maintainer-mode --with-ecj-jar=/usr/share/java/eclipse-ecj.jar --disable-libjava-multilib --with-ppl --with-cloog --with-tune=generic --with-arch_32=i686 --build=x86_64-redhat-linux
Thread model: posix
gcc version 4.7.0 20120507 (Red Hat 4.7.0-5) (GCC) 
configure:3763: $? = 0
configure:3752: gcc -V >&5
gcc: error: unrecognized command line option '-V'
gcc: fatal error: no input files
compilation terminated.
configure:3763: $? = 4
configure:3752: gcc -qversion >&5
gcc: error: unrecognized command line option '-qversion'
gcc: fatal error: no input files
compilation terminated.
configure:3763: $? = 4
configure:3783: checking whether the C compiler works
configure:3805: gcc    conftest.c  >&5
configure:3809: $? = 0
configure:3857: result: yes
configure:3860: checking for C compiler default output file name
configure:3862: result: a.out
configure:3868: checking for suffix of executables
configure:3875: gcc -o conftest    conftest.c  >&5
configure:3879: $? = 0
configure:3901: result: 
configure:3923: checking whether we are cross compiling
configure:3931: gcc -o conftest    conftest.c  >&5
configure:3935: $? = 0
configure:3942: ./conftest
configure:3946: $? = 0
configure:3961: result: no
configure:3966: checking for suffix of object files
configure:3988: gcc -c   conftest.c >&5
configure:3992: $? = 0
configure:4013: result: o
configure:4017: checking whether we are using the GNU C compiler
configure:4036: gcc -c   conftest.c >&5
configure:4036: $? = 0
configure:4045: result: yes
configure:4054: checking whether gcc accepts -g
configure:4074: gcc -c -g  conftest.c >&5
configure:4074: $? = 0
configure:4115: result: yes
configure:4132: checking for gcc option to accept ISO C89
configure:4196: gcc  -c -g -O2  conftest.c >&5
configure:4196: $? = 0
configure:4209: result: none needed
configure:4240: checking for style of include used by make
configure:4268: result: GNU
configure:4294: checking dependency style of gcc
configure:4405: result: gcc3
configure:4421: checking whether gcc and cc understand -c and -o together
configure:4452: gcc -c conftest.c -o conftest2.o >&5
configure:4456: $? = 0
configure:4462: gcc -c conftest.c -o conftest2.o >&5
configure:4466: $? = 0
configure:4477: cc -c conftest.c >&5
configure:4481: $? = 0
configure:4489: cc -c conftest.c -o conftest2.o >&5
configure:4493: $? = 0
configure:4499: cc -c conftest.c -o conftest2.o >&5
configure:4503: $? = 0
configure:4521: result: yes
configure:4555: checking dependency style of gcc
configure:4664: result: gcc3
configure:4725: checking how to print strings
configure:4752: result: printf
configure:4773: checking for a sed that does not truncate output
configure:4837: result: /usr/bin/sed
configure:4855: checking for grep that handles long lines and -e
configure:4913: result: /usr/bin/grep
configure:4918: checking for egrep
configure:4980: result: /usr/bin/grep -E
configure:4985: checking for fgrep
configure:5047: result: /usr/bin/grep -F
configure:5082: checking for ld used by gcc
configure:5149: result: /usr/bin/ld
configure:5156: checking if the linker (/usr/bin/ld) is GNU ld
configure:5171: result: yes
configure:5183: checking for BSD- or MS-compatible name lister (nm)
configure:5232: result: /usr/bin/nm -B
configure:5362: checking the name lister (/usr/bin/nm -B) interface
configure:5369: gcc -c -g -O2  conftest.c >&5
configure:5372: /usr/bin/nm -B "conftest.o"
configure:5375: output
0000000000000000 B some_variable
configure:5382: result: BSD nm
configure:5385: checking whether ln -s works
configure:5389: result: yes
configure:5397: checking the maximum length of command line arguments
configure:5527: result: 1572864
configure:5544: checking whether the shell understands some XSI constructs
configure:5554: result: yes
configure:5558: checking whether the shell understands "+="
configure:5564: result: yes
configure:5599: checking how to convert x86_64-unknown-linux-gnu file names to x86_64-unknown-linux-gnu format
configure:5639: result: func_convert_file_noop
configure:5646: checking how to convert x86_64-unknown-linux-gnu file names to toolchain format
configure:5666: result: func_convert_file_noop
configure:5673: checking for /usr/bin/ld option to reload object files
configure:5680: result: -r
configure:5754: checking for objdump
configure:5770: found /usr/bin/objdump
configure:5781: result: objdump
configure:5813: checking how to recognize dependent libraries
configure:6015: result: pass_all
configure:6100: checking for dlltool
configure:6130: result: no
configure:6160: checking how to associate runtime and link libraries
configure:6187: result: printf %s\n
configure:6248: checking for ar
configure:6264: found /usr/bin/ar
configure:6275: result: ar
configure:6312: checking for archiver @FILE support
configure:6329: gcc -c -g -O2  conftest.c >&5
configure:6329: $? = 0
configure:6332: ar cru libconftest.a @conftest.lst >&5
configure:6335: $? = 0
configure:6340: ar cru libconftest.a @conftest.lst >&5
ar: conftest.o: No such file or directory
configure:6343: $? = 1
configure:6355: result: @
configure:6413: checking for strip
configure:6429: found /usr/bin/strip
configure:6440: result: strip
configure:6512: checking for ranlib
configure:6528: found /usr/bin/ranlib
configure:6539: result: ranlib
configure:6641: checking command to parse /usr/bin/nm -B output from gcc object
configure:6761: gcc -c -g -O2  conftest.c >&5
configure:6764: $? = 0
configure:6768: /usr/bin/nm -B conftest.o \| sed -n -e 's/^.*[ ]\([ABCDGIRSTW][ABCDGIRSTW]*\)[ ][ ]*\([_A-Za-z][_A-Za-z0-9]*\)$/\1 \2 \2/p' | sed '/ __gnu_lto/d' \> conftest.nm
configure:6771: $? = 0
configure:6837: gcc -o conftest -g -O2   conftest.c conftstm.o >&5
configure:6840: $? = 0
configure:6878: result: ok
configure:6915: checking for sysroot
configure:6945: result: no
configure:7022: gcc -c -g -O2  conftest.c >&5
configure:7025: $? = 0
configure:7201: checking for mt
configure:7231: result: no
configure:7251: checking if : is a manifest tool
configure:7257: : '-?'
configure:7265: result: no
configure:7907: checking how to run the C preprocessor
configure:7938: gcc -E  conftest.c
configure:7938: $? = 0
configure:7952: gcc -E  conftest.c
conftest.c:10:28: fatal error: ac_nonexistent.h: No such file or directory
compilation terminated.
configure:7952: $? = 1
configure: failed program was:
| /* confdefs.h */
| #define PACKAGE_NAME ""
| #define PACKAGE_TARNAME ""
| #define PACKAGE_VERSION ""
| #define PACKAGE_STRING ""
| #define PACKAGE_BUGREPORT ""
| #define PACKAGE_URL ""
| #define DIRECTFB_VERSION "1.1.1"
| /* end confdefs.h.  */
| #include <ac_nonexistent.h>
configure:7977: result: gcc -E
configure:7997: gcc -E  conftest.c
configure:7997: $? = 0
configure:8011: gcc -E  conftest.c
conftest.c:10:28: fatal error: ac_nonexistent.h: No such file or directory
compilation terminated.
configure:8011: $? = 1
configure: failed program was:
| /* confdefs.h */
| #define PACKAGE_NAME ""
| #define PACKAGE_TARNAME ""
| #define PACKAGE_VERSION ""
| #define PACKAGE_STRING ""
| #define PACKAGE_BUGREPORT ""
| #define PACKAGE_URL ""
| #define DIRECTFB_VERSION "1.1.1"
| /* end confdefs.h.  */
| #include <ac_nonexistent.h>
configure:8040: checking for ANSI C header files
configure:8060: gcc -c -g -O2  conftest.c >&5
configure:8060: $? = 0
configure:8133: gcc -o conftest -g -O2   conftest.c  >&5
configure:8133: $? = 0
configure:8133: ./conftest
configure:8133: $? = 0
configure:8144: result: yes
configure:8157: checking for sys/types.h
configure:8157: gcc -c -g -O2  conftest.c >&5
configure:8157: $? = 0
configure:8157: result: yes
configure:8157: checking for sys/stat.h
configure:8157: gcc -c -g -O2  conftest.c >&5
configure:8157: $? = 0
configure:8157: result: yes
configure:8157: checking for stdlib.h
configure:8157: gcc -c -g -O2  conftest.c >&5
configure:8157: $? = 0
configure:8157: result: yes
configure:8157: checking for string.h
configure:8157: gcc -c -g -O2  conftest.c >&5
configure:8157: $? = 0
configure:8157: result: yes
configure:8157: checking for memory.h
configure:8157: gcc -c -g -O2  conftest.c >&5
configure:8157: $? = 0
configure:8157: result: yes
configure:8157: checking for strings.h
configure:8157: gcc -c -g -O2  conftest.c >&5
configure:8157: $? = 0
configure:8157: result: yes
configure:8157: checking for inttypes.h
configure:8157: gcc -c -g -O2  conftest.c >&5
configure:8157: $? = 0
configure:8157: result: yes
configure:8157: checking for stdint.h
configure:8157: gcc -c -g -O2  conftest.c >&5
configure:8157: $? = 0
configure:8157: result: yes
configure:8157: checking for unistd.h
configure:8157: gcc -c -g -O2  conftest.c >&5
configure:8157: $? = 0
configure:8157: result: yes
configure:8171: checking for dlfcn.h
configure:8171: gcc -c -g -O2  conftest.c >&5
configure:8171: $? = 0
configure:8171: result: yes
configure:8347: checking for objdir
configure:8362: result: .libs
configure:8629: checking if gcc supports -fno-rtti -fno-exceptions
configure:8647: gcc -c -g -O2  -fno-rtti -fno-exceptions conftest.c >&5
cc1: warning: command line option '-fno-rtti' is valid for C++/ObjC++ but not for C [enabled by default]
configure:8651: $? = 0
configure:8664: result: no
configure:8991: checking for gcc option to produce PIC
configure:8998: result: -fPIC -DPIC
configure:9006: checking if gcc PIC flag -fPIC -DPIC works
configure:9024: gcc -c -g -O2  -fPIC -DPIC -DPIC conftest.c >&5
configure:9028: $? = 0
configure:9041: result: yes
configure:9070: checking if gcc static flag -static works
configure:9098: result: no
configure:9113: checking if gcc supports -c -o file.o
configure:9134: gcc -c -g -O2  -o out/conftest2.o conftest.c >&5
configure:9138: $? = 0
configure:9160: result: yes
configure:9168: checking if gcc supports -c -o file.o
configure:9215: result: yes
configure:9248: checking whether the gcc linker (/usr/bin/ld -m elf_x86_64) supports shared libraries
configure:10401: result: yes
configure:10438: checking whether -lc should be explicitly linked in
configure:10446: gcc -c -g -O2  conftest.c >&5
configure:10449: $? = 0
configure:10464: gcc -shared  -fPIC -DPIC conftest.o  -v -Wl,-soname -Wl,conftest -o conftest 2\>\&1 \| /usr/bin/grep  -lc  \>/dev/null 2\>\&1
configure:10467: $? = 0
configure:10481: result: no
configure:10641: checking dynamic linker characteristics
configure:11152: gcc -o conftest -g -O2   -Wl,-rpath -Wl,/foo conftest.c  >&5
configure:11152: $? = 0
configure:11378: result: GNU/Linux ld.so
configure:11485: checking how to hardcode library paths into programs
configure:11510: result: immediate
configure:12050: checking whether stripping libraries is possible
configure:12055: result: yes
configure:12090: checking if libtool supports shared libraries
configure:12092: result: yes
configure:12095: checking whether to build shared libraries
configure:12116: result: yes
configure:12119: checking whether to build static libraries
configure:12123: result: no
configure:12160: checking whether build environment is sane
configure:12210: result: yes
configure:12212: checking for library containing strerror
configure:12243: gcc -o conftest -g -O2   conftest.c  >&5
configure:12243: $? = 0
configure:12260: result: none required
configure:12269: checking whether make sets $(MAKE)
configure:12291: result: yes
configure:12300: checking for ANSI C header files
configure:12404: result: yes
configure:12412: checking whether byte ordering is bigendian
configure:12427: gcc -c -g -O2  conftest.c >&5
conftest.c:24:9: error: unknown type name 'not'
conftest.c:24:15: error: expected '=', ',', ';', 'asm' or '__attribute__' before 'universal'
conftest.c:24:15: error: unknown type name 'universal'
configure:12427: $? = 1
configure: failed program was:
| /* confdefs.h */
| #define PACKAGE_NAME ""
| #define PACKAGE_TARNAME ""
| #define PACKAGE_VERSION ""
| #define PACKAGE_STRING ""
| #define PACKAGE_BUGREPORT ""
| #define PACKAGE_URL ""
| #define DIRECTFB_VERSION "1.1.1"
| #define STDC_HEADERS 1
| #define HAVE_SYS_TYPES_H 1
| #define HAVE_SYS_STAT_H 1
| #define HAVE_STDLIB_H 1
| #define HAVE_STRING_H 1
| #define HAVE_MEMORY_H 1
| #define HAVE_STRINGS_H 1
| #define HAVE_INTTYPES_H 1
| #define HAVE_STDINT_H 1
| #define HAVE_UNISTD_H 1
| #define HAVE_DLFCN_H 1
| #define LT_OBJDIR ".libs/"
| #define STDC_HEADERS 1
| /* end confdefs.h.  */
| #ifndef __APPLE_CC__
| 	       not a universal capable compiler
| 	     #endif
| 	     typedef int dummy;
| 
configure:12472: gcc -c -g -O2  conftest.c >&5
configure:12472: $? = 0
configure:12490: gcc -c -g -O2  conftest.c >&5
conftest.c: In function 'main':
conftest.c:30:4: error: unknown type name 'not'
conftest.c:30:12: error: expected '=', ',', ';', 'asm' or '__attribute__' before 'endian'
configure:12490: $? = 1
configure: failed program was:
| /* confdefs.h */
| #define PACKAGE_NAME ""
| #define PACKAGE_TARNAME ""
| #define PACKAGE_VERSION ""
| #define PACKAGE_STRING ""
| #define PACKAGE_BUGREPORT ""
| #define PACKAGE_URL ""
| #define DIRECTFB_VERSION "1.1.1"
| #define STDC_HEADERS 1
| #define HAVE_SYS_TYPES_H 1
| #define HAVE_SYS_STAT_H 1
| #define HAVE_STDLIB_H 1
| #define HAVE_STRING_H 1
| #define HAVE_MEMORY_H 1
| #define HAVE_STRINGS_H 1
| #define HAVE_INTTYPES_H 1
| #define HAVE_STDINT_H 1
| #define HAVE_UNISTD_H 1
| #define HAVE_DLFCN_H 1
| #define LT_OBJDIR ".libs/"
| #define STDC_HEADERS 1
| /* end confdefs.h.  */
| #include <sys/types.h>
| 		#include <sys/param.h>
| 
| int
| main ()
| {
| #if BYTE_ORDER != BIG_ENDIAN
| 		 not big endian
| 		#endif
| 
|   ;
|   return 0;
| }
configure:12618: result: no
configure:12641: checking size of int
configure:12646: gcc -o conftest -g -O2   conftest.c  >&5
configure:12646: $? = 0
configure:12646: ./conftest
configure:12646: $? = 0
configure:12660: result: 4
configure:12674: checking size of long
configure:12679: gcc -o conftest -g -O2   conftest.c  >&5
configure:12679: $? = 0
configure:12679: ./conftest
configure:12679: $? = 0
configure:12693: result: 8
configure:12707: checking size of long long
configure:12712: gcc -o conftest -g -O2   conftest.c  >&5
configure:12712: $? = 0
configure:12712: ./conftest
configure:12712: $? = 0
configure:12726: result: 8
configure:12748: checking for perl5
configure:12781: result: no
configure:12748: checking for perl
configure:12766: found /usr/bin/perl
configure:12778: result: /usr/bin/perl
configure:12792: checking for man2html
configure:12823: result: no
configure:12851: checking Carbon/Carbon.h usability
configure:12851: gcc -c -g -O2  conftest.c >&5
conftest.c:59:27: fatal error: Carbon/Carbon.h: No such file or directory
compilation terminated.
configure:12851: $? = 1
configure: failed program was:
| /* confdefs.h */
| #define PACKAGE_NAME ""
| #define PACKAGE_TARNAME ""
| #define PACKAGE_VERSION ""
| #define PACKAGE_STRING ""
| #define PACKAGE_BUGREPORT ""
| #define PACKAGE_URL ""
| #define DIRECTFB_VERSION "1.1.1"
| #define STDC_HEADERS 1
| #define HAVE_SYS_TYPES_H 1
| #define HAVE_SYS_STAT_H 1
| #define HAVE_STDLIB_H 1
| #define HAVE_STRING_H 1
| #define HAVE_MEMORY_H 1
| #define HAVE_STRINGS_H 1
| #define HAVE_INTTYPES_H 1
| #define HAVE_STDINT_H 1
| #define HAVE_UNISTD_H 1
| #define HAVE_DLFCN_H 1
| #define LT_OBJDIR ".libs/"
| #define STDC_HEADERS 1
| #define SIZEOF_INT 4
| #define SIZEOF_LONG 8
| #define SIZEOF_LONG_LONG 8
| /* end confdefs.h.  */
| #include <stdio.h>
| #ifdef HAVE_SYS_TYPES_H
| # include <sys/types.h>
| #endif
| #ifdef HAVE_SYS_STAT_H
| # include <sys/stat.h>
| #endif
| #ifdef STDC_HEADERS
| # include <stdlib.h>
| # include <stddef.h>
| #else
| # ifdef HAVE_STDLIB_H
| #  include <stdlib.h>
| # endif
| #endif
| #ifdef HAVE_STRING_H
| # if !defined STDC_HEADERS && defined HAVE_MEMORY_H
| #  include <memory.h>
| # endif
| # include <string.h>
| #endif
| #ifdef HAVE_STRINGS_H
| # include <strings.h>
| #endif
| #ifdef HAVE_INTTYPES_H
| # include <inttypes.h>
| #endif
| #ifdef HAVE_STDINT_H
| # include <stdint.h>
| #endif
| #ifdef HAVE_UNISTD_H
| # include <unistd.h>
| #endif
| #include <Carbon/Carbon.h>
configure:12851: result: no
configure:12851: checking Carbon/Carbon.h presence
configure:12851: gcc -E  conftest.c
conftest.c:26:27: fatal error: Carbon/Carbon.h: No such file or directory
compilation terminated.
configure:12851: $? = 1
configure: failed program was:
| /* confdefs.h */
| #define PACKAGE_NAME ""
| #define PACKAGE_TARNAME ""
| #define PACKAGE_VERSION ""
| #define PACKAGE_STRING ""
| #define PACKAGE_BUGREPORT ""
| #define PACKAGE_URL ""
| #define DIRECTFB_VERSION "1.1.1"
| #define STDC_HEADERS 1
| #define HAVE_SYS_TYPES_H 1
| #define HAVE_SYS_STAT_H 1
| #define HAVE_STDLIB_H 1
| #define HAVE_STRING_H 1
| #define HAVE_MEMORY_H 1
| #define HAVE_STRINGS_H 1
| #define HAVE_INTTYPES_H 1
| #define HAVE_STDINT_H 1
| #define HAVE_UNISTD_H 1
| #define HAVE_DLFCN_H 1
| #define LT_OBJDIR ".libs/"
| #define STDC_HEADERS 1
| #define SIZEOF_INT 4
| #define SIZEOF_LONG 8
| #define SIZEOF_LONG_LONG 8
| /* end confdefs.h.  */
| #include <Carbon/Carbon.h>
configure:12851: result: no
configure:12851: checking for Carbon/Carbon.h
configure:12851: result: no
configure:12862: WARNING:
*** no Carbon/Carbon.h found -- building without Mac OS X support.
configure:12890: checking X11/X.h usability
configure:12890: gcc -c -g -O2 -I/usr/X11R6/include  conftest.c >&5
configure:12890: $? = 0
configure:12890: result: yes
configure:12890: checking X11/X.h presence
configure:12890: gcc -E  conftest.c
configure:12890: $? = 0
configure:12890: result: yes
configure:12890: checking for X11/X.h
configure:12890: result: yes
configure:12924: checking linux/compiler.h usability
configure:12924: gcc -c -g -O2  conftest.c >&5
conftest.c:59:28: fatal error: linux/compiler.h: No such file or directory
compilation terminated.
configure:12924: $? = 1
configure: failed program was:
| /* confdefs.h */
| #define PACKAGE_NAME ""
| #define PACKAGE_TARNAME ""
| #define PACKAGE_VERSION ""
| #define PACKAGE_STRING ""
| #define PACKAGE_BUGREPORT ""
| #define PACKAGE_URL ""
| #define DIRECTFB_VERSION "1.1.1"
| #define STDC_HEADERS 1
| #define HAVE_SYS_TYPES_H 1
| #define HAVE_SYS_STAT_H 1
| #define HAVE_STDLIB_H 1
| #define HAVE_STRING_H 1
| #define HAVE_MEMORY_H 1
| #define HAVE_STRINGS_H 1
| #define HAVE_INTTYPES_H 1
| #define HAVE_STDINT_H 1
| #define HAVE_UNISTD_H 1
| #define HAVE_DLFCN_H 1
| #define LT_OBJDIR ".libs/"
| #define STDC_HEADERS 1
| #define SIZEOF_INT 4
| #define SIZEOF_LONG 8
| #define SIZEOF_LONG_LONG 8
| /* end confdefs.h.  */
| #include <stdio.h>
| #ifdef HAVE_SYS_TYPES_H
| # include <sys/types.h>
| #endif
| #ifdef HAVE_SYS_STAT_H
| # include <sys/stat.h>
| #endif
| #ifdef STDC_HEADERS
| # include <stdlib.h>
| # include <stddef.h>
| #else
| # ifdef HAVE_STDLIB_H
| #  include <stdlib.h>
| # endif
| #endif
| #ifdef HAVE_STRING_H
| # if !defined STDC_HEADERS && defined HAVE_MEMORY_H
| #  include <memory.h>
| # endif
| # include <string.h>
| #endif
| #ifdef HAVE_STRINGS_H
| # include <strings.h>
| #endif
| #ifdef HAVE_INTTYPES_H
| # include <inttypes.h>
| #endif
| #ifdef HAVE_STDINT_H
| # include <stdint.h>
| #endif
| #ifdef HAVE_UNISTD_H
| # include <unistd.h>
| #endif
| #include <linux/compiler.h>
configure:12924: result: no
configure:12924: checking linux/compiler.h presence
configure:12924: gcc -E  conftest.c
conftest.c:26:28: fatal error: linux/compiler.h: No such file or directory
compilation terminated.
configure:12924: $? = 1
configure: failed program was:
| /* confdefs.h */
| #define PACKAGE_NAME ""
| #define PACKAGE_TARNAME ""
| #define PACKAGE_VERSION ""
| #define PACKAGE_STRING ""
| #define PACKAGE_BUGREPORT ""
| #define PACKAGE_URL ""
| #define DIRECTFB_VERSION "1.1.1"
| #define STDC_HEADERS 1
| #define HAVE_SYS_TYPES_H 1
| #define HAVE_SYS_STAT_H 1
| #define HAVE_STDLIB_H 1
| #define HAVE_STRING_H 1
| #define HAVE_MEMORY_H 1
| #define HAVE_STRINGS_H 1
| #define HAVE_INTTYPES_H 1
| #define HAVE_STDINT_H 1
| #define HAVE_UNISTD_H 1
| #define HAVE_DLFCN_H 1
| #define LT_OBJDIR ".libs/"
| #define STDC_HEADERS 1
| #define SIZEOF_INT 4
| #define SIZEOF_LONG 8
| #define SIZEOF_LONG_LONG 8
| /* end confdefs.h.  */
| #include <linux/compiler.h>
configure:12924: result: no
configure:12924: checking for linux/compiler.h
configure:12924: result: no
configure:12924: checking linux/unistd.h usability
configure:12924: gcc -c -g -O2  conftest.c >&5
configure:12924: $? = 0
configure:12924: result: yes
configure:12924: checking linux/unistd.h presence
configure:12924: gcc -E  conftest.c
configure:12924: $? = 0
configure:12924: result: yes
configure:12924: checking for linux/unistd.h
configure:12924: result: yes
configure:12924: checking asm/page.h usability
configure:12924: gcc -c -g -O2  conftest.c >&5
conftest.c:60:22: fatal error: asm/page.h: No such file or directory
compilation terminated.
configure:12924: $? = 1
configure: failed program was:
| /* confdefs.h */
| #define PACKAGE_NAME ""
| #define PACKAGE_TARNAME ""
| #define PACKAGE_VERSION ""
| #define PACKAGE_STRING ""
| #define PACKAGE_BUGREPORT ""
| #define PACKAGE_URL ""
| #define DIRECTFB_VERSION "1.1.1"
| #define STDC_HEADERS 1
| #define HAVE_SYS_TYPES_H 1
| #define HAVE_SYS_STAT_H 1
| #define HAVE_STDLIB_H 1
| #define HAVE_STRING_H 1
| #define HAVE_MEMORY_H 1
| #define HAVE_STRINGS_H 1
| #define HAVE_INTTYPES_H 1
| #define HAVE_STDINT_H 1
| #define HAVE_UNISTD_H 1
| #define HAVE_DLFCN_H 1
| #define LT_OBJDIR ".libs/"
| #define STDC_HEADERS 1
| #define SIZEOF_INT 4
| #define SIZEOF_LONG 8
| #define SIZEOF_LONG_LONG 8
| #define HAVE_LINUX_UNISTD_H 1
| /* end confdefs.h.  */
| #include <stdio.h>
| #ifdef HAVE_SYS_TYPES_H
| # include <sys/types.h>
| #endif
| #ifdef HAVE_SYS_STAT_H
| # include <sys/stat.h>
| #endif
| #ifdef STDC_HEADERS
| # include <stdlib.h>
| # include <stddef.h>
| #else
| # ifdef HAVE_STDLIB_H
| #  include <stdlib.h>
| # endif
| #endif
| #ifdef HAVE_STRING_H
| # if !defined STDC_HEADERS && defined HAVE_MEMORY_H
| #  include <memory.h>
| # endif
| # include <string.h>
| #endif
| #ifdef HAVE_STRINGS_H
| # include <strings.h>
| #endif
| #ifdef HAVE_INTTYPES_H
| # include <inttypes.h>
| #endif
| #ifdef HAVE_STDINT_H
| # include <stdint.h>
| #endif
| #ifdef HAVE_UNISTD_H
| # include <unistd.h>
| #endif
| #include <asm/page.h>
configure:12924: result: no
configure:12924: checking asm/page.h presence
configure:12924: gcc -E  conftest.c
conftest.c:27:22: fatal error: asm/page.h: No such file or directory
compilation terminated.
configure:12924: $? = 1
configure: failed program was:
| /* confdefs.h */
| #define PACKAGE_NAME ""
| #define PACKAGE_TARNAME ""
| #define PACKAGE_VERSION ""
| #define PACKAGE_STRING ""
| #define PACKAGE_BUGREPORT ""
| #define PACKAGE_URL ""
| #define DIRECTFB_VERSION "1.1.1"
| #define STDC_HEADERS 1
| #define HAVE_SYS_TYPES_H 1
| #define HAVE_SYS_STAT_H 1
| #define HAVE_STDLIB_H 1
| #define HAVE_STRING_H 1
| #define HAVE_MEMORY_H 1
| #define HAVE_STRINGS_H 1
| #define HAVE_INTTYPES_H 1
| #define HAVE_STDINT_H 1
| #define HAVE_UNISTD_H 1
| #define HAVE_DLFCN_H 1
| #define LT_OBJDIR ".libs/"
| #define STDC_HEADERS 1
| #define SIZEOF_INT 4
| #define SIZEOF_LONG 8
| #define SIZEOF_LONG_LONG 8
| #define HAVE_LINUX_UNISTD_H 1
| /* end confdefs.h.  */
| #include <asm/page.h>
configure:12924: result: no
configure:12924: checking for asm/page.h
configure:12924: result: no
configure:13144: checking for pthread_attr_init in -lpthread
configure:13169: gcc -o conftest -O3 -ffast-math -pipe    conftest.c -lpthread   >&5
configure:13169: $? = 0
configure:13178: result: yes
configure:13196: checking whether PTHREAD_MUTEX_RECURSIVE is declared
configure:13196: gcc -c -O3 -ffast-math -pipe   conftest.c >&5
configure:13196: $? = 0
configure:13196: result: yes
configure:13219: checking whether PTHREAD_RECURSIVE_MUTEX_INITIALIZER_NP is declared
configure:13219: gcc -c -O3 -ffast-math -pipe   conftest.c >&5
configure:13219: $? = 0
configure:13219: result: yes
configure:13251: checking for dlopen in -ldl
configure:13276: gcc -o conftest -O3 -ffast-math -pipe  -D_REENTRANT   conftest.c -ldl  -lpthread  >&5
configure:13276: $? = 0
configure:13285: result: yes
configure:13318: checking for sys/io.h
configure:13331: gcc -c -O3 -ffast-math -pipe  -D_REENTRANT  conftest.c >&5
configure:13331: $? = 0
configure:13336: result: yes
configure:13485: checking stdbool.h usability
configure:13485: gcc -c -O3 -ffast-math -pipe  -D_REENTRANT  conftest.c >&5
configure:13485: $? = 0
configure:13485: result: yes
configure:13485: checking stdbool.h presence
configure:13485: gcc -E -D_REENTRANT  conftest.c
configure:13485: $? = 0
configure:13485: result: yes
configure:13485: checking for stdbool.h
configure:13485: result: yes
configure:13600: checking whether the binutils support MMX
configure:13604: gcc -c -O3 -ffast-math -pipe  -D_REENTRANT  conftest.S >&5
configure:13607: $? = 0
configure:13612: result: yes
configure:13617: checking whether the binutils support SSE
configure:13621: gcc -c -O3 -ffast-math -pipe  -D_REENTRANT  conftest.S >&5
configure:13624: $? = 0
configure:13629: result: yes
configure:13829: checking for libvncserver-config
configure:13860: result: no
configure:13871: WARNING:
*** libvncserver-config not found -- building without VNC support. See http://libvncserver.sourceforge.net
configure:13906: checking for sysfs_get_mnt_path in -lsysfs
configure:13931: gcc -o conftest -O3 -ffast-math -pipe  -D_REENTRANT   conftest.c -lsysfs  -ldl -lpthread  >&5
/usr/bin/ld: cannot find -lsysfs
collect2: error: ld returned 1 exit status
configure:13931: $? = 1
configure: failed program was:
| /* confdefs.h */
| #define PACKAGE_NAME ""
| #define PACKAGE_TARNAME ""
| #define PACKAGE_VERSION ""
| #define PACKAGE_STRING ""
| #define PACKAGE_BUGREPORT ""
| #define PACKAGE_URL ""
| #define DIRECTFB_VERSION "1.1.1"
| #define STDC_HEADERS 1
| #define HAVE_SYS_TYPES_H 1
| #define HAVE_SYS_STAT_H 1
| #define HAVE_STDLIB_H 1
| #define HAVE_STRING_H 1
| #define HAVE_MEMORY_H 1
| #define HAVE_STRINGS_H 1
| #define HAVE_INTTYPES_H 1
| #define HAVE_STDINT_H 1
| #define HAVE_UNISTD_H 1
| #define HAVE_DLFCN_H 1
| #define LT_OBJDIR ".libs/"
| #define STDC_HEADERS 1
| #define SIZEOF_INT 4
| #define SIZEOF_LONG 8
| #define SIZEOF_LONG_LONG 8
| #define HAVE_LINUX_UNISTD_H 1
| #define ARCH_X86_64 1
| #define HAVE_LIBPTHREAD 1
| #define HAVE_DECL_PTHREAD_MUTEX_RECURSIVE 1
| #define HAVE_DECL_PTHREAD_RECURSIVE_MUTEX_INITIALIZER_NP 1
| #define HAVE_LIBDL 1
| #define HAVE_INB_OUTB_IOPL 1
| #define HAVE_SYSIO 1
| #define USE_MMX 1
| #define USE_SSE 1
| #define LINUX_INPUT_USE_FBDEV 1
| /* end confdefs.h.  */
| 
| /* Override any GCC internal prototype to avoid an error.
|    Use char because int might match the return type of a GCC
|    builtin and then its argument prototype would still apply.  */
| #ifdef __cplusplus
| extern "C"
| #endif
| char sysfs_get_mnt_path ();
| int
| main ()
| {
| return sysfs_get_mnt_path ();
|   ;
|   return 0;
| }
configure:13940: result: no
configure:13962: WARNING:  *** libsysfs not found -- Building without sysfs support.
configure:13984: checking for jpeg_destroy_decompress in -ljpeg
configure:14009: gcc -o conftest -O3 -ffast-math -pipe  -D_REENTRANT   conftest.c -ljpeg  -ldl -lpthread  >&5
configure:14009: $? = 0
configure:14018: result: yes
configure:14027: checking jpeglib.h usability
configure:14027: gcc -c -O3 -ffast-math -pipe  -D_REENTRANT  conftest.c >&5
configure:14027: $? = 0
configure:14027: result: yes
configure:14027: checking jpeglib.h presence
configure:14027: gcc -E -D_REENTRANT  conftest.c
configure:14027: $? = 0
configure:14027: result: yes
configure:14027: checking for jpeglib.h
configure:14027: result: yes
configure:14157: checking for gzsetparams in -lz
configure:14182: gcc -o conftest -O3 -ffast-math -pipe  -D_REENTRANT   conftest.c -lz  -ldl -lpthread  >&5
configure:14182: $? = 0
configure:14191: result: yes
configure:14195: checking zlib.h usability
configure:14195: gcc -c -O3 -ffast-math -pipe  -D_REENTRANT  conftest.c >&5
configure:14195: $? = 0
configure:14195: result: yes
configure:14195: checking zlib.h presence
configure:14195: gcc -E -D_REENTRANT  conftest.c
configure:14195: $? = 0
configure:14195: result: yes
configure:14195: checking for zlib.h
configure:14195: result: yes
configure:14218: checking for libpng-config
configure:14236: found /usr/local/bin/libpng-config
configure:14249: result: /usr/local/bin/libpng-config
configure:14424: checking for freetype-config
configure:14442: found /usr/bin/freetype-config
configure:14455: result: /usr/bin/freetype-config
configure:14559: checking which gfxdrivers should be built
configure:14590: result: all
configure:14764: checking which inputdrivers should be built
configure:14794: result: all
configure:14869: checking dbox/fp.h usability
configure:14869: gcc -c -O3 -ffast-math -pipe  -D_REENTRANT  conftest.c >&5
conftest.c:70:21: fatal error: dbox/fp.h: No such file or directory
compilation terminated.
configure:14869: $? = 1
configure: failed program was:
| /* confdefs.h */
| #define PACKAGE_NAME ""
| #define PACKAGE_TARNAME ""
| #define PACKAGE_VERSION ""
| #define PACKAGE_STRING ""
| #define PACKAGE_BUGREPORT ""
| #define PACKAGE_URL ""
| #define DIRECTFB_VERSION "1.1.1"
| #define STDC_HEADERS 1
| #define HAVE_SYS_TYPES_H 1
| #define HAVE_SYS_STAT_H 1
| #define HAVE_STDLIB_H 1
| #define HAVE_STRING_H 1
| #define HAVE_MEMORY_H 1
| #define HAVE_STRINGS_H 1
| #define HAVE_INTTYPES_H 1
| #define HAVE_STDINT_H 1
| #define HAVE_UNISTD_H 1
| #define HAVE_DLFCN_H 1
| #define LT_OBJDIR ".libs/"
| #define STDC_HEADERS 1
| #define SIZEOF_INT 4
| #define SIZEOF_LONG 8
| #define SIZEOF_LONG_LONG 8
| #define HAVE_LINUX_UNISTD_H 1
| #define ARCH_X86_64 1
| #define HAVE_LIBPTHREAD 1
| #define HAVE_DECL_PTHREAD_MUTEX_RECURSIVE 1
| #define HAVE_DECL_PTHREAD_RECURSIVE_MUTEX_INITIALIZER_NP 1
| #define HAVE_LIBDL 1
| #define HAVE_INB_OUTB_IOPL 1
| #define HAVE_SYSIO 1
| #define USE_MMX 1
| #define USE_SSE 1
| #define LINUX_INPUT_USE_FBDEV 1
| /* end confdefs.h.  */
| #include <stdio.h>
| #ifdef HAVE_SYS_TYPES_H
| # include <sys/types.h>
| #endif
| #ifdef HAVE_SYS_STAT_H
| # include <sys/stat.h>
| #endif
| #ifdef STDC_HEADERS
| # include <stdlib.h>
| # include <stddef.h>
| #else
| # ifdef HAVE_STDLIB_H
| #  include <stdlib.h>
| # endif
| #endif
| #ifdef HAVE_STRING_H
| # if !defined STDC_HEADERS && defined HAVE_MEMORY_H
| #  include <memory.h>
| # endif
| # include <string.h>
| #endif
| #ifdef HAVE_STRINGS_H
| # include <strings.h>
| #endif
| #ifdef HAVE_INTTYPES_H
| # include <inttypes.h>
| #endif
| #ifdef HAVE_STDINT_H
| # include <stdint.h>
| #endif
| #ifdef HAVE_UNISTD_H
| # include <unistd.h>
| #endif
| #include <dbox/fp.h>
configure:14869: result: no
configure:14869: checking dbox/fp.h presence
configure:14869: gcc -E -D_REENTRANT  conftest.c
conftest.c:37:21: fatal error: dbox/fp.h: No such file or directory
compilation terminated.
configure:14869: $? = 1
configure: failed program was:
| /* confdefs.h */
| #define PACKAGE_NAME ""
| #define PACKAGE_TARNAME ""
| #define PACKAGE_VERSION ""
| #define PACKAGE_STRING ""
| #define PACKAGE_BUGREPORT ""
| #define PACKAGE_URL ""
| #define DIRECTFB_VERSION "1.1.1"
| #define STDC_HEADERS 1
| #define HAVE_SYS_TYPES_H 1
| #define HAVE_SYS_STAT_H 1
| #define HAVE_STDLIB_H 1
| #define HAVE_STRING_H 1
| #define HAVE_MEMORY_H 1
| #define HAVE_STRINGS_H 1
| #define HAVE_INTTYPES_H 1
| #define HAVE_STDINT_H 1
| #define HAVE_UNISTD_H 1
| #define HAVE_DLFCN_H 1
| #define LT_OBJDIR ".libs/"
| #define STDC_HEADERS 1
| #define SIZEOF_INT 4
| #define SIZEOF_LONG 8
| #define SIZEOF_LONG_LONG 8
| #define HAVE_LINUX_UNISTD_H 1
| #define ARCH_X86_64 1
| #define HAVE_LIBPTHREAD 1
| #define HAVE_DECL_PTHREAD_MUTEX_RECURSIVE 1
| #define HAVE_DECL_PTHREAD_RECURSIVE_MUTEX_INITIALIZER_NP 1
| #define HAVE_LIBDL 1
| #define HAVE_INB_OUTB_IOPL 1
| #define HAVE_SYSIO 1
| #define USE_MMX 1
| #define USE_SSE 1
| #define LINUX_INPUT_USE_FBDEV 1
| /* end confdefs.h.  */
| #include <dbox/fp.h>
configure:14869: result: no
configure:14869: checking for dbox/fp.h
configure:14869: result: no
configure:14874: WARNING: *** DBox2 Remote input driver will not be built.
configure:14883: checking for dbox/fp.h
configure:14883: result: no
configure:14888: WARNING: *** DreamBox Remote input driver will not be built.
configure:14912: checking linux/h3600_ts.h usability
configure:14912: gcc -c -O3 -ffast-math -pipe  -D_REENTRANT  conftest.c >&5
conftest.c:70:28: fatal error: linux/h3600_ts.h: No such file or directory
compilation terminated.
configure:14912: $? = 1
configure: failed program was:
| /* confdefs.h */
| #define PACKAGE_NAME ""
| #define PACKAGE_TARNAME ""
| #define PACKAGE_VERSION ""
| #define PACKAGE_STRING ""
| #define PACKAGE_BUGREPORT ""
| #define PACKAGE_URL ""
| #define DIRECTFB_VERSION "1.1.1"
| #define STDC_HEADERS 1
| #define HAVE_SYS_TYPES_H 1
| #define HAVE_SYS_STAT_H 1
| #define HAVE_STDLIB_H 1
| #define HAVE_STRING_H 1
| #define HAVE_MEMORY_H 1
| #define HAVE_STRINGS_H 1
| #define HAVE_INTTYPES_H 1
| #define HAVE_STDINT_H 1
| #define HAVE_UNISTD_H 1
| #define HAVE_DLFCN_H 1
| #define LT_OBJDIR ".libs/"
| #define STDC_HEADERS 1
| #define SIZEOF_INT 4
| #define SIZEOF_LONG 8
| #define SIZEOF_LONG_LONG 8
| #define HAVE_LINUX_UNISTD_H 1
| #define ARCH_X86_64 1
| #define HAVE_LIBPTHREAD 1
| #define HAVE_DECL_PTHREAD_MUTEX_RECURSIVE 1
| #define HAVE_DECL_PTHREAD_RECURSIVE_MUTEX_INITIALIZER_NP 1
| #define HAVE_LIBDL 1
| #define HAVE_INB_OUTB_IOPL 1
| #define HAVE_SYSIO 1
| #define USE_MMX 1
| #define USE_SSE 1
| #define LINUX_INPUT_USE_FBDEV 1
| /* end confdefs.h.  */
| #include <stdio.h>
| #ifdef HAVE_SYS_TYPES_H
| # include <sys/types.h>
| #endif
| #ifdef HAVE_SYS_STAT_H
| # include <sys/stat.h>
| #endif
| #ifdef STDC_HEADERS
| # include <stdlib.h>
| # include <stddef.h>
| #else
| # ifdef HAVE_STDLIB_H
| #  include <stdlib.h>
| # endif
| #endif
| #ifdef HAVE_STRING_H
| # if !defined STDC_HEADERS && defined HAVE_MEMORY_H
| #  include <memory.h>
| # endif
| # include <string.h>
| #endif
| #ifdef HAVE_STRINGS_H
| # include <strings.h>
| #endif
| #ifdef HAVE_INTTYPES_H
| # include <inttypes.h>
| #endif
| #ifdef HAVE_STDINT_H
| # include <stdint.h>
| #endif
| #ifdef HAVE_UNISTD_H
| # include <unistd.h>
| #endif
| #include <linux/h3600_ts.h>
configure:14912: result: no
configure:14912: checking linux/h3600_ts.h presence
configure:14912: gcc -E -D_REENTRANT  conftest.c
conftest.c:37:28: fatal error: linux/h3600_ts.h: No such file or directory
compilation terminated.
configure:14912: $? = 1
configure: failed program was:
| /* confdefs.h */
| #define PACKAGE_NAME ""
| #define PACKAGE_TARNAME ""
| #define PACKAGE_VERSION ""
| #define PACKAGE_STRING ""
| #define PACKAGE_BUGREPORT ""
| #define PACKAGE_URL ""
| #define DIRECTFB_VERSION "1.1.1"
| #define STDC_HEADERS 1
| #define HAVE_SYS_TYPES_H 1
| #define HAVE_SYS_STAT_H 1
| #define HAVE_STDLIB_H 1
| #define HAVE_STRING_H 1
| #define HAVE_MEMORY_H 1
| #define HAVE_STRINGS_H 1
| #define HAVE_INTTYPES_H 1
| #define HAVE_STDINT_H 1
| #define HAVE_UNISTD_H 1
| #define HAVE_DLFCN_H 1
| #define LT_OBJDIR ".libs/"
| #define STDC_HEADERS 1
| #define SIZEOF_INT 4
| #define SIZEOF_LONG 8
| #define SIZEOF_LONG_LONG 8
| #define HAVE_LINUX_UNISTD_H 1
| #define ARCH_X86_64 1
| #define HAVE_LIBPTHREAD 1
| #define HAVE_DECL_PTHREAD_MUTEX_RECURSIVE 1
| #define HAVE_DECL_PTHREAD_RECURSIVE_MUTEX_INITIALIZER_NP 1
| #define HAVE_LIBDL 1
| #define HAVE_INB_OUTB_IOPL 1
| #define HAVE_SYSIO 1
| #define USE_MMX 1
| #define USE_SSE 1
| #define LINUX_INPUT_USE_FBDEV 1
| /* end confdefs.h.  */
| #include <linux/h3600_ts.h>
configure:14912: result: no
configure:14912: checking for linux/h3600_ts.h
configure:14912: result: no
configure:14917: WARNING: *** H3600 Touchscreen driver will not be built.
configure:14927: checking linux/joystick.h usability
configure:14927: gcc -c -O3 -ffast-math -pipe  -D_REENTRANT  conftest.c >&5
configure:14927: $? = 0
configure:14927: result: yes
configure:14927: checking linux/joystick.h presence
configure:14927: gcc -E -D_REENTRANT  conftest.c
configure:14927: $? = 0
configure:14927: result: yes
configure:14927: checking for linux/joystick.h
configure:14927: result: yes
configure:14946: checking linux/input.h usability
configure:14946: gcc -c -O3 -ffast-math -pipe  -D_REENTRANT  conftest.c >&5
configure:14946: $? = 0
configure:14946: result: yes
configure:14946: checking linux/input.h presence
configure:14946: gcc -E -D_REENTRANT  conftest.c
configure:14946: $? = 0
configure:14946: result: yes
configure:14946: checking for linux/input.h
configure:14946: result: yes
configure:14958: checking for struct input_absinfo in linux/input.h
configure:14971: gcc -c -O3 -ffast-math -pipe  -D_REENTRANT  conftest.c >&5
configure:14971: $? = 0
configure:14975: result: yes
configure:15007: checking linux/serial.h usability
configure:15007: gcc -c -O3 -ffast-math -pipe  -D_REENTRANT  conftest.c >&5
configure:15007: $? = 0
configure:15007: result: yes
configure:15007: checking linux/serial.h presence
configure:15007: gcc -E -D_REENTRANT  conftest.c
configure:15007: $? = 0
configure:15007: result: yes
configure:15007: checking for linux/serial.h
configure:15007: result: yes
configure:15021: checking linux/sonypi.h usability
configure:15021: gcc -c -O3 -ffast-math -pipe  -D_REENTRANT  conftest.c >&5
configure:15021: $? = 0
configure:15021: result: yes
configure:15021: checking linux/sonypi.h presence
configure:15021: gcc -E -D_REENTRANT  conftest.c
configure:15021: $? = 0
configure:15021: result: yes
configure:15021: checking for linux/sonypi.h
configure:15021: result: yes
configure:15088: checking for pkg-config
configure:15106: found /usr/bin/pkg-config
configure:15118: result: /usr/bin/pkg-config
configure:15143: checking pkg-config is at least version 0.9.0
configure:15146: result: yes
configure:15156: checking for TSLIB
configure:15163: $PKG_CONFIG --exists --print-errors "tslib-0.0 >= 0.0.2"
Package tslib-0.0 was not found in the pkg-config search path.
Perhaps you should add the directory containing `tslib-0.0.pc'
to the PKG_CONFIG_PATH environment variable
No package 'tslib-0.0' found
configure:15166: $? = 1
configure:15179: $PKG_CONFIG --exists --print-errors "tslib-0.0 >= 0.0.2"
Package tslib-0.0 was not found in the pkg-config search path.
Perhaps you should add the directory containing `tslib-0.0.pc'
to the PKG_CONFIG_PATH environment variable
No package 'tslib-0.0' found
configure:15182: $? = 1
configure:15195: result: no
No package 'tslib-0.0' found
configure:15212: WARNING: *** no tslib -- tslib driver will not be built.
configure:16181: creating ./config.status

## ---------------------- ##
## Running config.status. ##
## ---------------------- ##

This file was extended by config.status, which was
generated by GNU Autoconf 2.68.  Invocation command line was

  CONFIG_FILES    = 
  CONFIG_HEADERS  = 
  CONFIG_LINKS    = 
  CONFIG_COMMANDS = 
  $ ./config.status 

on localhost.localdomain

config.status:1409: creating directfb-config
config.status:1409: creating directfb.pc
config.status:1409: creating directfb-internal.pc
config.status:1409: creating directfb.spec
config.status:1409: creating Makefile
config.status:1409: creating include/Makefile
config.status:1409: creating include/directfb_version.h
config.status:1409: creating lib/Makefile
config.status:1409: creating lib/direct/Makefile
config.status:1409: creating lib/direct/build.h
config.status:1409: creating lib/direct/direct.pc
config.status:1409: creating lib/fusion/Makefile
config.status:1409: creating lib/fusion/build.h
config.status:1409: creating lib/fusion/fusion.pc
config.status:1409: creating lib/fusion/shm/Makefile
config.status:1409: creating lib/voodoo/Makefile
config.status:1409: creating lib/voodoo/build.h
config.status:1409: creating lib/voodoo/voodoo.pc
config.status:1409: creating patches/Makefile
config.status:1409: creating proxy/Makefile
config.status:1409: creating proxy/dispatcher/Makefile
config.status:1409: creating proxy/requestor/Makefile
config.status:1409: creating rules/Makefile
config.status:1409: creating src/Makefile
config.status:1409: creating src/core/Makefile
config.status:1409: creating src/display/Makefile
config.status:1409: creating src/gfx/Makefile
config.status:1409: creating src/gfx/generic/Makefile
config.status:1409: creating src/input/Makefile
config.status:1409: creating src/media/Makefile
config.status:1409: creating src/misc/Makefile
config.status:1409: creating src/windows/Makefile
config.status:1409: creating systems/Makefile
config.status:1409: creating systems/devmem/Makefile
config.status:1409: creating systems/fbdev/Makefile
config.status:1409: creating systems/x11/Makefile
config.status:1409: creating systems/osx/Makefile
config.status:1409: creating systems/sdl/Makefile
config.status:1409: creating systems/vnc/Makefile
config.status:1409: creating wm/Makefile
config.status:1409: creating wm/default/Makefile
config.status:1409: creating wm/unique/Makefile
config.status:1409: creating wm/unique/classes/Makefile
config.status:1409: creating wm/unique/data/Makefile
config.status:1409: creating wm/unique/devices/Makefile
config.status:1409: creating gfxdrivers/Makefile
config.status:1409: creating gfxdrivers/ati128/Makefile
config.status:1409: creating gfxdrivers/cle266/Makefile
config.status:1409: creating gfxdrivers/cyber5k/Makefile
config.status:1409: creating gfxdrivers/davinci/Makefile
config.status:1409: creating gfxdrivers/i810/Makefile
config.status:1409: creating gfxdrivers/i830/Makefile
config.status:1409: creating gfxdrivers/mach64/Makefile
config.status:1409: creating gfxdrivers/matrox/Makefile
config.status:1409: creating gfxdrivers/neomagic/Makefile
config.status:1409: creating gfxdrivers/nsc/Makefile
config.status:1409: creating gfxdrivers/nsc/include/Makefile
config.status:1409: creating gfxdrivers/nvidia/Makefile
config.status:1409: creating gfxdrivers/omap/Makefile
config.status:1409: creating gfxdrivers/radeon/Makefile
config.status:1409: creating gfxdrivers/savage/Makefile
config.status:1409: creating gfxdrivers/sh7722/Makefile
config.status:1409: creating gfxdrivers/sis315/Makefile
config.status:1409: creating gfxdrivers/tdfx/Makefile
config.status:1409: creating gfxdrivers/unichrome/Makefile
config.status:1409: creating gfxdrivers/vmware/Makefile
config.status:1409: creating inputdrivers/Makefile
config.status:1409: creating inputdrivers/dbox2remote/Makefile
config.status:1409: creating inputdrivers/dreamboxremote/Makefile
config.status:1409: creating inputdrivers/dynapro/Makefile
config.status:1409: creating inputdrivers/elo/Makefile
config.status:1409: creating inputdrivers/gunze/Makefile
config.status:1409: creating inputdrivers/h3600_ts/Makefile
config.status:1409: creating inputdrivers/joystick/Makefile
config.status:1409: creating inputdrivers/keyboard/Makefile
config.status:1409: creating inputdrivers/linux_input/Makefile
config.status:1409: creating inputdrivers/lirc/Makefile
config.status:1409: creating inputdrivers/mutouch/Makefile
config.status:1409: creating inputdrivers/penmount/Makefile
config.status:1409: creating inputdrivers/ps2mouse/Makefile
config.status:1409: creating inputdrivers/serialmouse/Makefile
config.status:1409: creating inputdrivers/sonypi/Makefile
config.status:1409: creating inputdrivers/tslib/Makefile
config.status:1409: creating inputdrivers/ucb1x00_ts/Makefile
config.status:1409: creating inputdrivers/wm97xx_ts/Makefile
config.status:1409: creating interfaces/Makefile
config.status:1409: creating interfaces/IDirectFBFont/Makefile
config.status:1409: creating interfaces/IDirectFBImageProvider/Makefile
config.status:1409: creating interfaces/IDirectFBImageProvider/mpeg2/Makefile
config.status:1409: creating interfaces/IDirectFBVideoProvider/Makefile
config.status:1409: creating data/Makefile
config.status:1409: creating tests/Makefile
config.status:1409: creating tools/Makefile
config.status:1409: creating docs/Makefile
config.status:1409: creating docs/dfbg.1
config.status:1409: creating docs/directfb-csource.1
config.status:1409: creating docs/directfbrc.5
config.status:1409: creating docs/html/Makefile
config.status:1409: creating config.h
config.status:1590: config.h is unchanged
config.status:1638: executing depfiles commands
config.status:1638: executing libtool commands
config.status:1638: executing default commands
configure:18575: result:
Build options:
  Version                   1.1.1
  Install prefix            /usr/local
  Build shared libs         yes
  Build static libs         no
  Module directory          ${exec_prefix}/lib/directfb-1.1-0
  CPPFLAGS                  -D_REENTRANT 
  CFLAGS                    -O3 -ffast-math -pipe  -D_GNU_SOURCE  -Werror-implicit-function-declaration
  LDFLAGS                   
  LIBS                      -ldl -lpthread 

Misc options:
  Multi Application Core    no
  Fusion Kernel Device      N/A
  Fusion message size       1024
  Voodoo (network support)  no
  Debug supported           yes
  Debug enabled             no
  Trace support             no
  MMX support               yes
  SSE support               yes
  Network support           yes
  zlib compression          no
  sysfs support             no
  Smooth SW Scaling         no

Building Tests              no
Building Tools              yes

Building System Modules:
  Linux FBDev support       yes
  Generic /dev/mem support  yes
  X11 support               yes
  OSX support               no
  SDL support               no
  VNC support               no

Building Window Manager Modules:
  Default                   yes
  UniQuE                    no

Building Image Provider Modules:
  GIF                       yes
  JPEG                      yes
  MPEG2 I-Frame             yes
  PNG                       yes

Building Video Provider Modules:
  GIF                       yes
  Video4Linux               yes (v2: no)

Building Font Modules:
  FreeType2                 yes
  Default font              yes
configure:18672: result:
Building Graphics Drivers:
  3Dfx Voodoo               yes
  ATI Mach64                yes
  ATI Rage 128              yes
  ATI Radeon                yes
  Intel i810                yes
  Intel i830                yes
  Matrox                    yes
  NeoMagic                  yes
  NSC Geode                 yes
  nVidia                    yes
  Renesas SH7722            yes
  S3 Savage                 yes
  SiS 315                   yes
  TI Davinci                no
  TI OMAP                   no
  TVIA CyberPro             yes
  VIA CLE266                no
  VIA UniChrome             yes
  VMWare                    yes

Building Input Drivers:
  DBox2 Remote              no
  DreamBox Remote           no
  Dynapro Touchscreen       no
  ELO Touchscreen           no
  Gunze Touchscreen         no
  H3600 Touchscreen         no
  Joystick                  yes
  Keyboard                  yes
  Linux Input               yes
  LiRC                      yes
  MuTouch touchscreen       yes
  PS/2 Mouse                yes
  Serial Mouse              yes
  SonyPI Jogdial            yes
  tslib                     no
  ucb1x00 Touchscreen       no
  WM97xx Touchscreen        yes
configure:18716: result:    


## ---------------- ##
## Cache variables. ##
## ---------------- ##

ac_cv_build=x86_64-unknown-linux-gnu
ac_cv_c_bigendian=no
ac_cv_c_compiler_gnu=yes
ac_cv_env_CCASFLAGS_set=
ac_cv_env_CCASFLAGS_value=
ac_cv_env_CCAS_set=
ac_cv_env_CCAS_value=
ac_cv_env_CC_set=
ac_cv_env_CC_value=
ac_cv_env_CFLAGS_set=
ac_cv_env_CFLAGS_value=
ac_cv_env_CPPFLAGS_set=
ac_cv_env_CPPFLAGS_value=
ac_cv_env_CPP_set=
ac_cv_env_CPP_value=
ac_cv_env_LDFLAGS_set=
ac_cv_env_LDFLAGS_value=
ac_cv_env_LIBS_set=
ac_cv_env_LIBS_value=
ac_cv_env_PKG_CONFIG_LIBDIR_set=
ac_cv_env_PKG_CONFIG_LIBDIR_value=
ac_cv_env_PKG_CONFIG_PATH_set=
ac_cv_env_PKG_CONFIG_PATH_value=
ac_cv_env_PKG_CONFIG_set=
ac_cv_env_PKG_CONFIG_value=
ac_cv_env_TSLIB_CFLAGS_set=
ac_cv_env_TSLIB_CFLAGS_value=
ac_cv_env_TSLIB_LIBS_set=
ac_cv_env_TSLIB_LIBS_value=
ac_cv_env_build_alias_set=
ac_cv_env_build_alias_value=
ac_cv_env_host_alias_set=
ac_cv_env_host_alias_value=
ac_cv_env_target_alias_set=
ac_cv_env_target_alias_value=
ac_cv_have_decl_PTHREAD_MUTEX_RECURSIVE=yes
ac_cv_have_decl_PTHREAD_RECURSIVE_MUTEX_INITIALIZER_NP=yes
ac_cv_header_Carbon_Carbon_h=no
ac_cv_header_X11_X_h=yes
ac_cv_header_asm_page_h=no
ac_cv_header_dbox_fp_h=no
ac_cv_header_dlfcn_h=yes
ac_cv_header_inttypes_h=yes
ac_cv_header_jpeglib_h=yes
ac_cv_header_linux_compiler_h=no
ac_cv_header_linux_h3600_ts_h=no
ac_cv_header_linux_input_h=yes
ac_cv_header_linux_joystick_h=yes
ac_cv_header_linux_serial_h=yes
ac_cv_header_linux_sonypi_h=yes
ac_cv_header_linux_unistd_h=yes
ac_cv_header_memory_h=yes
ac_cv_header_stdbool_h=yes
ac_cv_header_stdc=yes
ac_cv_header_stdint_h=yes
ac_cv_header_stdlib_h=yes
ac_cv_header_string_h=yes
ac_cv_header_strings_h=yes
ac_cv_header_sys_stat_h=yes
ac_cv_header_sys_types_h=yes
ac_cv_header_unistd_h=yes
ac_cv_header_zlib_h=yes
ac_cv_host=x86_64-unknown-linux-gnu
ac_cv_lib_dl_dlopen=yes
ac_cv_lib_jpeg_jpeg_destroy_decompress=yes
ac_cv_lib_pthread_pthread_attr_init=yes
ac_cv_lib_sysfs_sysfs_get_mnt_path=no
ac_cv_lib_z_gzsetparams=yes
ac_cv_objext=o
ac_cv_path_EGREP='/usr/bin/grep -E'
ac_cv_path_FGREP='/usr/bin/grep -F'
ac_cv_path_FREETYPE_CONFIG=/usr/bin/freetype-config
ac_cv_path_GREP=/usr/bin/grep
ac_cv_path_LIBPNG_CONFIG=/usr/local/bin/libpng-config
ac_cv_path_MAN2HTML=no
ac_cv_path_PERL=/usr/bin/perl
ac_cv_path_SED=/usr/bin/sed
ac_cv_path_VNC_CONFIG=no
ac_cv_path_ac_pt_PKG_CONFIG=/usr/bin/pkg-config
ac_cv_path_install='/usr/bin/install -c'
ac_cv_path_mkdir=/usr/bin/mkdir
ac_cv_prog_AWK=gawk
ac_cv_prog_CPP='gcc -E'
ac_cv_prog_ac_ct_AR=ar
ac_cv_prog_ac_ct_CC=gcc
ac_cv_prog_ac_ct_OBJDUMP=objdump
ac_cv_prog_ac_ct_RANLIB=ranlib
ac_cv_prog_ac_ct_STRIP=strip
ac_cv_prog_cc_c89=
ac_cv_prog_cc_g=yes
ac_cv_prog_cc_gcc_c_o=yes
ac_cv_prog_make_make_set=yes
ac_cv_search_strerror='none required'
ac_cv_sizeof_int=4
ac_cv_sizeof_long=8
ac_cv_sizeof_long_long=8
ac_cv_target=x86_64-unknown-linux-gnu
am_cv_CCAS_dependencies_compiler_type=gcc3
am_cv_CC_dependencies_compiler_type=gcc3
lt_cv_ar_at_file=@
lt_cv_archive_cmds_need_lc=no
lt_cv_deplibs_check_method=pass_all
lt_cv_file_magic_cmd='$MAGIC_CMD'
lt_cv_file_magic_test_file=
lt_cv_ld_reload_flag=-r
lt_cv_nm_interface='BSD nm'
lt_cv_objdir=.libs
lt_cv_path_LD=/usr/bin/ld
lt_cv_path_NM='/usr/bin/nm -B'
lt_cv_path_mainfest_tool=no
lt_cv_prog_compiler_c_o=yes
lt_cv_prog_compiler_pic='-fPIC -DPIC'
lt_cv_prog_compiler_pic_works=yes
lt_cv_prog_compiler_rtti_exceptions=no
lt_cv_prog_compiler_static_works=no
lt_cv_prog_gnu_ld=yes
lt_cv_sharedlib_from_linklib_cmd='printf %s\n'
lt_cv_shlibpath_overrides_runpath=no
lt_cv_sys_global_symbol_pipe='sed -n -e '\''s/^.*[	 ]\([ABCDGIRSTW][ABCDGIRSTW]*\)[	 ][	 ]*\([_A-Za-z][_A-Za-z0-9]*\)$/\1 \2 \2/p'\'' | sed '\''/ __gnu_lto/d'\'''
lt_cv_sys_global_symbol_to_c_name_address='sed -n -e '\''s/^: \([^ ]*\)[ ]*$/  {\"\1\", (void *) 0},/p'\'' -e '\''s/^[ABCDGIRSTW]* \([^ ]*\) \([^ ]*\)$/  {"\2", (void *) \&\2},/p'\'''
lt_cv_sys_global_symbol_to_c_name_address_lib_prefix='sed -n -e '\''s/^: \([^ ]*\)[ ]*$/  {\"\1\", (void *) 0},/p'\'' -e '\''s/^[ABCDGIRSTW]* \([^ ]*\) \(lib[^ ]*\)$/  {"\2", (void *) \&\2},/p'\'' -e '\''s/^[ABCDGIRSTW]* \([^ ]*\) \([^ ]*\)$/  {"lib\2", (void *) \&\2},/p'\'''
lt_cv_sys_global_symbol_to_cdecl='sed -n -e '\''s/^T .* \(.*\)$/extern int \1();/p'\'' -e '\''s/^[ABCDGIRSTW]* .* \(.*\)$/extern char \1;/p'\'''
lt_cv_sys_max_cmd_len=1572864
lt_cv_to_host_file_cmd=func_convert_file_noop
lt_cv_to_tool_file_cmd=func_convert_file_noop

## ----------------- ##
## Output variables. ##
## ----------------- ##

ACLOCAL='${SHELL} /home/samuel/os/1.06/contrib/DirectFB-1.1.1/missing --run aclocal-1.11 '
AMDEPBACKSLASH='\'
AMDEP_FALSE='#'
AMDEP_TRUE=''
AMTAR='$${TAR-tar}'
AR='ar'
AS='gcc'
ASFLAGS='-O3 -ffast-math -pipe '
AUTOCONF='${SHELL} /home/samuel/os/1.06/contrib/DirectFB-1.1.1/missing --run autoconf'
AUTOHEADER='${SHELL} /home/samuel/os/1.06/contrib/DirectFB-1.1.1/missing --run autoheader'
AUTOMAKE='${SHELL} /home/samuel/os/1.06/contrib/DirectFB-1.1.1/missing --run automake-1.11'
AWK='gawk'
BUILDMMX_FALSE='#'
BUILDMMX_TRUE=''
BUILDPPCASM_FALSE=''
BUILDPPCASM_TRUE='#'
BUILD_DIRECTFB_CSOURCE_FALSE='#'
BUILD_DIRECTFB_CSOURCE_TRUE=''
BUILD_SHARED_FALSE='#'
BUILD_SHARED_TRUE=''
BUILD_STATIC_FALSE=''
BUILD_STATIC_TRUE='#'
BUILD_TESTS_FALSE=''
BUILD_TESTS_TRUE='#'
BUILD_TOOLS_FALSE='#'
BUILD_TOOLS_TRUE=''
CC='gcc'
CCAS='gcc'
CCASDEPMODE='depmode=gcc3'
CCASFLAGS='-g -O2'
CCDEPMODE='depmode=gcc3'
CFLAGS='-O3 -ffast-math -pipe  -D_GNU_SOURCE  -Werror-implicit-function-declaration'
CPP='gcc -E'
CPPFLAGS='-D_REENTRANT '
CROSS_COMPILING_FALSE=''
CROSS_COMPILING_TRUE='#'
CYGPATH_W='echo'
DATADIR='${datarootdir}/directfb-1.1.1'
DBOX2REMOTE_FALSE=''
DBOX2REMOTE_TRUE='#'
DEFS='-DHAVE_CONFIG_H'
DEPDIR='.deps'
DEVMEM_CORE_FALSE='#'
DEVMEM_CORE_TRUE=''
DFB_CFLAGS_OMIT_FRAME_POINTER='-fomit-frame-pointer'
DFB_INTERNAL_CFLAGS='-D_GNU_SOURCE '
DFB_LDFLAGS=' -lz'
DFB_SMOOTH_SCALING=''
DIRECTFB_BINARY_AGE='1'
DIRECTFB_CSOURCE=''
DIRECTFB_INTERFACE_AGE='0'
DIRECTFB_MAJOR_VERSION='1'
DIRECTFB_MICRO_VERSION='1'
DIRECTFB_MINOR_VERSION='1'
DIRECTFB_VERSION='1.1.1'
DIRECT_BUILD_DEBUG='0'
DIRECT_BUILD_DEBUGS='1'
DIRECT_BUILD_GETTID='1'
DIRECT_BUILD_NETWORK='1'
DIRECT_BUILD_STDBOOL='1'
DIRECT_BUILD_TEXT='1'
DIRECT_BUILD_TRACE='0'
DLLTOOL='false'
DREAMBOXREMOTE_FALSE=''
DREAMBOXREMOTE_TRUE='#'
DSYMUTIL=''
DUMPBIN=''
DYNAPRO_INPUT_FALSE=''
DYNAPRO_INPUT_TRUE='#'
DYNLIB='-ldl'
ECHO_C=''
ECHO_N='-n'
ECHO_T=''
EGREP='/usr/bin/grep -E'
ELO_INPUT_FALSE=''
ELO_INPUT_TRUE='#'
ENABLE_DEBUGS_FALSE='#'
ENABLE_DEBUGS_TRUE=''
ENABLE_DEBUG_FALSE=''
ENABLE_DEBUG_TRUE='#'
ENABLE_MULTI_FALSE=''
ENABLE_MULTI_TRUE='#'
ENABLE_TRACE_FALSE=''
ENABLE_TRACE_TRUE='#'
ENABLE_UNIQUE_FALSE=''
ENABLE_UNIQUE_TRUE='#'
ENABLE_VOODOO_FALSE=''
ENABLE_VOODOO_TRUE='#'
EXEEXT=''
FBDEV_CORE_FALSE='#'
FBDEV_CORE_TRUE=''
FGREP='/usr/bin/grep -F'
FREETYPE_CFLAGS='-I/usr/include/freetype2'
FREETYPE_CONFIG='/usr/bin/freetype-config'
FREETYPE_LIBS='-lfreetype'
FREETYPE_PROVIDER=''
FREETYPE_PROVIDER_FALSE='#'
FREETYPE_PROVIDER_TRUE=''
FUSION_BUILD_KERNEL='0'
FUSION_BUILD_MULTI='0'
FUSION_MESSAGE_SIZE='1024'
GFX_ATI128_FALSE='#'
GFX_ATI128_TRUE=''
GFX_CLE266_FALSE=''
GFX_CLE266_TRUE='#'
GFX_CYBER5K_FALSE='#'
GFX_CYBER5K_TRUE=''
GFX_DAVINCI_FALSE=''
GFX_DAVINCI_TRUE='#'
GFX_I810_FALSE='#'
GFX_I810_TRUE=''
GFX_I830_FALSE='#'
GFX_I830_TRUE=''
GFX_MACH64_FALSE='#'
GFX_MACH64_TRUE=''
GFX_MATROX_FALSE='#'
GFX_MATROX_TRUE=''
GFX_NEOMAGIC_FALSE='#'
GFX_NEOMAGIC_TRUE=''
GFX_NSC_FALSE='#'
GFX_NSC_TRUE=''
GFX_NVIDIA_FALSE='#'
GFX_NVIDIA_TRUE=''
GFX_OMAP_FALSE=''
GFX_OMAP_TRUE='#'
GFX_RADEON_FALSE='#'
GFX_RADEON_TRUE=''
GFX_SAVAGE_FALSE='#'
GFX_SAVAGE_TRUE=''
GFX_SH7722_FALSE='#'
GFX_SH7722_TRUE=''
GFX_SIS315_FALSE='#'
GFX_SIS315_TRUE=''
GFX_TDFX_FALSE='#'
GFX_TDFX_TRUE=''
GFX_UNICHROME_FALSE='#'
GFX_UNICHROME_TRUE=''
GFX_VMWARE_FALSE='#'
GFX_VMWARE_TRUE=''
GIF_PROVIDER=''
GIF_PROVIDER_FALSE='#'
GIF_PROVIDER_TRUE=''
GREP='/usr/bin/grep'
GUNZE_INPUT_FALSE=''
GUNZE_INPUT_TRUE='#'
H3600_TS_FALSE=''
H3600_TS_TRUE='#'
HAVE_LINUX=''
HAVE_LINUX_FALSE='#'
HAVE_LINUX_TRUE=''
HAVE_MAN2HTML_FALSE=''
HAVE_MAN2HTML_TRUE='#'
INCLUDEDIR='${prefix}/include/directfb'
INSTALL_DATA='${INSTALL} -m 644'
INSTALL_PROGRAM='${INSTALL}'
INSTALL_SCRIPT='${INSTALL}'
INSTALL_STRIP_PROGRAM='$(install_sh) -c -s'
INTERNALINCLUDEDIR='${prefix}/include/directfb-internal'
JOYSTICK_INPUT_FALSE='#'
JOYSTICK_INPUT_TRUE=''
JPEG_PROVIDER=''
JPEG_PROVIDER_FALSE='#'
JPEG_PROVIDER_TRUE=''
KEYBOARD_INPUT_FALSE='#'
KEYBOARD_INPUT_TRUE=''
LD='/usr/bin/ld -m elf_x86_64'
LDFLAGS=''
LIBJPEG='-ljpeg'
LIBOBJS=''
LIBPNG='-lpng15'
LIBPNG_CONFIG='/usr/local/bin/libpng-config'
LIBS='-ldl -lpthread '
LIBTOOL='$(SHELL) $(top_builddir)/libtool'
LINUX_INPUT_FALSE='#'
LINUX_INPUT_TRUE=''
LIPO=''
LIRC_INPUT_FALSE='#'
LIRC_INPUT_TRUE=''
LN_S='ln -s'
LTLIBOBJS=''
LT_AGE='1'
LT_BINARY='0'
LT_CURRENT='1'
LT_RELEASE='1.1'
LT_REVISION='0'
MAINT='#'
MAINTAINER_MODE_FALSE=''
MAINTAINER_MODE_TRUE='#'
MAKEINFO='${SHELL} /home/samuel/os/1.06/contrib/DirectFB-1.1.1/missing --run makeinfo'
MAN2HTML='no'
MANIFEST_TOOL=':'
MKDIR_P='/usr/bin/mkdir -p'
MODULEDIR='${exec_prefix}/lib/directfb-1.1-0'
MODULEDIRNAME='directfb-1.1-0'
MUTOUCH_TS_FALSE='#'
MUTOUCH_TS_TRUE=''
NM='/usr/bin/nm -B'
NMEDIT=''
OBJDUMP='objdump'
OBJEXT='o'
OSX_CORE_FALSE=''
OSX_CORE_TRUE='#'
OSX_LIBS=''
OTOOL64=''
OTOOL=''
PACKAGE='DirectFB'
PACKAGE_BUGREPORT=''
PACKAGE_NAME=''
PACKAGE_STRING=''
PACKAGE_TARNAME=''
PACKAGE_URL=''
PACKAGE_VERSION=''
PATH_SEPARATOR=':'
PENMOUNT_TS_FALSE='#'
PENMOUNT_TS_TRUE=''
PERL='/usr/bin/perl'
PKG_CONFIG='/usr/bin/pkg-config'
PKG_CONFIG_LIBDIR=''
PKG_CONFIG_PATH=''
PNG_PROVIDER=''
PNG_PROVIDER_FALSE='#'
PNG_PROVIDER_TRUE=''
PS2MOUSE_INPUT_FALSE='#'
PS2MOUSE_INPUT_TRUE=''
RANLIB='ranlib'
RUNTIME_SYSROOT=''
SDL_CFLAGS=''
SDL_CONFIG=''
SDL_CORE_FALSE=''
SDL_CORE_TRUE='#'
SDL_LIBS=''
SED='/usr/bin/sed'
SERIAL_MOUSE_INPUT_FALSE='#'
SERIAL_MOUSE_INPUT_TRUE=''
SET_MAKE=''
SHELL='/bin/sh'
SONYPI_FALSE='#'
SONYPI_TRUE=''
SOPATH='${exec_prefix}/lib/libdirectfb-1.1.so.1'
STRIP='strip'
SYSCONFDIR='/usr/local/etc'
SYSFS_LIBS=''
THREADFLAGS='-D_REENTRANT'
THREADLIB='-lpthread'
TSLIB_CFLAGS=''
TSLIB_FALSE=''
TSLIB_LIBS=''
TSLIB_TRUE='#'
UCB1X00_TS_FALSE=''
UCB1X00_TS_TRUE='#'
V4L_PROVIDER_FALSE='#'
V4L_PROVIDER_TRUE=''
VERSION='1.1.1'
VNC_CFLAGS=''
VNC_CONFIG='no'
VNC_CORE_FALSE=''
VNC_CORE_TRUE='#'
VNC_LIBS=''
WM97XX_TS_FALSE='#'
WM97XX_TS_TRUE=''
X11_CFLAGS='-I/usr/X11R6/include'
X11_CORE_FALSE='#'
X11_CORE_TRUE=''
X11_LIBS='-L/usr/X11R6/lib -lX11 -lXext'
ZLIB_LIBS='-lz'
ac_ct_AR='ar'
ac_ct_CC='gcc'
ac_ct_DUMPBIN=''
am__EXEEXT_FALSE=''
am__EXEEXT_TRUE='#'
am__fastdepCCAS_FALSE='#'
am__fastdepCCAS_TRUE=''
am__fastdepCC_FALSE='#'
am__fastdepCC_TRUE=''
am__include='include'
am__isrc=''
am__leading_dot='.'
am__nodep='_no'
am__quote=''
am__tar='$${TAR-tar} chof - "$$tardir"'
am__untar='$${TAR-tar} xf -'
bindir='${exec_prefix}/bin'
build='x86_64-unknown-linux-gnu'
build_alias=''
build_cpu='x86_64'
build_os='linux-gnu'
build_vendor='unknown'
datadir='${datarootdir}'
datarootdir='${prefix}/share'
docdir='${datarootdir}/doc/${PACKAGE}'
dvidir='${docdir}'
exec_prefix='${prefix}'
host='x86_64-unknown-linux-gnu'
host_alias=''
host_cpu='x86_64'
host_os='linux-gnu'
host_vendor='unknown'
htmldir='${docdir}'
includedir='${prefix}/include'
infodir='${datarootdir}/info'
install_sh='${SHELL} /home/samuel/os/1.06/contrib/DirectFB-1.1.1/install-sh'
libdir='${exec_prefix}/lib'
libexecdir='${exec_prefix}/libexec'
localedir='${datarootdir}/locale'
localstatedir='${prefix}/var'
mandir='${datarootdir}/man'
mkdir_p='/usr/bin/mkdir -p'
oldincludedir='/usr/include'
pdfdir='${docdir}'
prefix='/usr/local'
program_transform_name='s,x,x,'
psdir='${docdir}'
sbindir='${exec_prefix}/sbin'
sharedstatedir='${prefix}/com'
sysconfdir='${prefix}/etc'
target='x86_64-unknown-linux-gnu'
target_alias=''
target_cpu='x86_64'
target_os='linux-gnu'
target_vendor='unknown'

## ----------- ##
## confdefs.h. ##
## ----------- ##

/* confdefs.h */
#define PACKAGE_NAME ""
#define PACKAGE_TARNAME ""
#define PACKAGE_VERSION ""
#define PACKAGE_STRING ""
#define PACKAGE_BUGREPORT ""
#define PACKAGE_URL ""
#define DIRECTFB_VERSION "1.1.1"
#define STDC_HEADERS 1
#define HAVE_SYS_TYPES_H 1
#define HAVE_SYS_STAT_H 1
#define HAVE_STDLIB_H 1
#define HAVE_STRING_H 1
#define HAVE_MEMORY_H 1
#define HAVE_STRINGS_H 1
#define HAVE_INTTYPES_H 1
#define HAVE_STDINT_H 1
#define HAVE_UNISTD_H 1
#define HAVE_DLFCN_H 1
#define LT_OBJDIR ".libs/"
#define STDC_HEADERS 1
#define SIZEOF_INT 4
#define SIZEOF_LONG 8
#define SIZEOF_LONG_LONG 8
#define HAVE_LINUX_UNISTD_H 1
#define ARCH_X86_64 1
#define HAVE_LIBPTHREAD 1
#define HAVE_DECL_PTHREAD_MUTEX_RECURSIVE 1
#define HAVE_DECL_PTHREAD_RECURSIVE_MUTEX_INITIALIZER_NP 1
#define HAVE_LIBDL 1
#define HAVE_INB_OUTB_IOPL 1
#define HAVE_SYSIO 1
#define USE_MMX 1
#define USE_SSE 1
#define LINUX_INPUT_USE_FBDEV 1
#define HAVE_INPUT_ABSINFO 1

configure: exit 0
