This file contains any messages produced by compilers while
running configure, to aid debugging if configure makes a mistake.

It was created by RSVG configure 2.36.3, which was
generated by GNU Autoconf 2.68.  Invocation command line was

  $ ./configure 

## --------- ##
## Platform. ##
## --------- ##

hostname = samuel-M61SME-S2
uname -m = x86_64
uname -r = 3.2.0-32-generic
uname -s = Linux
uname -v = #51-Ubuntu SMP Wed Sep 26 21:33:09 UTC 2012

/usr/bin/uname -p = unknown
/bin/uname -X     = unknown

/bin/arch              = unknown
/usr/bin/arch -k       = unknown
/usr/convex/getsysinfo = unknown
/usr/bin/hostinfo      = unknown
/bin/machine           = unknown
/usr/bin/oslevel       = unknown
/bin/universe          = unknown

PATH: /usr/lib/lightdm/lightdm
PATH: /usr/local/sbin
PATH: /usr/local/bin
PATH: /usr/sbin
PATH: /usr/bin
PATH: /sbin
PATH: /bin
PATH: /usr/games


## ----------- ##
## Core tests. ##
## ----------- ##

configure:2397: checking for a BSD-compatible install
configure:2465: result: /usr/bin/install -c
configure:2476: checking whether build environment is sane
configure:2526: result: yes
configure:2667: checking for a thread-safe mkdir -p
configure:2706: result: /bin/mkdir -p
configure:2719: checking for gawk
configure:2749: result: no
configure:2719: checking for mawk
configure:2735: found /usr/bin/mawk
configure:2746: result: mawk
configure:2757: checking whether make sets $(MAKE)
configure:2779: result: yes
configure:2870: checking whether make supports nested variables
configure:2887: result: yes
configure:2900: checking whether to enable maintainer-specific portions of Makefiles
configure:2909: result: yes
configure:2957: checking whether ln -s works
configure:2961: result: yes
configure:2980: checking for style of include used by make
configure:3008: result: GNU
configure:3079: checking for gcc
configure:3095: found /usr/bin/gcc
configure:3106: result: gcc
configure:3335: checking for C compiler version
configure:3344: gcc --version >&5
gcc (Ubuntu/Linaro 4.6.3-1ubuntu5) 4.6.3
Copyright (C) 2011 Free Software Foundation, Inc.
This is free software; see the source for copying conditions.  There is NO
warranty; not even for MERCHANTABILITY or FITNESS FOR A PARTICULAR PURPOSE.

configure:3355: $? = 0
configure:3344: gcc -v >&5
Using built-in specs.
COLLECT_GCC=gcc
COLLECT_LTO_WRAPPER=/usr/lib/gcc/x86_64-linux-gnu/4.6/lto-wrapper
Target: x86_64-linux-gnu
Configured with: ../src/configure -v --with-pkgversion='Ubuntu/Linaro 4.6.3-1ubuntu5' --with-bugurl=file:///usr/share/doc/gcc-4.6/README.Bugs --enable-languages=c,c++,fortran,objc,obj-c++ --prefix=/usr --program-suffix=-4.6 --enable-shared --enable-linker-build-id --with-system-zlib --libexecdir=/usr/lib --without-included-gettext --enable-threads=posix --with-gxx-include-dir=/usr/include/c++/4.6 --libdir=/usr/lib --enable-nls --with-sysroot=/ --enable-clocale=gnu --enable-libstdcxx-debug --enable-libstdcxx-time=yes --enable-gnu-unique-object --enable-plugin --enable-objc-gc --disable-werror --with-arch-32=i686 --with-tune=generic --enable-checking=release --build=x86_64-linux-gnu --host=x86_64-linux-gnu --target=x86_64-linux-gnu
Thread model: posix
gcc version 4.6.3 (Ubuntu/Linaro 4.6.3-1ubuntu5) 
configure:3355: $? = 0
configure:3344: gcc -V >&5
gcc: error: unrecognized option '-V'
gcc: fatal error: no input files
compilation terminated.
configure:3355: $? = 4
configure:3344: gcc -qversion >&5
gcc: error: unrecognized option '-qversion'
gcc: fatal error: no input files
compilation terminated.
configure:3355: $? = 4
configure:3375: checking whether the C compiler works
configure:3397: gcc    conftest.c  >&5
configure:3401: $? = 0
configure:3449: result: yes
configure:3452: checking for C compiler default output file name
configure:3454: result: a.out
configure:3460: checking for suffix of executables
configure:3467: gcc -o conftest    conftest.c  >&5
configure:3471: $? = 0
configure:3493: result: 
configure:3515: checking whether we are cross compiling
configure:3523: gcc -o conftest    conftest.c  >&5
configure:3527: $? = 0
configure:3534: ./conftest
configure:3538: $? = 0
configure:3553: result: no
configure:3558: checking for suffix of object files
configure:3580: gcc -c   conftest.c >&5
configure:3584: $? = 0
configure:3605: result: o
configure:3609: checking whether we are using the GNU C compiler
configure:3628: gcc -c   conftest.c >&5
configure:3628: $? = 0
configure:3637: result: yes
configure:3646: checking whether gcc accepts -g
configure:3666: gcc -c -g  conftest.c >&5
configure:3666: $? = 0
configure:3707: result: yes
configure:3724: checking for gcc option to accept ISO C89
configure:3788: gcc  -c -g -O2  conftest.c >&5
configure:3788: $? = 0
configure:3801: result: none needed
configure:3823: checking dependency style of gcc
configure:3934: result: gcc3
configure:3950: checking for library containing strerror
configure:3981: gcc -o conftest -g -O2   conftest.c  >&5
configure:3981: $? = 0
configure:3998: result: none required
configure:4054: checking for gcc
configure:4081: result: gcc
configure:4310: checking for C compiler version
configure:4319: gcc --version >&5
gcc (Ubuntu/Linaro 4.6.3-1ubuntu5) 4.6.3
Copyright (C) 2011 Free Software Foundation, Inc.
This is free software; see the source for copying conditions.  There is NO
warranty; not even for MERCHANTABILITY or FITNESS FOR A PARTICULAR PURPOSE.

configure:4330: $? = 0
configure:4319: gcc -v >&5
Using built-in specs.
COLLECT_GCC=gcc
COLLECT_LTO_WRAPPER=/usr/lib/gcc/x86_64-linux-gnu/4.6/lto-wrapper
Target: x86_64-linux-gnu
Configured with: ../src/configure -v --with-pkgversion='Ubuntu/Linaro 4.6.3-1ubuntu5' --with-bugurl=file:///usr/share/doc/gcc-4.6/README.Bugs --enable-languages=c,c++,fortran,objc,obj-c++ --prefix=/usr --program-suffix=-4.6 --enable-shared --enable-linker-build-id --with-system-zlib --libexecdir=/usr/lib --without-included-gettext --enable-threads=posix --with-gxx-include-dir=/usr/include/c++/4.6 --libdir=/usr/lib --enable-nls --with-sysroot=/ --enable-clocale=gnu --enable-libstdcxx-debug --enable-libstdcxx-time=yes --enable-gnu-unique-object --enable-plugin --enable-objc-gc --disable-werror --with-arch-32=i686 --with-tune=generic --enable-checking=release --build=x86_64-linux-gnu --host=x86_64-linux-gnu --target=x86_64-linux-gnu
Thread model: posix
gcc version 4.6.3 (Ubuntu/Linaro 4.6.3-1ubuntu5) 
configure:4330: $? = 0
configure:4319: gcc -V >&5
gcc: error: unrecognized option '-V'
gcc: fatal error: no input files
compilation terminated.
configure:4330: $? = 4
configure:4319: gcc -qversion >&5
gcc: error: unrecognized option '-qversion'
gcc: fatal error: no input files
compilation terminated.
configure:4330: $? = 4
configure:4334: checking whether we are using the GNU C compiler
configure:4362: result: yes
configure:4371: checking whether gcc accepts -g
configure:4432: result: yes
configure:4449: checking for gcc option to accept ISO C89
configure:4526: result: none needed
configure:4548: checking dependency style of gcc
configure:4659: result: gcc3
configure:4679: checking how to run the C preprocessor
configure:4710: gcc -E  conftest.c
configure:4710: $? = 0
configure:4724: gcc -E  conftest.c
conftest.c:11:28: fatal error: ac_nonexistent.h: No such file or directory
compilation terminated.
configure:4724: $? = 1
configure: failed program was:
| /* confdefs.h */
| #define PACKAGE_NAME "RSVG"
| #define PACKAGE_TARNAME "librsvg"
| #define PACKAGE_VERSION "2.36.3"
| #define PACKAGE_STRING "RSVG 2.36.3"
| #define PACKAGE_BUGREPORT "https://bugzilla.gnome.org/enter_bug.cgi?product=librsvg"
| #define PACKAGE_URL ""
| #define PACKAGE "librsvg"
| #define VERSION "2.36.3"
| /* end confdefs.h.  */
| #include <ac_nonexistent.h>
configure:4749: result: gcc -E
configure:4769: gcc -E  conftest.c
configure:4769: $? = 0
configure:4783: gcc -E  conftest.c
conftest.c:11:28: fatal error: ac_nonexistent.h: No such file or directory
compilation terminated.
configure:4783: $? = 1
configure: failed program was:
| /* confdefs.h */
| #define PACKAGE_NAME "RSVG"
| #define PACKAGE_TARNAME "librsvg"
| #define PACKAGE_VERSION "2.36.3"
| #define PACKAGE_STRING "RSVG 2.36.3"
| #define PACKAGE_BUGREPORT "https://bugzilla.gnome.org/enter_bug.cgi?product=librsvg"
| #define PACKAGE_URL ""
| #define PACKAGE "librsvg"
| #define VERSION "2.36.3"
| /* end confdefs.h.  */
| #include <ac_nonexistent.h>
configure:4815: checking for gawk
configure:4842: result: mawk
configure:4854: checking for grep that handles long lines and -e
configure:4912: result: /bin/grep
configure:4917: checking for egrep
configure:4979: result: /bin/grep -E
configure:4984: checking for ANSI C header files
configure:5004: gcc -c -g -O2  conftest.c >&5
configure:5004: $? = 0
configure:5077: gcc -o conftest -g -O2   conftest.c  >&5
configure:5077: $? = 0
configure:5077: ./conftest
configure:5077: $? = 0
configure:5088: result: yes
configure:5097: checking whether gcc and cc understand -c and -o together
configure:5128: gcc -c conftest.c -o conftest2.o >&5
configure:5132: $? = 0
configure:5138: gcc -c conftest.c -o conftest2.o >&5
configure:5142: $? = 0
configure:5153: cc -c conftest.c >&5
configure:5157: $? = 0
configure:5165: cc -c conftest.c -o conftest2.o >&5
configure:5169: $? = 0
configure:5175: cc -c conftest.c -o conftest2.o >&5
configure:5179: $? = 0
configure:5197: result: yes
configure:5228: checking for sys/types.h
configure:5228: gcc -c -g -O2  conftest.c >&5
configure:5228: $? = 0
configure:5228: result: yes
configure:5228: checking for sys/stat.h
configure:5228: gcc -c -g -O2  conftest.c >&5
configure:5228: $? = 0
configure:5228: result: yes
configure:5228: checking for stdlib.h
configure:5228: gcc -c -g -O2  conftest.c >&5
configure:5228: $? = 0
configure:5228: result: yes
configure:5228: checking for string.h
configure:5228: gcc -c -g -O2  conftest.c >&5
configure:5228: $? = 0
configure:5228: result: yes
configure:5228: checking for memory.h
configure:5228: gcc -c -g -O2  conftest.c >&5
configure:5228: $? = 0
configure:5228: result: yes
configure:5228: checking for strings.h
configure:5228: gcc -c -g -O2  conftest.c >&5
configure:5228: $? = 0
configure:5228: result: yes
configure:5228: checking for inttypes.h
configure:5228: gcc -c -g -O2  conftest.c >&5
configure:5228: $? = 0
configure:5228: result: yes
configure:5228: checking for stdint.h
configure:5228: gcc -c -g -O2  conftest.c >&5
configure:5228: $? = 0
configure:5228: result: yes
configure:5228: checking for unistd.h
configure:5228: gcc -c -g -O2  conftest.c >&5
configure:5228: $? = 0
configure:5228: result: yes
configure:5240: checking whether byte ordering is bigendian
configure:5255: gcc -c -g -O2  conftest.c >&5
conftest.c:22:9: error: unknown type name 'not'
conftest.c:22:15: error: expected '=', ',', ';', 'asm' or '__attribute__' before 'universal'
conftest.c:22:15: error: unknown type name 'universal'
configure:5255: $? = 1
configure: failed program was:
| /* confdefs.h */
| #define PACKAGE_NAME "RSVG"
| #define PACKAGE_TARNAME "librsvg"
| #define PACKAGE_VERSION "2.36.3"
| #define PACKAGE_STRING "RSVG 2.36.3"
| #define PACKAGE_BUGREPORT "https://bugzilla.gnome.org/enter_bug.cgi?product=librsvg"
| #define PACKAGE_URL ""
| #define PACKAGE "librsvg"
| #define VERSION "2.36.3"
| #define STDC_HEADERS 1
| #define HAVE_SYS_TYPES_H 1
| #define HAVE_SYS_STAT_H 1
| #define HAVE_STDLIB_H 1
| #define HAVE_STRING_H 1
| #define HAVE_MEMORY_H 1
| #define HAVE_STRINGS_H 1
| #define HAVE_INTTYPES_H 1
| #define HAVE_STDINT_H 1
| #define HAVE_UNISTD_H 1
| /* end confdefs.h.  */
| #ifndef __APPLE_CC__
| 	       not a universal capable compiler
| 	     #endif
| 	     typedef int dummy;
| 
configure:5300: gcc -c -g -O2  conftest.c >&5
configure:5300: $? = 0
configure:5318: gcc -c -g -O2  conftest.c >&5
conftest.c: In function 'main':
conftest.c:28:4: error: unknown type name 'not'
conftest.c:28:12: error: expected '=', ',', ';', 'asm' or '__attribute__' before 'endian'
configure:5318: $? = 1
configure: failed program was:
| /* confdefs.h */
| #define PACKAGE_NAME "RSVG"
| #define PACKAGE_TARNAME "librsvg"
| #define PACKAGE_VERSION "2.36.3"
| #define PACKAGE_STRING "RSVG 2.36.3"
| #define PACKAGE_BUGREPORT "https://bugzilla.gnome.org/enter_bug.cgi?product=librsvg"
| #define PACKAGE_URL ""
| #define PACKAGE "librsvg"
| #define VERSION "2.36.3"
| #define STDC_HEADERS 1
| #define HAVE_SYS_TYPES_H 1
| #define HAVE_SYS_STAT_H 1
| #define HAVE_STDLIB_H 1
| #define HAVE_STRING_H 1
| #define HAVE_MEMORY_H 1
| #define HAVE_STRINGS_H 1
| #define HAVE_INTTYPES_H 1
| #define HAVE_STDINT_H 1
| #define HAVE_UNISTD_H 1
| /* end confdefs.h.  */
| #include <sys/types.h>
| 		#include <sys/param.h>
| 
| int
| main ()
| {
| #if BYTE_ORDER != BIG_ENDIAN
| 		 not big endian
| 		#endif
| 
|   ;
|   return 0;
| }
configure:5446: result: no
configure:5518: checking for pkg-config
configure:5536: found /usr/bin/pkg-config
configure:5548: result: /usr/bin/pkg-config
configure:5573: checking pkg-config is at least version 0.9.0
configure:5576: result: yes
configure:5614: checking build system type
configure:5628: result: x86_64-unknown-linux-gnu
configure:5648: checking host system type
configure:5661: result: x86_64-unknown-linux-gnu
configure:5702: checking how to print strings
configure:5729: result: printf
configure:5750: checking for a sed that does not truncate output
configure:5814: result: /bin/sed
configure:5832: checking for fgrep
configure:5894: result: /bin/grep -F
configure:5929: checking for ld used by gcc
configure:5996: result: /usr/bin/ld
configure:6003: checking if the linker (/usr/bin/ld) is GNU ld
configure:6018: result: yes
configure:6030: checking for BSD- or MS-compatible name lister (nm)
configure:6079: result: /usr/bin/nm -B
configure:6209: checking the name lister (/usr/bin/nm -B) interface
configure:6216: gcc -c -g -O2  conftest.c >&5
configure:6219: /usr/bin/nm -B "conftest.o"
configure:6222: output
0000000000000000 B some_variable
configure:6229: result: BSD nm
configure:6233: checking the maximum length of command line arguments
configure:6363: result: 1572864
configure:6380: checking whether the shell understands some XSI constructs
configure:6390: result: yes
configure:6394: checking whether the shell understands "+="
configure:6400: result: yes
configure:6435: checking how to convert x86_64-unknown-linux-gnu file names to x86_64-unknown-linux-gnu format
configure:6475: result: func_convert_file_noop
configure:6482: checking how to convert x86_64-unknown-linux-gnu file names to toolchain format
configure:6502: result: func_convert_file_noop
configure:6509: checking for /usr/bin/ld option to reload object files
configure:6516: result: -r
configure:6590: checking for objdump
configure:6606: found /usr/bin/objdump
configure:6617: result: objdump
configure:6646: checking how to recognize dependent libraries
configure:6848: result: pass_all
configure:6933: checking for dlltool
configure:6963: result: no
configure:6990: checking how to associate runtime and link libraries
configure:7017: result: printf %s\n
configure:7077: checking for ar
configure:7093: found /usr/bin/ar
configure:7104: result: ar
configure:7141: checking for archiver @FILE support
configure:7158: gcc -c -g -O2  conftest.c >&5
configure:7158: $? = 0
configure:7161: ar cru libconftest.a @conftest.lst >&5
configure:7164: $? = 0
configure:7169: ar cru libconftest.a @conftest.lst >&5
ar: conftest.o: No such file or directory
configure:7172: $? = 1
configure:7184: result: @
configure:7242: checking for strip
configure:7258: found /usr/bin/strip
configure:7269: result: strip
configure:7341: checking for ranlib
configure:7357: found /usr/bin/ranlib
configure:7368: result: ranlib
configure:7470: checking command to parse /usr/bin/nm -B output from gcc object
configure:7590: gcc -c -g -O2  conftest.c >&5
configure:7593: $? = 0
configure:7597: /usr/bin/nm -B conftest.o \| sed -n -e 's/^.*[ ]\([ABCDGIRSTW][ABCDGIRSTW]*\)[ ][ ]*\([_A-Za-z][_A-Za-z0-9]*\)$/\1 \2 \2/p' | sed '/ __gnu_lto/d' \> conftest.nm
configure:7600: $? = 0
configure:7666: gcc -o conftest -g -O2   conftest.c conftstm.o >&5
configure:7669: $? = 0
configure:7707: result: ok
configure:7744: checking for sysroot
configure:7774: result: no
configure:7851: gcc -c -g -O2  conftest.c >&5
configure:7854: $? = 0
configure:8030: checking for mt
configure:8046: found /bin/mt
configure:8057: result: mt
configure:8080: checking if mt is a manifest tool
configure:8086: mt '-?'
configure:8094: result: no
configure:8733: checking for dlfcn.h
configure:8733: gcc -c -g -O2  conftest.c >&5
configure:8733: $? = 0
configure:8733: result: yes
configure:9237: checking for objdir
configure:9252: result: .libs
configure:9519: checking if gcc supports -fno-rtti -fno-exceptions
configure:9537: gcc -c -g -O2  -fno-rtti -fno-exceptions conftest.c >&5
cc1: warning: command line option '-fno-rtti' is valid for C++/ObjC++ but not for C [enabled by default]
configure:9541: $? = 0
configure:9554: result: no
configure:9881: checking for gcc option to produce PIC
configure:9888: result: -fPIC -DPIC
configure:9896: checking if gcc PIC flag -fPIC -DPIC works
configure:9914: gcc -c -g -O2  -fPIC -DPIC -DPIC conftest.c >&5
configure:9918: $? = 0
configure:9931: result: yes
configure:9960: checking if gcc static flag -static works
configure:9988: result: yes
configure:10003: checking if gcc supports -c -o file.o
configure:10024: gcc -c -g -O2  -o out/conftest2.o conftest.c >&5
configure:10028: $? = 0
configure:10050: result: yes
configure:10058: checking if gcc supports -c -o file.o
configure:10105: result: yes
configure:10138: checking whether the gcc linker (/usr/bin/ld -m elf_x86_64) supports shared libraries
configure:11291: result: yes
configure:11328: checking whether -lc should be explicitly linked in
configure:11336: gcc -c -g -O2  conftest.c >&5
configure:11339: $? = 0
configure:11354: gcc -shared  -fPIC -DPIC conftest.o  -v -Wl,-soname -Wl,conftest -o conftest 2\>\&1 \| /bin/grep  -lc  \>/dev/null 2\>\&1
configure:11357: $? = 0
configure:11371: result: no
configure:11531: checking dynamic linker characteristics
configure:12042: gcc -o conftest -g -O2   -Wl,-rpath -Wl,/foo conftest.c  >&5
configure:12042: $? = 0
configure:12268: result: GNU/Linux ld.so
configure:12375: checking how to hardcode library paths into programs
configure:12400: result: immediate
configure:12940: checking whether stripping libraries is possible
configure:12945: result: yes
configure:12980: checking if libtool supports shared libraries
configure:12982: result: yes
configure:12985: checking whether to build shared libraries
configure:13006: result: yes
configure:13009: checking whether to build static libraries
configure:13013: result: yes
configure:13138: checking for cos in -lm
configure:13163: gcc -o conftest -g -O2   conftest.c -lm   >&5
conftest.c:30:6: warning: conflicting types for built-in function 'cos' [enabled by default]
configure:13163: $? = 0
configure:13172: result: yes
configure:13186: checking for some Win32 platform
configure:13196: result: no
configure:13207: checking for native Win32
configure:13217: result: no
configure:13234: checking for LIBRSVG
configure:13249: $PKG_CONFIG --exists --print-errors "\
	gdk-pixbuf-2.0 >= $GDK_PIXBUF_REQUIRED \
	glib-2.0 >= $GLIB_REQUIRED \
	gio-2.0 >= $GIO_REQUIRED \
	libxml-2.0 >= $LIBXML_REQUIRED \
	pangocairo >= $PANGOCAIRO_REQUIRED \
	cairo >= $CAIRO_REQUIRED \
	cairo-png >= $CAIRO_REQUIRED
        libcroco-0.6 >= $CROCO_REQUIRED"
Package gdk-pixbuf-2.0 was not found in the pkg-config search path.
Perhaps you should add the directory containing `gdk-pixbuf-2.0.pc'
to the PKG_CONFIG_PATH environment variable
No package 'gdk-pixbuf-2.0' found
Package glib-2.0 was not found in the pkg-config search path.
Perhaps you should add the directory containing `glib-2.0.pc'
to the PKG_CONFIG_PATH environment variable
No package 'glib-2.0' found
Package gio-2.0 was not found in the pkg-config search path.
Perhaps you should add the directory containing `gio-2.0.pc'
to the PKG_CONFIG_PATH environment variable
No package 'gio-2.0' found
Package libxml-2.0 was not found in the pkg-config search path.
Perhaps you should add the directory containing `libxml-2.0.pc'
to the PKG_CONFIG_PATH environment variable
No package 'libxml-2.0' found
Package pangocairo was not found in the pkg-config search path.
Perhaps you should add the directory containing `pangocairo.pc'
to the PKG_CONFIG_PATH environment variable
No package 'pangocairo' found
Package cairo was not found in the pkg-config search path.
Perhaps you should add the directory containing `cairo.pc'
to the PKG_CONFIG_PATH environment variable
No package 'cairo' found
Package cairo-png was not found in the pkg-config search path.
Perhaps you should add the directory containing `cairo-png.pc'
to the PKG_CONFIG_PATH environment variable
No package 'cairo-png' found
Package libcroco-0.6 was not found in the pkg-config search path.
Perhaps you should add the directory containing `libcroco-0.6.pc'
to the PKG_CONFIG_PATH environment variable
No package 'libcroco-0.6' found
configure:13260: $? = 1
configure:13289: $PKG_CONFIG --exists --print-errors "\
	gdk-pixbuf-2.0 >= $GDK_PIXBUF_REQUIRED \
	glib-2.0 >= $GLIB_REQUIRED \
	gio-2.0 >= $GIO_REQUIRED \
	libxml-2.0 >= $LIBXML_REQUIRED \
	pangocairo >= $PANGOCAIRO_REQUIRED \
	cairo >= $CAIRO_REQUIRED \
	cairo-png >= $CAIRO_REQUIRED
        libcroco-0.6 >= $CROCO_REQUIRED"
Package gdk-pixbuf-2.0 was not found in the pkg-config search path.
Perhaps you should add the directory containing `gdk-pixbuf-2.0.pc'
to the PKG_CONFIG_PATH environment variable
No package 'gdk-pixbuf-2.0' found
Package glib-2.0 was not found in the pkg-config search path.
Perhaps you should add the directory containing `glib-2.0.pc'
to the PKG_CONFIG_PATH environment variable
No package 'glib-2.0' found
Package gio-2.0 was not found in the pkg-config search path.
Perhaps you should add the directory containing `gio-2.0.pc'
to the PKG_CONFIG_PATH environment variable
No package 'gio-2.0' found
Package libxml-2.0 was not found in the pkg-config search path.
Perhaps you should add the directory containing `libxml-2.0.pc'
to the PKG_CONFIG_PATH environment variable
No package 'libxml-2.0' found
Package pangocairo was not found in the pkg-config search path.
Perhaps you should add the directory containing `pangocairo.pc'
to the PKG_CONFIG_PATH environment variable
No package 'pangocairo' found
Package cairo was not found in the pkg-config search path.
Perhaps you should add the directory containing `cairo.pc'
to the PKG_CONFIG_PATH environment variable
No package 'cairo' found
Package cairo-png was not found in the pkg-config search path.
Perhaps you should add the directory containing `cairo-png.pc'
to the PKG_CONFIG_PATH environment variable
No package 'cairo-png' found
Package libcroco-0.6 was not found in the pkg-config search path.
Perhaps you should add the directory containing `libcroco-0.6.pc'
to the PKG_CONFIG_PATH environment variable
No package 'libcroco-0.6' found
configure:13300: $? = 1
configure:13321: result: no
No package 'gdk-pixbuf-2.0' found
No package 'glib-2.0' found
No package 'gio-2.0' found
No package 'libxml-2.0' found
No package 'pangocairo' found
No package 'cairo' found
No package 'cairo-png' found
No package 'libcroco-0.6' found
configure:13353: error: Package requirements (	gdk-pixbuf-2.0 >= 1.3.7 	glib-2.0 >= 2.12.0 	gio-2.0 >= 2.24.0 	libxml-2.0 >= 2.7.0 	pangocairo >= 1.16.0 	cairo >= 1.2.0 	cairo-png >= 1.2.0
        libcroco-0.6 >= 0.6.1) were not met:

No package 'gdk-pixbuf-2.0' found
No package 'glib-2.0' found
No package 'gio-2.0' found
No package 'libxml-2.0' found
No package 'pangocairo' found
No package 'cairo' found
No package 'cairo-png' found
No package 'libcroco-0.6' found

Consider adjusting the PKG_CONFIG_PATH environment variable if you
installed software in a non-standard prefix.

Alternatively, you may set the environment variables LIBRSVG_CFLAGS
and LIBRSVG_LIBS to avoid the need to call pkg-config.
See the pkg-config man page for more details.

## ---------------- ##
## Cache variables. ##
## ---------------- ##

ac_cv_build=x86_64-unknown-linux-gnu
ac_cv_c_bigendian=no
ac_cv_c_compiler_gnu=yes
ac_cv_env_CC_set=
ac_cv_env_CC_value=
ac_cv_env_CFLAGS_set=
ac_cv_env_CFLAGS_value=
ac_cv_env_CPPFLAGS_set=
ac_cv_env_CPPFLAGS_value=
ac_cv_env_CPP_set=
ac_cv_env_CPP_value=
ac_cv_env_GDK_PIXBUF_CFLAGS_set=
ac_cv_env_GDK_PIXBUF_CFLAGS_value=
ac_cv_env_GDK_PIXBUF_LIBS_set=
ac_cv_env_GDK_PIXBUF_LIBS_value=
ac_cv_env_GMODULE_CFLAGS_set=
ac_cv_env_GMODULE_CFLAGS_value=
ac_cv_env_GMODULE_LIBS_set=
ac_cv_env_GMODULE_LIBS_value=
ac_cv_env_GTHREAD_CFLAGS_set=
ac_cv_env_GTHREAD_CFLAGS_value=
ac_cv_env_GTHREAD_LIBS_set=
ac_cv_env_GTHREAD_LIBS_value=
ac_cv_env_GTK2_CFLAGS_set=
ac_cv_env_GTK2_CFLAGS_value=
ac_cv_env_GTK2_LIBS_set=
ac_cv_env_GTK2_LIBS_value=
ac_cv_env_GTK3_CFLAGS_set=
ac_cv_env_GTK3_CFLAGS_value=
ac_cv_env_GTK3_LIBS_set=
ac_cv_env_GTK3_LIBS_value=
ac_cv_env_GTKDOC_DEPS_CFLAGS_set=
ac_cv_env_GTKDOC_DEPS_CFLAGS_value=
ac_cv_env_GTKDOC_DEPS_LIBS_set=
ac_cv_env_GTKDOC_DEPS_LIBS_value=
ac_cv_env_LDFLAGS_set=
ac_cv_env_LDFLAGS_value=
ac_cv_env_LIBRSVG_CFLAGS_set=
ac_cv_env_LIBRSVG_CFLAGS_value=
ac_cv_env_LIBRSVG_LIBS_set=
ac_cv_env_LIBRSVG_LIBS_value=
ac_cv_env_LIBS_set=
ac_cv_env_LIBS_value=
ac_cv_env_PKG_CONFIG_LIBDIR_set=
ac_cv_env_PKG_CONFIG_LIBDIR_value=
ac_cv_env_PKG_CONFIG_PATH_set=
ac_cv_env_PKG_CONFIG_PATH_value=
ac_cv_env_PKG_CONFIG_set=
ac_cv_env_PKG_CONFIG_value=
ac_cv_env_build_alias_set=
ac_cv_env_build_alias_value=
ac_cv_env_host_alias_set=
ac_cv_env_host_alias_value=
ac_cv_env_target_alias_set=
ac_cv_env_target_alias_value=
ac_cv_header_dlfcn_h=yes
ac_cv_header_inttypes_h=yes
ac_cv_header_memory_h=yes
ac_cv_header_stdc=yes
ac_cv_header_stdint_h=yes
ac_cv_header_stdlib_h=yes
ac_cv_header_string_h=yes
ac_cv_header_strings_h=yes
ac_cv_header_sys_stat_h=yes
ac_cv_header_sys_types_h=yes
ac_cv_header_unistd_h=yes
ac_cv_host=x86_64-unknown-linux-gnu
ac_cv_lib_m_cos=yes
ac_cv_objext=o
ac_cv_path_EGREP='/bin/grep -E'
ac_cv_path_FGREP='/bin/grep -F'
ac_cv_path_GREP=/bin/grep
ac_cv_path_SED=/bin/sed
ac_cv_path_ac_pt_PKG_CONFIG=/usr/bin/pkg-config
ac_cv_path_install='/usr/bin/install -c'
ac_cv_path_mkdir=/bin/mkdir
ac_cv_prog_AWK=mawk
ac_cv_prog_CPP='gcc -E'
ac_cv_prog_ac_ct_AR=ar
ac_cv_prog_ac_ct_CC=gcc
ac_cv_prog_ac_ct_MANIFEST_TOOL=mt
ac_cv_prog_ac_ct_OBJDUMP=objdump
ac_cv_prog_ac_ct_RANLIB=ranlib
ac_cv_prog_ac_ct_STRIP=strip
ac_cv_prog_cc_c89=
ac_cv_prog_cc_g=yes
ac_cv_prog_cc_gcc_c_o=yes
ac_cv_prog_make_make_set=yes
ac_cv_search_strerror='none required'
am_cv_CC_dependencies_compiler_type=gcc3
am_cv_make_support_nested_variables=yes
lt_cv_ar_at_file=@
lt_cv_archive_cmds_need_lc=no
lt_cv_deplibs_check_method=pass_all
lt_cv_file_magic_cmd='$MAGIC_CMD'
lt_cv_file_magic_test_file=
lt_cv_ld_reload_flag=-r
lt_cv_nm_interface='BSD nm'
lt_cv_objdir=.libs
lt_cv_path_LD=/usr/bin/ld
lt_cv_path_NM='/usr/bin/nm -B'
lt_cv_path_mainfest_tool=no
lt_cv_prog_compiler_c_o=yes
lt_cv_prog_compiler_pic='-fPIC -DPIC'
lt_cv_prog_compiler_pic_works=yes
lt_cv_prog_compiler_rtti_exceptions=no
lt_cv_prog_compiler_static_works=yes
lt_cv_prog_gnu_ld=yes
lt_cv_sharedlib_from_linklib_cmd='printf %s\n'
lt_cv_shlibpath_overrides_runpath=no
lt_cv_sys_global_symbol_pipe='sed -n -e '\''s/^.*[	 ]\([ABCDGIRSTW][ABCDGIRSTW]*\)[	 ][	 ]*\([_A-Za-z][_A-Za-z0-9]*\)$/\1 \2 \2/p'\'' | sed '\''/ __gnu_lto/d'\'''
lt_cv_sys_global_symbol_to_c_name_address='sed -n -e '\''s/^: \([^ ]*\)[ ]*$/  {\"\1\", (void *) 0},/p'\'' -e '\''s/^[ABCDGIRSTW]* \([^ ]*\) \([^ ]*\)$/  {"\2", (void *) \&\2},/p'\'''
lt_cv_sys_global_symbol_to_c_name_address_lib_prefix='sed -n -e '\''s/^: \([^ ]*\)[ ]*$/  {\"\1\", (void *) 0},/p'\'' -e '\''s/^[ABCDGIRSTW]* \([^ ]*\) \(lib[^ ]*\)$/  {"\2", (void *) \&\2},/p'\'' -e '\''s/^[ABCDGIRSTW]* \([^ ]*\) \([^ ]*\)$/  {"lib\2", (void *) \&\2},/p'\'''
lt_cv_sys_global_symbol_to_cdecl='sed -n -e '\''s/^T .* \(.*\)$/extern int \1();/p'\'' -e '\''s/^[ABCDGIRSTW]* .* \(.*\)$/extern char \1;/p'\'''
lt_cv_sys_max_cmd_len=1572864
lt_cv_to_host_file_cmd=func_convert_file_noop
lt_cv_to_tool_file_cmd=func_convert_file_noop

## ----------------- ##
## Output variables. ##
## ----------------- ##

ACLOCAL='${SHELL} /home/samuel/build/1.08/contrib/librsvg/missing --run aclocal-1.11'
AMDEPBACKSLASH='\'
AMDEP_FALSE='#'
AMDEP_TRUE=''
AMTAR='$${TAR-tar}'
AM_BACKSLASH='\'
AM_CFLAGS=''
AM_CPPFLAGS=''
AM_DEFAULT_V='$(AM_DEFAULT_VERBOSITY)'
AM_DEFAULT_VERBOSITY='0'
AM_LDFLAGS=''
AM_V='$(V)'
AR='ar'
AS='as'
AUTOCONF='${SHELL} /home/samuel/build/1.08/contrib/librsvg/missing --run autoconf'
AUTOHEADER='${SHELL} /home/samuel/build/1.08/contrib/librsvg/missing --run autoheader'
AUTOMAKE='${SHELL} /home/samuel/build/1.08/contrib/librsvg/missing --run automake-1.11'
AWK='mawk'
BSYMBOLIC_LDFLAG=''
BUILD_MISC_TOOLS_FALSE=''
BUILD_MISC_TOOLS_TRUE=''
CAIRO_PREFIX=''
CC='gcc'
CCDEPMODE='depmode=gcc3'
CFLAGS='-g -O2'
CPP='gcc -E'
CPPFLAGS=''
CYGPATH_W='echo'
DEFS=''
DEPDIR='.deps'
DLLTOOL='false'
DSYMUTIL=''
DUMPBIN=''
ECHO_C=''
ECHO_N='-n'
ECHO_T=''
EGREP='/bin/grep -E'
ENABLE_GTK2_ENGINE_FALSE=''
ENABLE_GTK2_ENGINE_TRUE=''
ENABLE_GTK_DOC_FALSE=''
ENABLE_GTK_DOC_TRUE=''
ENABLE_PIXBUF_LOADER_FALSE=''
ENABLE_PIXBUF_LOADER_TRUE=''
ENABLE_VAPIGEN_FALSE=''
ENABLE_VAPIGEN_TRUE=''
EXEEXT=''
FGREP='/bin/grep -F'
GDK_PIXBUF_CFLAGS=''
GDK_PIXBUF_LIBS=''
GDK_PIXBUF_PREFIX=''
GDK_PIXBUF_QUERYLOADERS=''
GLIB_MKENUMS=''
GLIB_PREFIX=''
GMODULE_CFLAGS=''
GMODULE_LIBS=''
GREP='/bin/grep'
GTHREAD_CFLAGS=''
GTHREAD_LIBS=''
GTK2_BINARY_VERSION=''
GTK2_CFLAGS=''
GTK2_LIBS=''
GTK3_BINARY_VERSION=''
GTK3_CFLAGS=''
GTK3_LIBS=''
GTKDOC_CHECK=''
GTKDOC_DEPS_CFLAGS=''
GTKDOC_DEPS_LIBS=''
GTKDOC_MKPDF=''
GTKDOC_REBASE=''
GTK_DOC_BUILD_HTML_FALSE=''
GTK_DOC_BUILD_HTML_TRUE=''
GTK_DOC_BUILD_PDF_FALSE=''
GTK_DOC_BUILD_PDF_TRUE=''
GTK_DOC_USE_LIBTOOL_FALSE=''
GTK_DOC_USE_LIBTOOL_TRUE=''
GTK_DOC_USE_REBASE_FALSE=''
GTK_DOC_USE_REBASE_TRUE=''
GTK_PREFIX=''
HAVE_GTK_2_FALSE=''
HAVE_GTK_2_TRUE=''
HAVE_GTK_3_FALSE=''
HAVE_GTK_3_TRUE=''
HAVE_INTROSPECTION_FALSE=''
HAVE_INTROSPECTION_TRUE=''
HTML_DIR=''
INSTALL_DATA='${INSTALL} -m 644'
INSTALL_PROGRAM='${INSTALL}'
INSTALL_SCRIPT='${INSTALL}'
INSTALL_STRIP_PROGRAM='$(install_sh) -c -s'
INTROSPECTION_CFLAGS=''
INTROSPECTION_COMPILER=''
INTROSPECTION_GENERATE=''
INTROSPECTION_GIRDIR=''
INTROSPECTION_LIBS=''
INTROSPECTION_MAKEFILE=''
INTROSPECTION_SCANNER=''
INTROSPECTION_TYPELIBDIR=''
LD='/usr/bin/ld -m elf_x86_64'
LDFLAGS=''
LIBM='-lm'
LIBOBJS=''
LIBRSVG_CFLAGS=''
LIBRSVG_LIBS=''
LIBRSVG_MAJOR_VERSION='2'
LIBRSVG_MICRO_VERSION='3'
LIBRSVG_MINOR_VERSION='36'
LIBS=''
LIBTOOL='$(SHELL) $(top_builddir)/libtool'
LIPO=''
LN_S='ln -s'
LTLIBOBJS=''
MAINT=''
MAINTAINER_MODE_FALSE='#'
MAINTAINER_MODE_TRUE=''
MAKEINFO='${SHELL} /home/samuel/build/1.08/contrib/librsvg/missing --run makeinfo'
MANIFEST_TOOL=':'
MKDIR_P='/bin/mkdir -p'
NM='/usr/bin/nm -B'
NMEDIT=''
OBJDUMP='objdump'
OBJEXT='o'
OS_WIN32_FALSE=''
OS_WIN32_TRUE='#'
OTOOL64=''
OTOOL=''
PACKAGE='librsvg'
PACKAGE_BUGREPORT='https://bugzilla.gnome.org/enter_bug.cgi?product=librsvg'
PACKAGE_NAME='RSVG'
PACKAGE_STRING='RSVG 2.36.3'
PACKAGE_TARNAME='librsvg'
PACKAGE_URL=''
PACKAGE_VERSION='2.36.3'
PATH_SEPARATOR=':'
PKG_CONFIG='/usr/bin/pkg-config'
PKG_CONFIG_LIBDIR=''
PKG_CONFIG_PATH=''
PLATFORM_WIN32_FALSE=''
PLATFORM_WIN32_TRUE='#'
RANLIB='ranlib'
RSVG_API_MAJOR_VERSION='2'
RSVG_API_MINOR_VERSION='0'
RSVG_API_VERSION='2.0'
RSVG_API_VERSION_U='2_0'
RSVG_LT_VERSION_INFO='38:3:36'
SED='/bin/sed'
SET_MAKE=''
SHELL='/bin/bash'
STRIP='strip'
VAPIGEN=''
VAPIGEN_MAKEFILE=''
VAPIGEN_VAPIDIR=''
VERSION='2.36.3'
ac_ct_AR='ar'
ac_ct_CC='gcc'
ac_ct_DUMPBIN=''
am__EXEEXT_FALSE=''
am__EXEEXT_TRUE=''
am__fastdepCC_FALSE='#'
am__fastdepCC_TRUE=''
am__include='include'
am__isrc=''
am__leading_dot='.'
am__nodep='_no'
am__quote=''
am__tar='$${TAR-tar} chof - "$$tardir"'
am__untar='$${TAR-tar} xf -'
bindir='${exec_prefix}/bin'
build='x86_64-unknown-linux-gnu'
build_alias=''
build_cpu='x86_64'
build_os='linux-gnu'
build_vendor='unknown'
datadir='${datarootdir}'
datarootdir='${prefix}/share'
docdir='${datarootdir}/doc/${PACKAGE_TARNAME}'
dvidir='${docdir}'
exec_prefix='NONE'
gdk_pixbuf_binary_version=''
gdk_pixbuf_binarydir=''
gdk_pixbuf_cache_file=''
gdk_pixbuf_moduledir=''
host='x86_64-unknown-linux-gnu'
host_alias=''
host_cpu='x86_64'
host_os='linux-gnu'
host_vendor='unknown'
htmldir='${docdir}'
includedir='${prefix}/include'
infodir='${datarootdir}/info'
install_sh='${SHELL} /home/samuel/build/1.08/contrib/librsvg/install-sh'
libdir='${exec_prefix}/lib'
libexecdir='${exec_prefix}/libexec'
localedir='${datarootdir}/locale'
localstatedir='${prefix}/var'
mandir='${datarootdir}/man'
mkdir_p='/bin/mkdir -p'
oldincludedir='/usr/include'
pdfdir='${docdir}'
prefix='NONE'
program_transform_name='s,x,x,'
psdir='${docdir}'
sbindir='${exec_prefix}/sbin'
sharedstatedir='${prefix}/com'
sysconfdir='${prefix}/etc'
target_alias=''

## ----------- ##
## confdefs.h. ##
## ----------- ##

/* confdefs.h */
#define PACKAGE_NAME "RSVG"
#define PACKAGE_TARNAME "librsvg"
#define PACKAGE_VERSION "2.36.3"
#define PACKAGE_STRING "RSVG 2.36.3"
#define PACKAGE_BUGREPORT "https://bugzilla.gnome.org/enter_bug.cgi?product=librsvg"
#define PACKAGE_URL ""
#define PACKAGE "librsvg"
#define VERSION "2.36.3"
#define STDC_HEADERS 1
#define HAVE_SYS_TYPES_H 1
#define HAVE_SYS_STAT_H 1
#define HAVE_STDLIB_H 1
#define HAVE_STRING_H 1
#define HAVE_MEMORY_H 1
#define HAVE_STRINGS_H 1
#define HAVE_INTTYPES_H 1
#define HAVE_STDINT_H 1
#define HAVE_UNISTD_H 1
#define HAVE_DLFCN_H 1
#define LT_OBJDIR ".libs/"

configure: exit 1
