This file contains any messages produced by compilers while
running configure, to aid debugging if configure makes a mistake.

It was created by libXt configure 1.1.1, which was
generated by GNU Autoconf 2.67.  Invocation command line was

  $ ./configure 

## --------- ##
## Platform. ##
## --------- ##

hostname = localhost.localdomain
uname -m = x86_64
uname -r = 3.5.3-1.fc17.x86_64
uname -s = Linux
uname -v = #1 SMP Wed Aug 29 18:46:34 UTC 2012

/usr/bin/uname -p = x86_64
/bin/uname -X     = unknown

/bin/arch              = x86_64
/usr/bin/arch -k       = unknown
/usr/convex/getsysinfo = unknown
/usr/bin/hostinfo      = unknown
/bin/machine           = unknown
/usr/bin/oslevel       = unknown
/bin/universe          = unknown

PATH: /usr/local/bin
PATH: /usr/bin
PATH: /bin


## ----------- ##
## Core tests. ##
## ----------- ##

configure:2471: checking for a BSD-compatible install
configure:2539: result: /usr/bin/install -c
configure:2550: checking whether build environment is sane
configure:2600: result: yes
configure:2741: checking for a thread-safe mkdir -p
configure:2780: result: /usr/bin/mkdir -p
configure:2793: checking for gawk
configure:2809: found /usr/bin/gawk
configure:2820: result: gawk
configure:2831: checking whether make sets $(MAKE)
configure:2853: result: yes
configure:2934: checking whether to enable maintainer-specific portions of Makefiles
configure:2943: result: no
configure:2987: checking build system type
configure:3001: result: x86_64-unknown-linux-gnu
configure:3021: checking host system type
configure:3034: result: x86_64-unknown-linux-gnu
configure:3066: checking for style of include used by make
configure:3094: result: GNU
configure:3164: checking for gcc
configure:3180: found /usr/bin/gcc
configure:3191: result: gcc
configure:3420: checking for C compiler version
configure:3429: gcc --version >&5
gcc (GCC) 4.7.0 20120507 (Red Hat 4.7.0-5)
Copyright (C) 2012 Free Software Foundation, Inc.
This is free software; see the source for copying conditions.  There is NO
warranty; not even for MERCHANTABILITY or FITNESS FOR A PARTICULAR PURPOSE.

configure:3440: $? = 0
configure:3429: gcc -v >&5
Using built-in specs.
COLLECT_GCC=gcc
COLLECT_LTO_WRAPPER=/usr/libexec/gcc/x86_64-redhat-linux/4.7.0/lto-wrapper
Target: x86_64-redhat-linux
Configured with: ../configure --prefix=/usr --mandir=/usr/share/man --infodir=/usr/share/info --with-bugurl=http://bugzilla.redhat.com/bugzilla --enable-bootstrap --enable-shared --enable-threads=posix --enable-checking=release --disable-build-with-cxx --disable-build-poststage1-with-cxx --with-system-zlib --enable-__cxa_atexit --disable-libunwind-exceptions --enable-gnu-unique-object --enable-linker-build-id --with-linker-hash-style=gnu --enable-languages=c,c++,objc,obj-c++,java,fortran,ada,go,lto --enable-plugin --enable-initfini-array --enable-java-awt=gtk --disable-dssi --with-java-home=/usr/lib/jvm/java-1.5.0-gcj-1.5.0.0/jre --enable-libgcj-multifile --enable-java-maintainer-mode --with-ecj-jar=/usr/share/java/eclipse-ecj.jar --disable-libjava-multilib --with-ppl --with-cloog --with-tune=generic --with-arch_32=i686 --build=x86_64-redhat-linux
Thread model: posix
gcc version 4.7.0 20120507 (Red Hat 4.7.0-5) (GCC) 
configure:3440: $? = 0
configure:3429: gcc -V >&5
gcc: error: unrecognized command line option '-V'
gcc: fatal error: no input files
compilation terminated.
configure:3440: $? = 4
configure:3429: gcc -qversion >&5
gcc: error: unrecognized command line option '-qversion'
gcc: fatal error: no input files
compilation terminated.
configure:3440: $? = 4
configure:3460: checking whether the C compiler works
configure:3482: gcc    conftest.c  >&5
configure:3486: $? = 0
configure:3534: result: yes
configure:3537: checking for C compiler default output file name
configure:3539: result: a.out
configure:3545: checking for suffix of executables
configure:3552: gcc -o conftest    conftest.c  >&5
configure:3556: $? = 0
configure:3578: result: 
configure:3600: checking whether we are cross compiling
configure:3608: gcc -o conftest    conftest.c  >&5
configure:3612: $? = 0
configure:3619: ./conftest
configure:3623: $? = 0
configure:3638: result: no
configure:3643: checking for suffix of object files
configure:3665: gcc -c   conftest.c >&5
configure:3669: $? = 0
configure:3690: result: o
configure:3694: checking whether we are using the GNU C compiler
configure:3713: gcc -c   conftest.c >&5
configure:3713: $? = 0
configure:3722: result: yes
configure:3731: checking whether gcc accepts -g
configure:3751: gcc -c -g  conftest.c >&5
configure:3751: $? = 0
configure:3792: result: yes
configure:3809: checking for gcc option to accept ISO C89
configure:3873: gcc  -c -g -O2  conftest.c >&5
configure:3873: $? = 0
configure:3886: result: none needed
configure:3908: checking dependency style of gcc
configure:4018: result: gcc3
configure:4033: checking for a sed that does not truncate output
configure:4097: result: /usr/bin/sed
configure:4115: checking for grep that handles long lines and -e
configure:4173: result: /usr/bin/grep
configure:4178: checking for egrep
configure:4240: result: /usr/bin/grep -E
configure:4245: checking for fgrep
configure:4307: result: /usr/bin/grep -F
configure:4342: checking for ld used by gcc
configure:4409: result: /usr/bin/ld
configure:4416: checking if the linker (/usr/bin/ld) is GNU ld
configure:4431: result: yes
configure:4443: checking for BSD- or MS-compatible name lister (nm)
configure:4492: result: /usr/bin/nm -B
configure:4610: checking the name lister (/usr/bin/nm -B) interface
configure:4617: gcc -c -g -O2  conftest.c >&5
configure:4620: /usr/bin/nm -B "conftest.o"
configure:4623: output
0000000000000000 B some_variable
configure:4630: result: BSD nm
configure:4633: checking whether ln -s works
configure:4637: result: yes
configure:4645: checking the maximum length of command line arguments
configure:4765: result: 1572864
configure:4782: checking whether the shell understands some XSI constructs
configure:4792: result: yes
configure:4796: checking whether the shell understands "+="
configure:4802: result: yes
configure:4837: checking for /usr/bin/ld option to reload object files
configure:4844: result: -r
configure:4913: checking for objdump
configure:4929: found /usr/bin/objdump
configure:4940: result: objdump
configure:4972: checking how to recognize dependent libraries
configure:5168: result: pass_all
configure:5228: checking for ar
configure:5244: found /usr/bin/ar
configure:5255: result: ar
configure:5333: checking for strip
configure:5349: found /usr/bin/strip
configure:5360: result: strip
configure:5432: checking for ranlib
configure:5448: found /usr/bin/ranlib
configure:5459: result: ranlib
configure:5549: checking command to parse /usr/bin/nm -B output from gcc object
configure:5667: gcc -c -g -O2  conftest.c >&5
configure:5670: $? = 0
configure:5674: /usr/bin/nm -B conftest.o \| sed -n -e 's/^.*[	 ]\([ABCDGIRSTW][ABCDGIRSTW]*\)[	 ][	 ]*\([_A-Za-z][_A-Za-z0-9]*\)$/\1 \2 \2/p' \> conftest.nm
configure:5677: $? = 0
configure:5731: gcc -o conftest -g -O2   conftest.c conftstm.o >&5
configure:5734: $? = 0
configure:5772: result: ok
configure:5868: gcc -c -g -O2  conftest.c >&5
configure:5871: $? = 0
configure:6581: checking how to run the C preprocessor
configure:6612: gcc -E  conftest.c
configure:6612: $? = 0
configure:6626: gcc -E  conftest.c
conftest.c:11:28: fatal error: ac_nonexistent.h: No such file or directory
compilation terminated.
configure:6626: $? = 1
configure: failed program was:
| /* confdefs.h */
| #define PACKAGE_NAME "libXt"
| #define PACKAGE_TARNAME "libXt"
| #define PACKAGE_VERSION "1.1.1"
| #define PACKAGE_STRING "libXt 1.1.1"
| #define PACKAGE_BUGREPORT "https://bugs.freedesktop.org/enter_bug.cgi?product=xorg"
| #define PACKAGE_URL ""
| #define PACKAGE "libXt"
| #define VERSION "1.1.1"
| /* end confdefs.h.  */
| #include <ac_nonexistent.h>
configure:6651: result: gcc -E
configure:6671: gcc -E  conftest.c
configure:6671: $? = 0
configure:6685: gcc -E  conftest.c
conftest.c:11:28: fatal error: ac_nonexistent.h: No such file or directory
compilation terminated.
configure:6685: $? = 1
configure: failed program was:
| /* confdefs.h */
| #define PACKAGE_NAME "libXt"
| #define PACKAGE_TARNAME "libXt"
| #define PACKAGE_VERSION "1.1.1"
| #define PACKAGE_STRING "libXt 1.1.1"
| #define PACKAGE_BUGREPORT "https://bugs.freedesktop.org/enter_bug.cgi?product=xorg"
| #define PACKAGE_URL ""
| #define PACKAGE "libXt"
| #define VERSION "1.1.1"
| /* end confdefs.h.  */
| #include <ac_nonexistent.h>
configure:6714: checking for ANSI C header files
configure:6734: gcc -c -g -O2  conftest.c >&5
configure:6734: $? = 0
configure:6807: gcc -o conftest -g -O2   conftest.c  >&5
configure:6807: $? = 0
configure:6807: ./conftest
configure:6807: $? = 0
configure:6818: result: yes
configure:6831: checking for sys/types.h
configure:6831: gcc -c -g -O2  conftest.c >&5
configure:6831: $? = 0
configure:6831: result: yes
configure:6831: checking for sys/stat.h
configure:6831: gcc -c -g -O2  conftest.c >&5
configure:6831: $? = 0
configure:6831: result: yes
configure:6831: checking for stdlib.h
configure:6831: gcc -c -g -O2  conftest.c >&5
configure:6831: $? = 0
configure:6831: result: yes
configure:6831: checking for string.h
configure:6831: gcc -c -g -O2  conftest.c >&5
configure:6831: $? = 0
configure:6831: result: yes
configure:6831: checking for memory.h
configure:6831: gcc -c -g -O2  conftest.c >&5
configure:6831: $? = 0
configure:6831: result: yes
configure:6831: checking for strings.h
configure:6831: gcc -c -g -O2  conftest.c >&5
configure:6831: $? = 0
configure:6831: result: yes
configure:6831: checking for inttypes.h
configure:6831: gcc -c -g -O2  conftest.c >&5
configure:6831: $? = 0
configure:6831: result: yes
configure:6831: checking for stdint.h
configure:6831: gcc -c -g -O2  conftest.c >&5
configure:6831: $? = 0
configure:6831: result: yes
configure:6831: checking for unistd.h
configure:6831: gcc -c -g -O2  conftest.c >&5
configure:6831: $? = 0
configure:6831: result: yes
configure:6845: checking for dlfcn.h
configure:6845: gcc -c -g -O2  conftest.c >&5
configure:6845: $? = 0
configure:6845: result: yes
configure:7029: checking for objdir
configure:7044: result: .libs
configure:7340: checking if gcc supports -fno-rtti -fno-exceptions
configure:7358: gcc -c -g -O2  -fno-rtti -fno-exceptions conftest.c >&5
cc1: warning: command line option '-fno-rtti' is valid for C++/ObjC++ but not for C [enabled by default]
configure:7362: $? = 0
configure:7375: result: no
configure:7395: checking for gcc option to produce PIC
configure:7667: result: -fPIC -DPIC
configure:7679: checking if gcc PIC flag -fPIC -DPIC works
configure:7697: gcc -c -g -O2  -fPIC -DPIC -DPIC conftest.c >&5
configure:7701: $? = 0
configure:7714: result: yes
configure:7738: checking if gcc static flag -static works
configure:7766: result: no
configure:7781: checking if gcc supports -c -o file.o
configure:7802: gcc -c -g -O2  -o out/conftest2.o conftest.c >&5
configure:7806: $? = 0
configure:7828: result: yes
configure:7836: checking if gcc supports -c -o file.o
configure:7883: result: yes
configure:7916: checking whether the gcc linker (/usr/bin/ld -m elf_x86_64) supports shared libraries
configure:8907: result: yes
configure:8944: checking whether -lc should be explicitly linked in
configure:8949: gcc -c -g -O2  conftest.c >&5
configure:8952: $? = 0
configure:8967: gcc -shared conftest.o  -v -Wl,-soname -Wl,conftest -o conftest 2\>\&1 \| /usr/bin/grep  -lc  \>/dev/null 2\>\&1
configure:8970: $? = 0
configure:8982: result: no
configure:9146: checking dynamic linker characteristics
configure:9579: gcc -o conftest -g -O2   -Wl,-rpath -Wl,/foo conftest.c  >&5
configure:9579: $? = 0
configure:9809: result: GNU/Linux ld.so
configure:9911: checking how to hardcode library paths into programs
configure:9936: result: immediate
configure:10456: checking whether stripping libraries is possible
configure:10461: result: yes
configure:10496: checking if libtool supports shared libraries
configure:10498: result: yes
configure:10501: checking whether to build shared libraries
configure:10522: result: yes
configure:10525: checking whether to build static libraries
configure:10529: result: yes
configure:10577: checking for gcc option to accept ISO C99
configure:10726: gcc  -c -g -O2  conftest.c >&5
conftest.c:73:29: error: expected ';', ',' or ')' before 'text'
conftest.c: In function 'main':
conftest.c:127:18: error: expected '=', ',', ';', 'asm' or '__attribute__' before 'newvar'
conftest.c:127:18: error: 'newvar' undeclared (first use in this function)
conftest.c:127:18: note: each undeclared identifier is reported only once for each function it appears in
conftest.c:137:3: error: 'for' loop initial declarations are only allowed in C99 mode
conftest.c:137:3: note: use option -std=c99 or -std=gnu99 to compile your code
configure:10726: $? = 1
configure: failed program was:
| /* confdefs.h */
| #define PACKAGE_NAME "libXt"
| #define PACKAGE_TARNAME "libXt"
| #define PACKAGE_VERSION "1.1.1"
| #define PACKAGE_STRING "libXt 1.1.1"
| #define PACKAGE_BUGREPORT "https://bugs.freedesktop.org/enter_bug.cgi?product=xorg"
| #define PACKAGE_URL ""
| #define PACKAGE "libXt"
| #define VERSION "1.1.1"
| #define STDC_HEADERS 1
| #define HAVE_SYS_TYPES_H 1
| #define HAVE_SYS_STAT_H 1
| #define HAVE_STDLIB_H 1
| #define HAVE_STRING_H 1
| #define HAVE_MEMORY_H 1
| #define HAVE_STRINGS_H 1
| #define HAVE_INTTYPES_H 1
| #define HAVE_STDINT_H 1
| #define HAVE_UNISTD_H 1
| #define HAVE_DLFCN_H 1
| #define LT_OBJDIR ".libs/"
| /* end confdefs.h.  */
| #include <stdarg.h>
| #include <stdbool.h>
| #include <stdlib.h>
| #include <wchar.h>
| #include <stdio.h>
| 
| // Check varargs macros.  These examples are taken from C99 6.10.3.5.
| #define debug(...) fprintf (stderr, __VA_ARGS__)
| #define showlist(...) puts (#__VA_ARGS__)
| #define report(test,...) ((test) ? puts (#test) : printf (__VA_ARGS__))
| static void
| test_varargs_macros (void)
| {
|   int x = 1234;
|   int y = 5678;
|   debug ("Flag");
|   debug ("X = %d\n", x);
|   showlist (The first, second, and third items.);
|   report (x>y, "x is %d but y is %d", x, y);
| }
| 
| // Check long long types.
| #define BIG64 18446744073709551615ull
| #define BIG32 4294967295ul
| #define BIG_OK (BIG64 / BIG32 == 4294967297ull && BIG64 % BIG32 == 0)
| #if !BIG_OK
|   your preprocessor is broken;
| #endif
| #if BIG_OK
| #else
|   your preprocessor is broken;
| #endif
| static long long int bignum = -9223372036854775807LL;
| static unsigned long long int ubignum = BIG64;
| 
| struct incomplete_array
| {
|   int datasize;
|   double data[];
| };
| 
| struct named_init {
|   int number;
|   const wchar_t *name;
|   double average;
| };
| 
| typedef const char *ccp;
| 
| static inline int
| test_restrict (ccp restrict text)
| {
|   // See if C++-style comments work.
|   // Iterate through items via the restricted pointer.
|   // Also check for declarations in for loops.
|   for (unsigned int i = 0; *(text+i) != '\0'; ++i)
|     continue;
|   return 0;
| }
| 
| // Check varargs and va_copy.
| static void
| test_varargs (const char *format, ...)
| {
|   va_list args;
|   va_start (args, format);
|   va_list args_copy;
|   va_copy (args_copy, args);
| 
|   const char *str;
|   int number;
|   float fnumber;
| 
|   while (*format)
|     {
|       switch (*format++)
| 	{
| 	case 's': // string
| 	  str = va_arg (args_copy, const char *);
| 	  break;
| 	case 'd': // int
| 	  number = va_arg (args_copy, int);
| 	  break;
| 	case 'f': // float
| 	  fnumber = va_arg (args_copy, double);
| 	  break;
| 	default:
| 	  break;
| 	}
|     }
|   va_end (args_copy);
|   va_end (args);
| }
| 
| int
| main ()
| {
| 
|   // Check bool.
|   _Bool success = false;
| 
|   // Check restrict.
|   if (test_restrict ("String literal") == 0)
|     success = true;
|   char *restrict newvar = "Another string";
| 
|   // Check varargs.
|   test_varargs ("s, d' f .", "string", 65, 34.234);
|   test_varargs_macros ();
| 
|   // Check flexible array members.
|   struct incomplete_array *ia =
|     malloc (sizeof (struct incomplete_array) + (sizeof (double) * 10));
|   ia->datasize = 10;
|   for (int i = 0; i < ia->datasize; ++i)
|     ia->data[i] = i * 1.234;
| 
|   // Check named initializers.
|   struct named_init ni = {
|     .number = 34,
|     .name = L"Test wide string",
|     .average = 543.34343,
|   };
| 
|   ni.number = 58;
| 
|   int dynamic_array[ni.number];
|   dynamic_array[ni.number - 1] = 543;
| 
|   // work around unused variable warnings
|   return (!success || bignum == 0LL || ubignum == 0uLL || newvar[0] == 'x'
| 	  || dynamic_array[ni.number - 1] != 543);
| 
|   ;
|   return 0;
| }
configure:10726: gcc -std=gnu99 -c -g -O2  conftest.c >&5
configure:10726: $? = 0
configure:10746: result: -std=gnu99
configure:10807: checking for pkg-config
configure:10825: found /usr/bin/pkg-config
configure:10837: result: /usr/bin/pkg-config
configure:10862: checking pkg-config is at least version 0.9.0
configure:10865: result: yes
configure:11090: checking whether malloc(0) returns NULL
configure:11111: gcc -std=gnu99 -o conftest -g -O2   conftest.c  >&5
conftest.c:27:7: warning: conflicting types for built-in function 'malloc' [enabled by default]
conftest.c:28:7: warning: conflicting types for built-in function 'realloc' [enabled by default]
conftest.c:29:7: warning: conflicting types for built-in function 'calloc' [enabled by default]
conftest.c:30:1: warning: return type defaults to 'int' [enabled by default]
conftest.c: In function 'main':
conftest.c:36:5: warning: implicit declaration of function 'exit' [-Wimplicit-function-declaration]
conftest.c:36:5: warning: incompatible implicit declaration of built-in function 'exit' [enabled by default]
configure:11111: $? = 0
configure:11111: ./conftest
configure:11111: $? = 0
configure:11121: result: yes
configure:11140: checking alloca.h usability
configure:11140: gcc -std=gnu99 -c -g -O2  conftest.c >&5
configure:11140: $? = 0
configure:11140: result: yes
configure:11140: checking alloca.h presence
configure:11140: gcc -E  conftest.c
configure:11140: $? = 0
configure:11140: result: yes
configure:11140: checking for alloca.h
configure:11140: result: yes
configure:11152: checking for XT
configure:11159: $PKG_CONFIG --exists --print-errors "sm ice x11 xproto kbproto"
configure:11162: $? = 0
configure:11175: $PKG_CONFIG --exists --print-errors "sm ice x11 xproto kbproto"
configure:11178: $? = 0
configure:11235: result: yes
configure:11321: checking for poll
configure:11321: gcc -std=gnu99 -o conftest -g -O2   conftest.c  >&5
configure:11321: $? = 0
configure:11321: result: yes
configure:11331: checking for main in -lws2_32
configure:11350: gcc -std=gnu99 -o conftest -g -O2   conftest.c -lws2_32   >&5
/usr/bin/ld: cannot find -lws2_32
collect2: error: ld returned 1 exit status
configure:11350: $? = 1
configure: failed program was:
| /* confdefs.h */
| #define PACKAGE_NAME "libXt"
| #define PACKAGE_TARNAME "libXt"
| #define PACKAGE_VERSION "1.1.1"
| #define PACKAGE_STRING "libXt 1.1.1"
| #define PACKAGE_BUGREPORT "https://bugs.freedesktop.org/enter_bug.cgi?product=xorg"
| #define PACKAGE_URL ""
| #define PACKAGE "libXt"
| #define VERSION "1.1.1"
| #define STDC_HEADERS 1
| #define HAVE_SYS_TYPES_H 1
| #define HAVE_SYS_STAT_H 1
| #define HAVE_STDLIB_H 1
| #define HAVE_STRING_H 1
| #define HAVE_MEMORY_H 1
| #define HAVE_STRINGS_H 1
| #define HAVE_INTTYPES_H 1
| #define HAVE_STDINT_H 1
| #define HAVE_UNISTD_H 1
| #define HAVE_DLFCN_H 1
| #define LT_OBJDIR ".libs/"
| #define PACKAGE_VERSION_MAJOR 1
| #define PACKAGE_VERSION_MINOR 1
| #define PACKAGE_VERSION_PATCHLEVEL 1
| #define INCLUDE_ALLOCA_H 1
| #define USE_POLL 1
| /* end confdefs.h.  */
| 
| 
| int
| main ()
| {
| return main ();
|   ;
|   return 0;
| }
configure:11359: result: no
configure:11575: creating ./config.status

## ---------------------- ##
## Running config.status. ##
## ---------------------- ##

This file was extended by libXt config.status 1.1.1, which was
generated by GNU Autoconf 2.67.  Invocation command line was

  CONFIG_FILES    = 
  CONFIG_HEADERS  = 
  CONFIG_LINKS    = 
  CONFIG_COMMANDS = 
  $ ./config.status 

on localhost.localdomain

config.status:1126: creating Makefile
config.status:1126: creating src/Makefile
config.status:1126: creating util/Makefile
config.status:1126: creating include/Makefile
config.status:1126: creating man/Makefile
config.status:1126: creating specs/Makefile
config.status:1126: creating xt.pc
config.status:1126: creating config.h
config.status:1306: config.h is unchanged
config.status:1354: executing depfiles commands
config.status:1354: executing libtool commands

## ---------------- ##
## Cache variables. ##
## ---------------- ##

ac_cv_build=x86_64-unknown-linux-gnu
ac_cv_c_compiler_gnu=yes
ac_cv_env_CC_set=
ac_cv_env_CC_value=
ac_cv_env_CFLAGS_set=
ac_cv_env_CFLAGS_value=
ac_cv_env_CPPFLAGS_set=
ac_cv_env_CPPFLAGS_value=
ac_cv_env_CPP_set=
ac_cv_env_CPP_value=
ac_cv_env_LDFLAGS_set=
ac_cv_env_LDFLAGS_value=
ac_cv_env_LIBS_set=
ac_cv_env_LIBS_value=
ac_cv_env_PKG_CONFIG_LIBDIR_set=
ac_cv_env_PKG_CONFIG_LIBDIR_value=
ac_cv_env_PKG_CONFIG_PATH_set=
ac_cv_env_PKG_CONFIG_PATH_value=
ac_cv_env_PKG_CONFIG_set=
ac_cv_env_PKG_CONFIG_value=
ac_cv_env_XT_CFLAGS_set=
ac_cv_env_XT_CFLAGS_value=
ac_cv_env_XT_LIBS_set=
ac_cv_env_XT_LIBS_value=
ac_cv_env_build_alias_set=
ac_cv_env_build_alias_value=
ac_cv_env_host_alias_set=
ac_cv_env_host_alias_value=
ac_cv_env_target_alias_set=
ac_cv_env_target_alias_value=
ac_cv_func_poll=yes
ac_cv_header_alloca_h=yes
ac_cv_header_dlfcn_h=yes
ac_cv_header_inttypes_h=yes
ac_cv_header_memory_h=yes
ac_cv_header_stdc=yes
ac_cv_header_stdint_h=yes
ac_cv_header_stdlib_h=yes
ac_cv_header_string_h=yes
ac_cv_header_strings_h=yes
ac_cv_header_sys_stat_h=yes
ac_cv_header_sys_types_h=yes
ac_cv_header_unistd_h=yes
ac_cv_host=x86_64-unknown-linux-gnu
ac_cv_lib_ws2_32=ac_cv_lib_ws2_32_main
ac_cv_lib_ws2_32_main=no
ac_cv_objext=o
ac_cv_path_EGREP='/usr/bin/grep -E'
ac_cv_path_FGREP='/usr/bin/grep -F'
ac_cv_path_GREP=/usr/bin/grep
ac_cv_path_SED=/usr/bin/sed
ac_cv_path_ac_pt_PKG_CONFIG=/usr/bin/pkg-config
ac_cv_path_install='/usr/bin/install -c'
ac_cv_path_mkdir=/usr/bin/mkdir
ac_cv_prog_AWK=gawk
ac_cv_prog_CPP='gcc -E'
ac_cv_prog_ac_ct_AR=ar
ac_cv_prog_ac_ct_CC=gcc
ac_cv_prog_ac_ct_OBJDUMP=objdump
ac_cv_prog_ac_ct_RANLIB=ranlib
ac_cv_prog_ac_ct_STRIP=strip
ac_cv_prog_cc_c89=
ac_cv_prog_cc_c99=-std=gnu99
ac_cv_prog_cc_g=yes
ac_cv_prog_make_make_set=yes
am_cv_CC_dependencies_compiler_type=gcc3
lt_cv_deplibs_check_method=pass_all
lt_cv_file_magic_cmd='$MAGIC_CMD'
lt_cv_file_magic_test_file=
lt_cv_ld_reload_flag=-r
lt_cv_nm_interface='BSD nm'
lt_cv_objdir=.libs
lt_cv_path_LD=/usr/bin/ld
lt_cv_path_NM='/usr/bin/nm -B'
lt_cv_prog_compiler_c_o=yes
lt_cv_prog_compiler_pic_works=yes
lt_cv_prog_compiler_rtti_exceptions=no
lt_cv_prog_compiler_static_works=no
lt_cv_prog_gnu_ld=yes
lt_cv_sys_global_symbol_pipe='sed -n -e '\''s/^.*[	 ]\([ABCDGIRSTW][ABCDGIRSTW]*\)[	 ][	 ]*\([_A-Za-z][_A-Za-z0-9]*\)$/\1 \2 \2/p'\'''
lt_cv_sys_global_symbol_to_c_name_address='sed -n -e '\''s/^: \([^ ]*\) $/  {\"\1\", (void *) 0},/p'\'' -e '\''s/^[ABCDGIRSTW]* \([^ ]*\) \([^ ]*\)$/  {"\2", (void *) \&\2},/p'\'''
lt_cv_sys_global_symbol_to_c_name_address_lib_prefix='sed -n -e '\''s/^: \([^ ]*\) $/  {\"\1\", (void *) 0},/p'\'' -e '\''s/^[ABCDGIRSTW]* \([^ ]*\) \(lib[^ ]*\)$/  {"\2", (void *) \&\2},/p'\'' -e '\''s/^[ABCDGIRSTW]* \([^ ]*\) \([^ ]*\)$/  {"lib\2", (void *) \&\2},/p'\'''
lt_cv_sys_global_symbol_to_cdecl='sed -n -e '\''s/^T .* \(.*\)$/extern int \1();/p'\'' -e '\''s/^[ABCDGIRSTW]* .* \(.*\)$/extern char \1;/p'\'''
lt_cv_sys_max_cmd_len=1572864
pkg_cv_XT_CFLAGS=' '
pkg_cv_XT_LIBS='-lSM -lICE -lX11  '

## ----------------- ##
## Output variables. ##
## ----------------- ##

ACLOCAL='${SHELL} /home/samuel/os/1.06/contrib/libXt-1.1.1/missing --run aclocal-1.11'
ADMIN_MAN_DIR='$(mandir)/man$(ADMIN_MAN_SUFFIX)'
ADMIN_MAN_SUFFIX='8'
AMDEPBACKSLASH='\'
AMDEP_FALSE='#'
AMDEP_TRUE=''
AMTAR='${SHELL} /home/samuel/os/1.06/contrib/libXt-1.1.1/missing --run tar'
AM_BACKSLASH='\'
AM_DEFAULT_VERBOSITY='0'
APP_MAN_DIR='$(mandir)/man$(APP_MAN_SUFFIX)'
APP_MAN_SUFFIX='1'
AR='ar'
AUTOCONF='${SHELL} /home/samuel/os/1.06/contrib/libXt-1.1.1/missing --run autoconf'
AUTOHEADER='${SHELL} /home/samuel/os/1.06/contrib/libXt-1.1.1/missing --run autoheader'
AUTOMAKE='${SHELL} /home/samuel/os/1.06/contrib/libXt-1.1.1/missing --run automake-1.11'
AWK='gawk'
CC='gcc -std=gnu99'
CCDEPMODE='depmode=gcc3'
CC_FOR_BUILD='gcc -std=gnu99'
CFLAGS='-g -O2'
CFLAGS_FOR_BUILD='-g -O2'
CHANGELOG_CMD='(GIT_DIR=$(top_srcdir)/.git git log > $(top_srcdir)/.changelog.tmp && mv $(top_srcdir)/.changelog.tmp $(top_srcdir)/ChangeLog) || (rm -f $(top_srcdir)/.changelog.tmp; touch $(top_srcdir)/ChangeLog; echo '\''git directory not found: installing possibly empty changelog.'\'' >&2)'
CPP='gcc -E'
CPPFLAGS=''
CWARNFLAGS='-Wall -Wpointer-arith -Wstrict-prototypes -Wmissing-prototypes -Wmissing-declarations -Wnested-externs -fno-strict-aliasing -Wbad-function-cast -Wformat=2 -Wold-style-definition -Wdeclaration-after-statement '
CYGPATH_W='echo'
DEFS='-DHAVE_CONFIG_H'
DEPDIR='.deps'
DRIVER_MAN_DIR='$(mandir)/man$(DRIVER_MAN_SUFFIX)'
DRIVER_MAN_SUFFIX='4'
DSYMUTIL=''
DUMPBIN=''
ECHO_C=''
ECHO_N='-n'
ECHO_T=''
EGREP='/usr/bin/grep -E'
EXEEXT=''
FGREP='/usr/bin/grep -F'
FILE_MAN_DIR='$(mandir)/man$(FILE_MAN_SUFFIX)'
FILE_MAN_SUFFIX='5'
GREP='/usr/bin/grep'
INSTALL_CMD='(cp -f /INSTALL $(top_srcdir)/.INSTALL.tmp && mv $(top_srcdir)/.INSTALL.tmp $(top_srcdir)/INSTALL) || (rm -f $(top_srcdir)/.INSTALL.tmp; touch $(top_srcdir)/INSTALL; echo '\''util-macros "pkgdatadir" from xorg-macros.pc not found: installing possibly empty INSTALL.'\'' >&2)'
INSTALL_DATA='${INSTALL} -m 644'
INSTALL_PROGRAM='${INSTALL}'
INSTALL_SCRIPT='${INSTALL}'
INSTALL_STRIP_PROGRAM='$(install_sh) -c -s'
LD='/usr/bin/ld -m elf_x86_64'
LDFLAGS=''
LDFLAGS_FOR_BUILD=''
LIBOBJS=''
LIBS=''
LIBTOOL='$(SHELL) $(top_builddir)/libtool'
LIB_MAN_DIR='$(mandir)/man$(LIB_MAN_SUFFIX)'
LIB_MAN_SUFFIX='3'
LIPO=''
LN_S='ln -s'
LTLIBOBJS=''
MAINT='#'
MAINTAINER_MODE_FALSE=''
MAINTAINER_MODE_TRUE='#'
MAKEINFO='${SHELL} /home/samuel/os/1.06/contrib/libXt-1.1.1/missing --run makeinfo'
MALLOC_ZERO_CFLAGS='-DMALLOC_0_RETURNS_NULL'
MAN_SUBSTS='	-e '\''s|__vendorversion__|"$(PACKAGE_STRING)" "$(XORG_MAN_PAGE)"|'\'' 	-e '\''s|__xorgversion__|"$(PACKAGE_STRING)" "$(XORG_MAN_PAGE)"|'\'' 	-e '\''s|__xservername__|Xorg|g'\'' 	-e '\''s|__xconfigfile__|xorg.conf|g'\'' 	-e '\''s|__projectroot__|$(prefix)|g'\'' 	-e '\''s|__appmansuffix__|$(APP_MAN_SUFFIX)|g'\'' 	-e '\''s|__drivermansuffix__|$(DRIVER_MAN_SUFFIX)|g'\'' 	-e '\''s|__adminmansuffix__|$(ADMIN_MAN_SUFFIX)|g'\'' 	-e '\''s|__libmansuffix__|$(LIB_MAN_SUFFIX)|g'\'' 	-e '\''s|__miscmansuffix__|$(MISC_MAN_SUFFIX)|g'\'' 	-e '\''s|__filemansuffix__|$(FILE_MAN_SUFFIX)|g'\'''
MISC_MAN_DIR='$(mandir)/man$(MISC_MAN_SUFFIX)'
MISC_MAN_SUFFIX='7'
MKDIR_P='/usr/bin/mkdir -p'
NM='/usr/bin/nm -B'
NMEDIT=''
OBJDUMP='objdump'
OBJEXT='o'
OTOOL64=''
OTOOL=''
PACKAGE='libXt'
PACKAGE_BUGREPORT='https://bugs.freedesktop.org/enter_bug.cgi?product=xorg'
PACKAGE_NAME='libXt'
PACKAGE_STRING='libXt 1.1.1'
PACKAGE_TARNAME='libXt'
PACKAGE_URL=''
PACKAGE_VERSION='1.1.1'
PATH_SEPARATOR=':'
PKG_CONFIG='/usr/bin/pkg-config'
PKG_CONFIG_LIBDIR=''
PKG_CONFIG_PATH=''
RANLIB='ranlib'
SED='/usr/bin/sed'
SET_MAKE=''
SHELL='/bin/sh'
STRINGSABIOPTIONS=''
STRIP='strip'
VERSION='1.1.1'
XFILESEARCHPATHDEFAULT='$(sysconfdir)/X11/%L/%T/%N%C%S:$(sysconfdir)/X11/%l/%T/%N%C%S:$(sysconfdir)/X11/%T/%N%C%S:$(sysconfdir)/X11/%L/%T/%N%S:$(sysconfdir)/X11/%l/%T/%N%S:$(sysconfdir)/X11/%T/%N%S:$(datadir)/X11/%L/%T/%N%C%S:$(datadir)/X11/%l/%T/%N%C%S:$(datadir)/X11/%T/%N%C%S:$(datadir)/X11/%L/%T/%N%S:$(datadir)/X11/%l/%T/%N%S:$(datadir)/X11/%T/%N%S:$(libdir)/X11/%L/%T/%N%C%S:$(libdir)/X11/%l/%T/%N%C%S:$(libdir)/X11/%T/%N%C%S:$(libdir)/X11/%L/%T/%N%S:$(libdir)/X11/%l/%T/%N%S:$(libdir)/X11/%T/%N%S'
XMALLOC_ZERO_CFLAGS='-DMALLOC_0_RETURNS_NULL'
XORG_MAN_PAGE='X Version 11'
XTMALLOC_ZERO_CFLAGS='-DMALLOC_0_RETURNS_NULL -DXTMALLOC_BC'
XT_CFLAGS='  '
XT_LIBS='-lSM -lICE -lX11  '
ac_ct_CC='gcc'
ac_ct_DUMPBIN=''
am__EXEEXT_FALSE=''
am__EXEEXT_TRUE='#'
am__fastdepCC_FALSE='#'
am__fastdepCC_TRUE=''
am__include='include'
am__isrc=''
am__leading_dot='.'
am__quote=''
am__tar='${AMTAR} chof - "$$tardir"'
am__untar='${AMTAR} xf -'
appdefaultdir='/usr/local/share/X11/app-defaults'
bindir='${exec_prefix}/bin'
build='x86_64-unknown-linux-gnu'
build_alias=''
build_cpu='x86_64'
build_os='linux-gnu'
build_vendor='unknown'
datadir='${datarootdir}'
datarootdir='${prefix}/share'
docdir='${datarootdir}/doc/${PACKAGE_TARNAME}'
dvidir='${docdir}'
exec_prefix='${prefix}'
host='x86_64-unknown-linux-gnu'
host_alias=''
host_cpu='x86_64'
host_os='linux-gnu'
host_vendor='unknown'
htmldir='${docdir}'
includedir='${prefix}/include'
infodir='${datarootdir}/info'
install_sh='${SHELL} /home/samuel/os/1.06/contrib/libXt-1.1.1/install-sh'
libdir='${exec_prefix}/lib'
libexecdir='${exec_prefix}/libexec'
localedir='${datarootdir}/locale'
localstatedir='${prefix}/var'
lt_ECHO='echo'
mandir='${datarootdir}/man'
mkdir_p='/usr/bin/mkdir -p'
oldincludedir='/usr/include'
pdfdir='${docdir}'
prefix='/usr/local'
program_transform_name='s,x,x,'
psdir='${docdir}'
sbindir='${exec_prefix}/sbin'
sharedstatedir='${prefix}/com'
sysconfdir='${prefix}/etc'
target_alias=''

## ----------- ##
## confdefs.h. ##
## ----------- ##

/* confdefs.h */
#define PACKAGE_NAME "libXt"
#define PACKAGE_TARNAME "libXt"
#define PACKAGE_VERSION "1.1.1"
#define PACKAGE_STRING "libXt 1.1.1"
#define PACKAGE_BUGREPORT "https://bugs.freedesktop.org/enter_bug.cgi?product=xorg"
#define PACKAGE_URL ""
#define PACKAGE "libXt"
#define VERSION "1.1.1"
#define STDC_HEADERS 1
#define HAVE_SYS_TYPES_H 1
#define HAVE_SYS_STAT_H 1
#define HAVE_STDLIB_H 1
#define HAVE_STRING_H 1
#define HAVE_MEMORY_H 1
#define HAVE_STRINGS_H 1
#define HAVE_INTTYPES_H 1
#define HAVE_STDINT_H 1
#define HAVE_UNISTD_H 1
#define HAVE_DLFCN_H 1
#define LT_OBJDIR ".libs/"
#define PACKAGE_VERSION_MAJOR 1
#define PACKAGE_VERSION_MINOR 1
#define PACKAGE_VERSION_PATCHLEVEL 1
#define INCLUDE_ALLOCA_H 1
#define USE_POLL 1
#define XKB 1
#define appdefaultdir "/usr/local/share/X11/app-defaults"

configure: exit 0
