This file contains any messages produced by compilers while
running configure, to aid debugging if configure makes a mistake.

It was created by libpng configure 1.5.12, which was
generated by GNU Autoconf 2.68.  Invocation command line was

  $ ./configure 

## --------- ##
## Platform. ##
## --------- ##

hostname = localhost.localdomain
uname -m = x86_64
uname -r = 3.5.3-1.fc17.x86_64
uname -s = Linux
uname -v = #1 SMP Wed Aug 29 18:46:34 UTC 2012

/usr/bin/uname -p = x86_64
/bin/uname -X     = unknown

/bin/arch              = x86_64
/usr/bin/arch -k       = unknown
/usr/convex/getsysinfo = unknown
/usr/bin/hostinfo      = unknown
/bin/machine           = unknown
/usr/bin/oslevel       = unknown
/bin/universe          = unknown

PATH: /usr/local/bin
PATH: /usr/bin
PATH: /bin
PATH: /usr/local/sbin
PATH: /usr/sbin
PATH: /home/samuel/.local/bin
PATH: /home/samuel/bin


## ----------- ##
## Core tests. ##
## ----------- ##

configure:2320: checking for a BSD-compatible install
configure:2388: result: /usr/bin/install -c
configure:2399: checking whether build environment is sane
configure:2449: result: yes
configure:2590: checking for a thread-safe mkdir -p
configure:2629: result: /usr/bin/mkdir -p
configure:2642: checking for gawk
configure:2658: found /usr/bin/gawk
configure:2669: result: gawk
configure:2680: checking whether make sets $(MAKE)
configure:2702: result: yes
configure:2783: checking whether to enable maintainer-specific portions of Makefiles
configure:2792: result: no
configure:2871: checking for gcc
configure:2887: found /usr/bin/gcc
configure:2898: result: gcc
configure:3127: checking for C compiler version
configure:3136: gcc --version >&5
gcc (GCC) 4.7.0 20120507 (Red Hat 4.7.0-5)
Copyright (C) 2012 Free Software Foundation, Inc.
This is free software; see the source for copying conditions.  There is NO
warranty; not even for MERCHANTABILITY or FITNESS FOR A PARTICULAR PURPOSE.

configure:3147: $? = 0
configure:3136: gcc -v >&5
Using built-in specs.
COLLECT_GCC=gcc
COLLECT_LTO_WRAPPER=/usr/libexec/gcc/x86_64-redhat-linux/4.7.0/lto-wrapper
Target: x86_64-redhat-linux
Configured with: ../configure --prefix=/usr --mandir=/usr/share/man --infodir=/usr/share/info --with-bugurl=http://bugzilla.redhat.com/bugzilla --enable-bootstrap --enable-shared --enable-threads=posix --enable-checking=release --disable-build-with-cxx --disable-build-poststage1-with-cxx --with-system-zlib --enable-__cxa_atexit --disable-libunwind-exceptions --enable-gnu-unique-object --enable-linker-build-id --with-linker-hash-style=gnu --enable-languages=c,c++,objc,obj-c++,java,fortran,ada,go,lto --enable-plugin --enable-initfini-array --enable-java-awt=gtk --disable-dssi --with-java-home=/usr/lib/jvm/java-1.5.0-gcj-1.5.0.0/jre --enable-libgcj-multifile --enable-java-maintainer-mode --with-ecj-jar=/usr/share/java/eclipse-ecj.jar --disable-libjava-multilib --with-ppl --with-cloog --with-tune=generic --with-arch_32=i686 --build=x86_64-redhat-linux
Thread model: posix
gcc version 4.7.0 20120507 (Red Hat 4.7.0-5) (GCC) 
configure:3147: $? = 0
configure:3136: gcc -V >&5
gcc: error: unrecognized command line option '-V'
gcc: fatal error: no input files
compilation terminated.
configure:3147: $? = 4
configure:3136: gcc -qversion >&5
gcc: error: unrecognized command line option '-qversion'
gcc: fatal error: no input files
compilation terminated.
configure:3147: $? = 4
configure:3167: checking whether the C compiler works
configure:3189: gcc    conftest.c  >&5
configure:3193: $? = 0
configure:3241: result: yes
configure:3244: checking for C compiler default output file name
configure:3246: result: a.out
configure:3252: checking for suffix of executables
configure:3259: gcc -o conftest    conftest.c  >&5
configure:3263: $? = 0
configure:3285: result: 
configure:3307: checking whether we are cross compiling
configure:3315: gcc -o conftest    conftest.c  >&5
configure:3319: $? = 0
configure:3326: ./conftest
configure:3330: $? = 0
configure:3345: result: no
configure:3350: checking for suffix of object files
configure:3372: gcc -c   conftest.c >&5
configure:3376: $? = 0
configure:3397: result: o
configure:3401: checking whether we are using the GNU C compiler
configure:3420: gcc -c   conftest.c >&5
configure:3420: $? = 0
configure:3429: result: yes
configure:3438: checking whether gcc accepts -g
configure:3458: gcc -c -g  conftest.c >&5
configure:3458: $? = 0
configure:3499: result: yes
configure:3516: checking for gcc option to accept ISO C89
configure:3580: gcc  -c -g -O2  conftest.c >&5
configure:3580: $? = 0
configure:3593: result: none needed
configure:3624: checking for style of include used by make
configure:3652: result: GNU
configure:3678: checking dependency style of gcc
configure:3789: result: gcc3
configure:3813: checking dependency style of gcc
configure:3922: result: gcc3
configure:3941: checking build system type
configure:3955: result: x86_64-unknown-linux-gnu
configure:3975: checking host system type
configure:3988: result: x86_64-unknown-linux-gnu
configure:4008: checking for a sed that does not truncate output
configure:4072: result: /usr/bin/sed
configure:4090: checking for grep that handles long lines and -e
configure:4148: result: /usr/bin/grep
configure:4153: checking for egrep
configure:4215: result: /usr/bin/grep -E
configure:4220: checking for fgrep
configure:4282: result: /usr/bin/grep -F
configure:4309: checking how to print strings
configure:4336: result: printf
configure:4369: checking for ld used by gcc
configure:4436: result: /usr/bin/ld
configure:4443: checking if the linker (/usr/bin/ld) is GNU ld
configure:4458: result: yes
configure:4475: checking how to run the C preprocessor
configure:4506: gcc -E  conftest.c
configure:4506: $? = 0
configure:4520: gcc -E  conftest.c
conftest.c:11:28: fatal error: ac_nonexistent.h: No such file or directory
compilation terminated.
configure:4520: $? = 1
configure: failed program was:
| /* confdefs.h */
| #define PACKAGE_NAME "libpng"
| #define PACKAGE_TARNAME "libpng"
| #define PACKAGE_VERSION "1.5.12"
| #define PACKAGE_STRING "libpng 1.5.12"
| #define PACKAGE_BUGREPORT "png-mng-implement@lists.sourceforge.net"
| #define PACKAGE_URL ""
| #define PACKAGE "libpng"
| #define VERSION "1.5.12"
| /* end confdefs.h.  */
| #include <ac_nonexistent.h>
configure:4545: result: gcc -E
configure:4565: gcc -E  conftest.c
configure:4565: $? = 0
configure:4579: gcc -E  conftest.c
conftest.c:11:28: fatal error: ac_nonexistent.h: No such file or directory
compilation terminated.
configure:4579: $? = 1
configure: failed program was:
| /* confdefs.h */
| #define PACKAGE_NAME "libpng"
| #define PACKAGE_TARNAME "libpng"
| #define PACKAGE_VERSION "1.5.12"
| #define PACKAGE_STRING "libpng 1.5.12"
| #define PACKAGE_BUGREPORT "png-mng-implement@lists.sourceforge.net"
| #define PACKAGE_URL ""
| #define PACKAGE "libpng"
| #define VERSION "1.5.12"
| /* end confdefs.h.  */
| #include <ac_nonexistent.h>
configure:4650: checking for sed
configure:4677: result: /usr/bin/sed
configure:4792: checking whether ln -s works
configure:4796: result: yes
configure:4803: checking whether make sets $(MAKE)
configure:4825: result: yes
configure:4876: checking for BSD- or MS-compatible name lister (nm)
configure:4925: result: /usr/bin/nm -B
configure:5055: checking the name lister (/usr/bin/nm -B) interface
configure:5062: gcc -c -g -O2  conftest.c >&5
configure:5065: /usr/bin/nm -B "conftest.o"
configure:5068: output
0000000000000000 B some_variable
configure:5075: result: BSD nm
configure:5079: checking the maximum length of command line arguments
configure:5209: result: 1572864
configure:5226: checking whether the shell understands some XSI constructs
configure:5236: result: yes
configure:5240: checking whether the shell understands "+="
configure:5246: result: yes
configure:5281: checking how to convert x86_64-unknown-linux-gnu file names to x86_64-unknown-linux-gnu format
configure:5321: result: func_convert_file_noop
configure:5328: checking how to convert x86_64-unknown-linux-gnu file names to toolchain format
configure:5348: result: func_convert_file_noop
configure:5355: checking for /usr/bin/ld option to reload object files
configure:5362: result: -r
configure:5436: checking for objdump
configure:5452: found /usr/bin/objdump
configure:5463: result: objdump
configure:5492: checking how to recognize dependent libraries
configure:5694: result: pass_all
configure:5779: checking for dlltool
configure:5809: result: no
configure:5836: checking how to associate runtime and link libraries
configure:5863: result: printf %s\n
configure:5924: checking for ar
configure:5940: found /usr/bin/ar
configure:5951: result: ar
configure:5988: checking for archiver @FILE support
configure:6005: gcc -c -g -O2  conftest.c >&5
configure:6005: $? = 0
configure:6008: ar cru libconftest.a @conftest.lst >&5
configure:6011: $? = 0
configure:6016: ar cru libconftest.a @conftest.lst >&5
ar: conftest.o: No such file or directory
configure:6019: $? = 1
configure:6031: result: @
configure:6089: checking for strip
configure:6105: found /usr/bin/strip
configure:6116: result: strip
configure:6188: checking for ranlib
configure:6204: found /usr/bin/ranlib
configure:6215: result: ranlib
configure:6317: checking command to parse /usr/bin/nm -B output from gcc object
configure:6437: gcc -c -g -O2  conftest.c >&5
configure:6440: $? = 0
configure:6444: /usr/bin/nm -B conftest.o \| sed -n -e 's/^.*[ ]\([ABCDGIRSTW][ABCDGIRSTW]*\)[ ][ ]*\([_A-Za-z][_A-Za-z0-9]*\)$/\1 \2 \2/p' | sed '/ __gnu_lto/d' \> conftest.nm
configure:6447: $? = 0
configure:6513: gcc -o conftest -g -O2   conftest.c conftstm.o >&5
configure:6516: $? = 0
configure:6554: result: ok
configure:6591: checking for sysroot
configure:6621: result: no
configure:6698: gcc -c -g -O2  conftest.c >&5
configure:6701: $? = 0
configure:6877: checking for mt
configure:6907: result: no
configure:6927: checking if : is a manifest tool
configure:6933: : '-?'
configure:6941: result: no
configure:7579: checking for ANSI C header files
configure:7599: gcc -c -g -O2  conftest.c >&5
configure:7599: $? = 0
configure:7672: gcc -o conftest -g -O2   conftest.c  >&5
configure:7672: $? = 0
configure:7672: ./conftest
configure:7672: $? = 0
configure:7683: result: yes
configure:7696: checking for sys/types.h
configure:7696: gcc -c -g -O2  conftest.c >&5
configure:7696: $? = 0
configure:7696: result: yes
configure:7696: checking for sys/stat.h
configure:7696: gcc -c -g -O2  conftest.c >&5
configure:7696: $? = 0
configure:7696: result: yes
configure:7696: checking for stdlib.h
configure:7696: gcc -c -g -O2  conftest.c >&5
configure:7696: $? = 0
configure:7696: result: yes
configure:7696: checking for string.h
configure:7696: gcc -c -g -O2  conftest.c >&5
configure:7696: $? = 0
configure:7696: result: yes
configure:7696: checking for memory.h
configure:7696: gcc -c -g -O2  conftest.c >&5
configure:7696: $? = 0
configure:7696: result: yes
configure:7696: checking for strings.h
configure:7696: gcc -c -g -O2  conftest.c >&5
configure:7696: $? = 0
configure:7696: result: yes
configure:7696: checking for inttypes.h
configure:7696: gcc -c -g -O2  conftest.c >&5
configure:7696: $? = 0
configure:7696: result: yes
configure:7696: checking for stdint.h
configure:7696: gcc -c -g -O2  conftest.c >&5
configure:7696: $? = 0
configure:7696: result: yes
configure:7696: checking for unistd.h
configure:7696: gcc -c -g -O2  conftest.c >&5
configure:7696: $? = 0
configure:7696: result: yes
configure:7710: checking for dlfcn.h
configure:7710: gcc -c -g -O2  conftest.c >&5
configure:7710: $? = 0
configure:7710: result: yes
configure:8214: checking for objdir
configure:8229: result: .libs
configure:8496: checking if gcc supports -fno-rtti -fno-exceptions
configure:8514: gcc -c -g -O2  -fno-rtti -fno-exceptions conftest.c >&5
cc1: warning: command line option '-fno-rtti' is valid for C++/ObjC++ but not for C [enabled by default]
configure:8518: $? = 0
configure:8531: result: no
configure:8858: checking for gcc option to produce PIC
configure:8865: result: -fPIC -DPIC
configure:8873: checking if gcc PIC flag -fPIC -DPIC works
configure:8891: gcc -c -g -O2  -fPIC -DPIC -DPIC conftest.c >&5
configure:8895: $? = 0
configure:8908: result: yes
configure:8937: checking if gcc static flag -static works
configure:8965: result: no
configure:8980: checking if gcc supports -c -o file.o
configure:9001: gcc -c -g -O2  -o out/conftest2.o conftest.c >&5
configure:9005: $? = 0
configure:9027: result: yes
configure:9035: checking if gcc supports -c -o file.o
configure:9082: result: yes
configure:9115: checking whether the gcc linker (/usr/bin/ld -m elf_x86_64) supports shared libraries
configure:10268: result: yes
configure:10305: checking whether -lc should be explicitly linked in
configure:10313: gcc -c -g -O2  conftest.c >&5
configure:10316: $? = 0
configure:10331: gcc -shared  -fPIC -DPIC conftest.o  -v -Wl,-soname -Wl,conftest -o conftest 2\>\&1 \| /usr/bin/grep  -lc  \>/dev/null 2\>\&1
configure:10334: $? = 0
configure:10348: result: no
configure:10508: checking dynamic linker characteristics
configure:11019: gcc -o conftest -g -O2   -Wl,-rpath -Wl,/foo conftest.c  >&5
configure:11019: $? = 0
configure:11245: result: GNU/Linux ld.so
configure:11352: checking how to hardcode library paths into programs
configure:11377: result: immediate
configure:11917: checking whether stripping libraries is possible
configure:11922: result: yes
configure:11957: checking if libtool supports shared libraries
configure:11959: result: yes
configure:11962: checking whether to build shared libraries
configure:11983: result: yes
configure:11986: checking whether to build static libraries
configure:11990: result: yes
configure:12032: checking for a C preprocessor that does not parse its input
configure:12038: gcc -E  conftest.c
configure:12038: $? = 0
configure:12058: result: gcc -E
configure:12069: checking for ANSI C header files
configure:12173: result: yes
configure:12184: checking malloc.h usability
configure:12184: gcc -c -g -O2  conftest.c >&5
configure:12184: $? = 0
configure:12184: result: yes
configure:12184: checking malloc.h presence
configure:12184: gcc -E  conftest.c
configure:12184: $? = 0
configure:12184: result: yes
configure:12184: checking for malloc.h
configure:12184: result: yes
configure:12184: checking for stdlib.h
configure:12184: result: yes
configure:12184: checking for string.h
configure:12184: result: yes
configure:12184: checking for strings.h
configure:12184: result: yes
configure:12196: checking for an ANSI C-conforming const
configure:12261: gcc -c -g -O2  conftest.c >&5
configure:12261: $? = 0
configure:12268: result: yes
configure:12276: checking for size_t
configure:12276: gcc -c -g -O2  conftest.c >&5
configure:12276: $? = 0
configure:12276: gcc -c -g -O2  conftest.c >&5
conftest.c: In function 'main':
conftest.c:64:21: error: expected expression before ')' token
configure:12276: $? = 1
configure: failed program was:
| /* confdefs.h */
| #define PACKAGE_NAME "libpng"
| #define PACKAGE_TARNAME "libpng"
| #define PACKAGE_VERSION "1.5.12"
| #define PACKAGE_STRING "libpng 1.5.12"
| #define PACKAGE_BUGREPORT "png-mng-implement@lists.sourceforge.net"
| #define PACKAGE_URL ""
| #define PACKAGE "libpng"
| #define VERSION "1.5.12"
| #define STDC_HEADERS 1
| #define HAVE_SYS_TYPES_H 1
| #define HAVE_SYS_STAT_H 1
| #define HAVE_STDLIB_H 1
| #define HAVE_STRING_H 1
| #define HAVE_MEMORY_H 1
| #define HAVE_STRINGS_H 1
| #define HAVE_INTTYPES_H 1
| #define HAVE_STDINT_H 1
| #define HAVE_UNISTD_H 1
| #define HAVE_DLFCN_H 1
| #define LT_OBJDIR ".libs/"
| #define STDC_HEADERS 1
| #define HAVE_MALLOC_H 1
| #define HAVE_STDLIB_H 1
| #define HAVE_STRING_H 1
| #define HAVE_STRINGS_H 1
| /* end confdefs.h.  */
| #include <stdio.h>
| #ifdef HAVE_SYS_TYPES_H
| # include <sys/types.h>
| #endif
| #ifdef HAVE_SYS_STAT_H
| # include <sys/stat.h>
| #endif
| #ifdef STDC_HEADERS
| # include <stdlib.h>
| # include <stddef.h>
| #else
| # ifdef HAVE_STDLIB_H
| #  include <stdlib.h>
| # endif
| #endif
| #ifdef HAVE_STRING_H
| # if !defined STDC_HEADERS && defined HAVE_MEMORY_H
| #  include <memory.h>
| # endif
| # include <string.h>
| #endif
| #ifdef HAVE_STRINGS_H
| # include <strings.h>
| #endif
| #ifdef HAVE_INTTYPES_H
| # include <inttypes.h>
| #endif
| #ifdef HAVE_STDINT_H
| # include <stdint.h>
| #endif
| #ifdef HAVE_UNISTD_H
| # include <unistd.h>
| #endif
| int
| main ()
| {
| if (sizeof ((size_t)))
| 	    return 0;
|   ;
|   return 0;
| }
configure:12276: result: yes
configure:12287: checking whether struct tm is in sys/time.h or time.h
configure:12307: gcc -c -g -O2  conftest.c >&5
configure:12307: $? = 0
configure:12314: result: time.h
configure:12322: checking for C/C++ restrict keyword
configure:12347: gcc -c -g -O2  conftest.c >&5
configure:12347: $? = 0
configure:12355: result: __restrict
configure:12370: checking for working strtod
configure:12411: gcc -o conftest -g -O2   conftest.c  >&5
configure:12411: $? = 0
configure:12411: ./conftest
configure:12411: $? = 0
configure:12421: result: yes
configure:12485: checking for memset
configure:12485: gcc -o conftest -g -O2   conftest.c  >&5
conftest.c:52:6: warning: conflicting types for built-in function 'memset' [enabled by default]
configure:12485: $? = 0
configure:12485: result: yes
configure:12498: checking for pow
configure:12498: gcc -o conftest -g -O2   conftest.c  >&5
conftest.c:53:6: warning: conflicting types for built-in function 'pow' [enabled by default]
/tmp/ccf3stS7.o: In function `main':
/home/samuel/os/1.06/contrib/libpng-1.5.12/conftest.c:64: undefined reference to `pow'
collect2: error: ld returned 1 exit status
configure:12498: $? = 1
configure: failed program was:
| /* confdefs.h */
| #define PACKAGE_NAME "libpng"
| #define PACKAGE_TARNAME "libpng"
| #define PACKAGE_VERSION "1.5.12"
| #define PACKAGE_STRING "libpng 1.5.12"
| #define PACKAGE_BUGREPORT "png-mng-implement@lists.sourceforge.net"
| #define PACKAGE_URL ""
| #define PACKAGE "libpng"
| #define VERSION "1.5.12"
| #define STDC_HEADERS 1
| #define HAVE_SYS_TYPES_H 1
| #define HAVE_SYS_STAT_H 1
| #define HAVE_STDLIB_H 1
| #define HAVE_STRING_H 1
| #define HAVE_MEMORY_H 1
| #define HAVE_STRINGS_H 1
| #define HAVE_INTTYPES_H 1
| #define HAVE_STDINT_H 1
| #define HAVE_UNISTD_H 1
| #define HAVE_DLFCN_H 1
| #define LT_OBJDIR ".libs/"
| #define STDC_HEADERS 1
| #define HAVE_MALLOC_H 1
| #define HAVE_STDLIB_H 1
| #define HAVE_STRING_H 1
| #define HAVE_STRINGS_H 1
| #define restrict __restrict
| #define HAVE_MEMSET 1
| /* end confdefs.h.  */
| /* Define pow to an innocuous variant, in case <limits.h> declares pow.
|    For example, HP-UX 11i <limits.h> declares gettimeofday.  */
| #define pow innocuous_pow
| 
| /* System header to define __stub macros and hopefully few prototypes,
|     which can conflict with char pow (); below.
|     Prefer <limits.h> to <assert.h> if __STDC__ is defined, since
|     <limits.h> exists even on freestanding compilers.  */
| 
| #ifdef __STDC__
| # include <limits.h>
| #else
| # include <assert.h>
| #endif
| 
| #undef pow
| 
| /* Override any GCC internal prototype to avoid an error.
|    Use char because int might match the return type of a GCC
|    builtin and then its argument prototype would still apply.  */
| #ifdef __cplusplus
| extern "C"
| #endif
| char pow ();
| /* The GNU C library defines this for functions which it implements
|     to always fail with ENOSYS.  Some functions are actually named
|     something starting with __ and the normal name is an alias.  */
| #if defined __stub_pow || defined __stub___pow
| choke me
| #endif
| 
| int
| main ()
| {
| return pow ();
|   ;
|   return 0;
| }
configure:12498: result: no
configure:12505: checking for pow in -lm
configure:12530: gcc -o conftest -g -O2   conftest.c -lm   >&5
conftest.c:37:6: warning: conflicting types for built-in function 'pow' [enabled by default]
configure:12530: $? = 0
configure:12539: result: yes
configure:12563: checking for zlibVersion in -lz
configure:12588: gcc -o conftest -g -O2   conftest.c -lz  -lm  >&5
configure:12588: $? = 0
configure:12597: result: yes
configure:12662: checking for feenableexcept in -lm
configure:12687: gcc -o conftest -g -O2   conftest.c -lm  -lz -lm  >&5
configure:12687: $? = 0
configure:12696: result: yes
configure:12709: checking for feenableexcept
configure:12709: gcc -o conftest -g -O2   conftest.c -lm -lz -lm  >&5
configure:12709: $? = 0
configure:12709: result: yes
configure:12723: checking if using Solaris linker
configure:12732: result: no
configure:12744: checking if libraries can be versioned
configure:12765: result: yes
configure:12787: checking for symbol prefix
configure:12794: result: 
configure:12816: pkgconfig directory is ${libdir}/pkgconfig
configure:13019: creating ./config.status

## ---------------------- ##
## Running config.status. ##
## ---------------------- ##

This file was extended by libpng config.status 1.5.12, which was
generated by GNU Autoconf 2.68.  Invocation command line was

  CONFIG_FILES    = 
  CONFIG_HEADERS  = 
  CONFIG_LINKS    = 
  CONFIG_COMMANDS = 
  $ ./config.status 

on localhost.localdomain

config.status:1128: creating Makefile
config.status:1128: creating libpng.pc
config.status:1128: creating libpng-config
config.status:1128: creating config.h
config.status:1357: executing depfiles commands
config.status:1357: executing libtool commands

## ---------------- ##
## Cache variables. ##
## ---------------- ##

ac_cv_build=x86_64-unknown-linux-gnu
ac_cv_c_compiler_gnu=yes
ac_cv_c_const=yes
ac_cv_c_restrict=__restrict
ac_cv_env_CCASFLAGS_set=
ac_cv_env_CCASFLAGS_value=
ac_cv_env_CCAS_set=
ac_cv_env_CCAS_value=
ac_cv_env_CC_set=
ac_cv_env_CC_value=
ac_cv_env_CFLAGS_set=
ac_cv_env_CFLAGS_value=
ac_cv_env_CPPFLAGS_set=
ac_cv_env_CPPFLAGS_value=
ac_cv_env_CPP_set=
ac_cv_env_CPP_value=
ac_cv_env_LDFLAGS_set=
ac_cv_env_LDFLAGS_value=
ac_cv_env_LIBS_set=
ac_cv_env_LIBS_value=
ac_cv_env_build_alias_set=
ac_cv_env_build_alias_value=
ac_cv_env_host_alias_set=
ac_cv_env_host_alias_value=
ac_cv_env_target_alias_set=
ac_cv_env_target_alias_value=
ac_cv_func_feenableexcept=yes
ac_cv_func_memset=yes
ac_cv_func_pow=no
ac_cv_func_strtod=yes
ac_cv_header_dlfcn_h=yes
ac_cv_header_inttypes_h=yes
ac_cv_header_malloc_h=yes
ac_cv_header_memory_h=yes
ac_cv_header_stdc=yes
ac_cv_header_stdint_h=yes
ac_cv_header_stdlib_h=yes
ac_cv_header_string_h=yes
ac_cv_header_strings_h=yes
ac_cv_header_sys_stat_h=yes
ac_cv_header_sys_types_h=yes
ac_cv_header_unistd_h=yes
ac_cv_host=x86_64-unknown-linux-gnu
ac_cv_lib_m_feenableexcept=yes
ac_cv_lib_m_pow=yes
ac_cv_lib_z_zlibVersion=yes
ac_cv_objext=o
ac_cv_path_EGREP='/usr/bin/grep -E'
ac_cv_path_FGREP='/usr/bin/grep -F'
ac_cv_path_GREP=/usr/bin/grep
ac_cv_path_SED=/usr/bin/sed
ac_cv_path_install='/usr/bin/install -c'
ac_cv_path_mkdir=/usr/bin/mkdir
ac_cv_prog_AWK=gawk
ac_cv_prog_CPP='gcc -E'
ac_cv_prog_ac_ct_AR=ar
ac_cv_prog_ac_ct_CC=gcc
ac_cv_prog_ac_ct_OBJDUMP=objdump
ac_cv_prog_ac_ct_RANLIB=ranlib
ac_cv_prog_ac_ct_SED=/usr/bin/sed
ac_cv_prog_ac_ct_STRIP=strip
ac_cv_prog_cc_c89=
ac_cv_prog_cc_g=yes
ac_cv_prog_make_make_set=yes
ac_cv_struct_tm=time.h
ac_cv_type_size_t=yes
am_cv_CCAS_dependencies_compiler_type=gcc3
am_cv_CC_dependencies_compiler_type=gcc3
lt_cv_ar_at_file=@
lt_cv_archive_cmds_need_lc=no
lt_cv_deplibs_check_method=pass_all
lt_cv_file_magic_cmd='$MAGIC_CMD'
lt_cv_file_magic_test_file=
lt_cv_ld_reload_flag=-r
lt_cv_nm_interface='BSD nm'
lt_cv_objdir=.libs
lt_cv_path_LD=/usr/bin/ld
lt_cv_path_NM='/usr/bin/nm -B'
lt_cv_path_mainfest_tool=no
lt_cv_prog_compiler_c_o=yes
lt_cv_prog_compiler_pic='-fPIC -DPIC'
lt_cv_prog_compiler_pic_works=yes
lt_cv_prog_compiler_rtti_exceptions=no
lt_cv_prog_compiler_static_works=no
lt_cv_prog_gnu_ld=yes
lt_cv_sharedlib_from_linklib_cmd='printf %s\n'
lt_cv_shlibpath_overrides_runpath=no
lt_cv_sys_global_symbol_pipe='sed -n -e '\''s/^.*[	 ]\([ABCDGIRSTW][ABCDGIRSTW]*\)[	 ][	 ]*\([_A-Za-z][_A-Za-z0-9]*\)$/\1 \2 \2/p'\'' | sed '\''/ __gnu_lto/d'\'''
lt_cv_sys_global_symbol_to_c_name_address='sed -n -e '\''s/^: \([^ ]*\)[ ]*$/  {\"\1\", (void *) 0},/p'\'' -e '\''s/^[ABCDGIRSTW]* \([^ ]*\) \([^ ]*\)$/  {"\2", (void *) \&\2},/p'\'''
lt_cv_sys_global_symbol_to_c_name_address_lib_prefix='sed -n -e '\''s/^: \([^ ]*\)[ ]*$/  {\"\1\", (void *) 0},/p'\'' -e '\''s/^[ABCDGIRSTW]* \([^ ]*\) \(lib[^ ]*\)$/  {"\2", (void *) \&\2},/p'\'' -e '\''s/^[ABCDGIRSTW]* \([^ ]*\) \([^ ]*\)$/  {"lib\2", (void *) \&\2},/p'\'''
lt_cv_sys_global_symbol_to_cdecl='sed -n -e '\''s/^T .* \(.*\)$/extern int \1();/p'\'' -e '\''s/^[ABCDGIRSTW]* .* \(.*\)$/extern char \1;/p'\'''
lt_cv_sys_max_cmd_len=1572864
lt_cv_to_host_file_cmd=func_convert_file_noop
lt_cv_to_tool_file_cmd=func_convert_file_noop

## ----------------- ##
## Output variables. ##
## ----------------- ##

ACLOCAL='${SHELL} /home/samuel/os/1.06/contrib/libpng-1.5.12/missing --run aclocal-1.11'
AMDEPBACKSLASH='\'
AMDEP_FALSE='#'
AMDEP_TRUE=''
AMTAR='$${TAR-tar}'
AM_CCASFLAGS='-Wa,--noexecstack'
AR='ar'
AS='as'
AUTOCONF='${SHELL} /home/samuel/os/1.06/contrib/libpng-1.5.12/missing --run autoconf'
AUTOHEADER='${SHELL} /home/samuel/os/1.06/contrib/libpng-1.5.12/missing --run autoheader'
AUTOMAKE='${SHELL} /home/samuel/os/1.06/contrib/libpng-1.5.12/missing --run automake-1.11'
AWK='gawk'
CC='gcc'
CCAS='gcc'
CCASDEPMODE='depmode=gcc3'
CCASFLAGS='-g -O2'
CCDEPMODE='depmode=gcc3'
CFLAGS='-g -O2'
CPP='gcc -E'
CPPFLAGS=''
CYGPATH_W='echo'
DEFS='-DHAVE_CONFIG_H'
DEPDIR='.deps'
DFNCPP='gcc -E'
DLLTOOL='false'
DSYMUTIL=''
DUMPBIN=''
ECHO_C=''
ECHO_N='-n'
ECHO_T=''
EGREP='/usr/bin/grep -E'
EXEEXT=''
FGREP='/usr/bin/grep -F'
GREP='/usr/bin/grep'
HAVE_LD_VERSION_SCRIPT_FALSE='#'
HAVE_LD_VERSION_SCRIPT_TRUE=''
HAVE_SOLARIS_LD_FALSE=''
HAVE_SOLARIS_LD_TRUE='#'
INSTALL_DATA='${INSTALL} -m 644'
INSTALL_PROGRAM='${INSTALL}'
INSTALL_SCRIPT='${INSTALL}'
INSTALL_STRIP_PROGRAM='$(install_sh) -c -s'
LD='/usr/bin/ld -m elf_x86_64'
LDFLAGS=''
LIBOBJS=''
LIBPNG_DEFINES='-DPNG_CONFIGURE_LIBPNG'
LIBS='-lm -lz -lm '
LIBTOOL='$(SHELL) $(top_builddir)/libtool'
LIPO=''
LN_S='ln -s'
LTLIBOBJS=''
MAINT='#'
MAINTAINER_MODE_FALSE=''
MAINTAINER_MODE_TRUE='#'
MAKEINFO='${SHELL} /home/samuel/os/1.06/contrib/libpng-1.5.12/missing --run makeinfo'
MANIFEST_TOOL=':'
MKDIR_P='/usr/bin/mkdir -p'
NM='/usr/bin/nm -B'
NMEDIT=''
OBJDUMP='objdump'
OBJEXT='o'
OTOOL64=''
OTOOL=''
PACKAGE='libpng'
PACKAGE_BUGREPORT='png-mng-implement@lists.sourceforge.net'
PACKAGE_NAME='libpng'
PACKAGE_STRING='libpng 1.5.12'
PACKAGE_TARNAME='libpng'
PACKAGE_URL=''
PACKAGE_VERSION='1.5.12'
PATH_SEPARATOR=':'
PNGLIB_MAJOR='1'
PNGLIB_MINOR='5'
PNGLIB_RELEASE='12'
PNGLIB_VERSION='1.5.12'
PNG_ARM_NEON_FALSE=''
PNG_ARM_NEON_TRUE='#'
POW_LIB=''
RANLIB='ranlib'
SED='/usr/bin/sed'
SET_MAKE=''
SHELL='/bin/sh'
STRIP='strip'
SYMBOL_PREFIX=''
VERSION='1.5.12'
ac_ct_AR='ar'
ac_ct_CC='gcc'
ac_ct_DUMPBIN=''
am__EXEEXT_FALSE=''
am__EXEEXT_TRUE='#'
am__fastdepCCAS_FALSE='#'
am__fastdepCCAS_TRUE=''
am__fastdepCC_FALSE='#'
am__fastdepCC_TRUE=''
am__include='include'
am__isrc=''
am__leading_dot='.'
am__nodep='_no'
am__quote=''
am__tar='$${TAR-tar} chof - "$$tardir"'
am__untar='$${TAR-tar} xf -'
binconfigs='${binconfigs}'
bindir='${exec_prefix}/bin'
build='x86_64-unknown-linux-gnu'
build_alias=''
build_cpu='x86_64'
build_os='linux-gnu'
build_vendor='unknown'
datadir='${datarootdir}'
datarootdir='${prefix}/share'
docdir='${datarootdir}/doc/${PACKAGE_TARNAME}'
dvidir='${docdir}'
exec_prefix='${prefix}'
host='x86_64-unknown-linux-gnu'
host_alias=''
host_cpu='x86_64'
host_os='linux-gnu'
host_vendor='unknown'
htmldir='${docdir}'
includedir='${prefix}/include'
infodir='${datarootdir}/info'
install_sh='${SHELL} /home/samuel/os/1.06/contrib/libpng-1.5.12/install-sh'
libdir='${exec_prefix}/lib'
libexecdir='${exec_prefix}/libexec'
localedir='${datarootdir}/locale'
localstatedir='${prefix}/var'
mandir='${datarootdir}/man'
mkdir_p='/usr/bin/mkdir -p'
oldincludedir='/usr/include'
pdfdir='${docdir}'
pkgconfigdir='${libdir}/pkgconfig'
prefix='/usr/local'
program_transform_name='s,x,x,'
psdir='${docdir}'
sbindir='${exec_prefix}/sbin'
sharedstatedir='${prefix}/com'
sysconfdir='${prefix}/etc'
target_alias=''

## ----------- ##
## confdefs.h. ##
## ----------- ##

/* confdefs.h */
#define PACKAGE_NAME "libpng"
#define PACKAGE_TARNAME "libpng"
#define PACKAGE_VERSION "1.5.12"
#define PACKAGE_STRING "libpng 1.5.12"
#define PACKAGE_BUGREPORT "png-mng-implement@lists.sourceforge.net"
#define PACKAGE_URL ""
#define PACKAGE "libpng"
#define VERSION "1.5.12"
#define STDC_HEADERS 1
#define HAVE_SYS_TYPES_H 1
#define HAVE_SYS_STAT_H 1
#define HAVE_STDLIB_H 1
#define HAVE_STRING_H 1
#define HAVE_MEMORY_H 1
#define HAVE_STRINGS_H 1
#define HAVE_INTTYPES_H 1
#define HAVE_STDINT_H 1
#define HAVE_UNISTD_H 1
#define HAVE_DLFCN_H 1
#define LT_OBJDIR ".libs/"
#define STDC_HEADERS 1
#define HAVE_MALLOC_H 1
#define HAVE_STDLIB_H 1
#define HAVE_STRING_H 1
#define HAVE_STRINGS_H 1
#define restrict __restrict
#define HAVE_MEMSET 1
#define HAVE_LIBM 1
#define HAVE_LIBZ 1
#define HAVE_LIBM 1
#define HAVE_FEENABLEEXCEPT 1

configure: exit 0
