This file contains any messages produced by compilers while
running configure, to aid debugging if configure makes a mistake.

It was created by lighttpd configure 1.4.31, which was
generated by GNU Autoconf 2.68.  Invocation command line was

  $ ./configure 

## --------- ##
## Platform. ##
## --------- ##

hostname = samuel-M61SME-S2
uname -m = x86_64
uname -r = 3.2.0-31-generic
uname -s = Linux
uname -v = #50-Ubuntu SMP Fri Sep 7 16:16:45 UTC 2012

/usr/bin/uname -p = unknown
/bin/uname -X     = unknown

/bin/arch              = unknown
/usr/bin/arch -k       = unknown
/usr/convex/getsysinfo = unknown
/usr/bin/hostinfo      = unknown
/bin/machine           = unknown
/usr/bin/oslevel       = unknown
/bin/universe          = unknown

PATH: /usr/lib/lightdm/lightdm
PATH: /usr/local/sbin
PATH: /usr/local/bin
PATH: /usr/sbin
PATH: /usr/bin
PATH: /sbin
PATH: /bin
PATH: /usr/games


## ----------- ##
## Core tests. ##
## ----------- ##

configure:2633: checking build system type
configure:2647: result: x86_64-unknown-linux-gnu
configure:2667: checking host system type
configure:2680: result: x86_64-unknown-linux-gnu
configure:2700: checking target system type
configure:2713: result: x86_64-unknown-linux-gnu
configure:2756: checking for a BSD-compatible install
configure:2824: result: /usr/bin/install -c
configure:2835: checking whether build environment is sane
configure:2885: result: yes
configure:3026: checking for a thread-safe mkdir -p
configure:3065: result: /bin/mkdir -p
configure:3078: checking for gawk
configure:3108: result: no
configure:3078: checking for mawk
configure:3094: found /usr/bin/mawk
configure:3105: result: mawk
configure:3116: checking whether make sets $(MAKE)
configure:3138: result: yes
configure:3213: checking how to create a ustar tar archive
configure:3226: tar --version
tar (GNU tar) 1.26
Copyright (C) 2011 Free Software Foundation, Inc.
License GPLv3+: GNU GPL version 3 or later <http://gnu.org/licenses/gpl.html>.
This is free software: you are free to change and redistribute it.
There is NO WARRANTY, to the extent permitted by law.

Written by John Gilmore and Jay Fenlason.
configure:3229: $? = 0
configure:3269: tardir=conftest.dir && eval tar --format=ustar -chf - "$tardir" >conftest.tar
configure:3272: $? = 0
configure:3276: tar -xf - <conftest.tar
configure:3279: $? = 0
configure:3292: result: gnutar
configure:3311: checking whether make supports nested variables
configure:3328: result: yes
configure:3388: checking for gcc
configure:3404: found /usr/bin/gcc
configure:3415: result: gcc
configure:3644: checking for C compiler version
configure:3653: gcc --version >&5
gcc (Ubuntu/Linaro 4.6.3-1ubuntu5) 4.6.3
Copyright (C) 2011 Free Software Foundation, Inc.
This is free software; see the source for copying conditions.  There is NO
warranty; not even for MERCHANTABILITY or FITNESS FOR A PARTICULAR PURPOSE.

configure:3664: $? = 0
configure:3653: gcc -v >&5
Using built-in specs.
COLLECT_GCC=gcc
COLLECT_LTO_WRAPPER=/usr/lib/gcc/x86_64-linux-gnu/4.6/lto-wrapper
Target: x86_64-linux-gnu
Configured with: ../src/configure -v --with-pkgversion='Ubuntu/Linaro 4.6.3-1ubuntu5' --with-bugurl=file:///usr/share/doc/gcc-4.6/README.Bugs --enable-languages=c,c++,fortran,objc,obj-c++ --prefix=/usr --program-suffix=-4.6 --enable-shared --enable-linker-build-id --with-system-zlib --libexecdir=/usr/lib --without-included-gettext --enable-threads=posix --with-gxx-include-dir=/usr/include/c++/4.6 --libdir=/usr/lib --enable-nls --with-sysroot=/ --enable-clocale=gnu --enable-libstdcxx-debug --enable-libstdcxx-time=yes --enable-gnu-unique-object --enable-plugin --enable-objc-gc --disable-werror --with-arch-32=i686 --with-tune=generic --enable-checking=release --build=x86_64-linux-gnu --host=x86_64-linux-gnu --target=x86_64-linux-gnu
Thread model: posix
gcc version 4.6.3 (Ubuntu/Linaro 4.6.3-1ubuntu5) 
configure:3664: $? = 0
configure:3653: gcc -V >&5
gcc: error: unrecognized option '-V'
gcc: fatal error: no input files
compilation terminated.
configure:3664: $? = 4
configure:3653: gcc -qversion >&5
gcc: error: unrecognized option '-qversion'
gcc: fatal error: no input files
compilation terminated.
configure:3664: $? = 4
configure:3684: checking whether the C compiler works
configure:3706: gcc    conftest.c  >&5
configure:3710: $? = 0
configure:3758: result: yes
configure:3761: checking for C compiler default output file name
configure:3763: result: a.out
configure:3769: checking for suffix of executables
configure:3776: gcc -o conftest    conftest.c  >&5
configure:3780: $? = 0
configure:3802: result: 
configure:3824: checking whether we are cross compiling
configure:3832: gcc -o conftest    conftest.c  >&5
configure:3836: $? = 0
configure:3843: ./conftest
configure:3847: $? = 0
configure:3862: result: no
configure:3867: checking for suffix of object files
configure:3889: gcc -c   conftest.c >&5
configure:3893: $? = 0
configure:3914: result: o
configure:3918: checking whether we are using the GNU C compiler
configure:3937: gcc -c   conftest.c >&5
configure:3937: $? = 0
configure:3946: result: yes
configure:3955: checking whether gcc accepts -g
configure:3975: gcc -c -g  conftest.c >&5
configure:3975: $? = 0
configure:4016: result: yes
configure:4033: checking for gcc option to accept ISO C89
configure:4097: gcc  -c -g -O2  conftest.c >&5
configure:4097: $? = 0
configure:4110: result: none needed
configure:4141: checking for style of include used by make
configure:4169: result: GNU
configure:4195: checking dependency style of gcc
configure:4306: result: gcc3
configure:4322: checking whether gcc and cc understand -c and -o together
configure:4353: gcc -c conftest.c -o conftest2.o >&5
configure:4357: $? = 0
configure:4363: gcc -c conftest.c -o conftest2.o >&5
configure:4367: $? = 0
configure:4378: cc -c conftest.c >&5
configure:4382: $? = 0
configure:4390: cc -c conftest.c -o conftest2.o >&5
configure:4394: $? = 0
configure:4400: cc -c conftest.c -o conftest2.o >&5
configure:4404: $? = 0
configure:4422: result: yes
configure:4447: checking for a sed that does not truncate output
configure:4511: result: /bin/sed
configure:4529: checking for grep that handles long lines and -e
configure:4587: result: /bin/grep
configure:4592: checking for egrep
configure:4654: result: /bin/grep -E
configure:4659: checking for fgrep
configure:4721: result: /bin/grep -F
configure:4748: checking how to print strings
configure:4775: result: printf
configure:4808: checking for ld used by gcc
configure:4875: result: /usr/bin/ld
configure:4882: checking if the linker (/usr/bin/ld) is GNU ld
configure:4897: result: yes
configure:4914: checking for gawk
configure:4941: result: mawk
configure:4957: checking how to run the C preprocessor
configure:4988: gcc -E  conftest.c
configure:4988: $? = 0
configure:5002: gcc -E  conftest.c
conftest.c:11:28: fatal error: ac_nonexistent.h: No such file or directory
compilation terminated.
configure:5002: $? = 1
configure: failed program was:
| /* confdefs.h */
| #define PACKAGE_NAME "lighttpd"
| #define PACKAGE_TARNAME "lighttpd"
| #define PACKAGE_VERSION "1.4.31"
| #define PACKAGE_STRING "lighttpd 1.4.31"
| #define PACKAGE_BUGREPORT "contact@lighttpd.net"
| #define PACKAGE_URL ""
| #define PACKAGE "lighttpd"
| #define VERSION "1.4.31"
| /* end confdefs.h.  */
| #include <ac_nonexistent.h>
configure:5027: result: gcc -E
configure:5047: gcc -E  conftest.c
configure:5047: $? = 0
configure:5061: gcc -E  conftest.c
conftest.c:11:28: fatal error: ac_nonexistent.h: No such file or directory
compilation terminated.
configure:5061: $? = 1
configure: failed program was:
| /* confdefs.h */
| #define PACKAGE_NAME "lighttpd"
| #define PACKAGE_TARNAME "lighttpd"
| #define PACKAGE_VERSION "1.4.31"
| #define PACKAGE_STRING "lighttpd 1.4.31"
| #define PACKAGE_BUGREPORT "contact@lighttpd.net"
| #define PACKAGE_URL ""
| #define PACKAGE "lighttpd"
| #define VERSION "1.4.31"
| /* end confdefs.h.  */
| #include <ac_nonexistent.h>
configure:5089: checking whether ln -s works
configure:5093: result: yes
configure:5100: checking whether make sets $(MAKE)
configure:5122: result: yes
configure:5134: checking for ANSI C header files
configure:5154: gcc -c -g -O2  conftest.c >&5
configure:5154: $? = 0
configure:5227: gcc -o conftest -g -O2   conftest.c  >&5
configure:5227: $? = 0
configure:5227: ./conftest
configure:5227: $? = 0
configure:5238: result: yes
configure:5251: checking for sys/types.h
configure:5251: gcc -c -g -O2  conftest.c >&5
configure:5251: $? = 0
configure:5251: result: yes
configure:5251: checking for sys/stat.h
configure:5251: gcc -c -g -O2  conftest.c >&5
configure:5251: $? = 0
configure:5251: result: yes
configure:5251: checking for stdlib.h
configure:5251: gcc -c -g -O2  conftest.c >&5
configure:5251: $? = 0
configure:5251: result: yes
configure:5251: checking for string.h
configure:5251: gcc -c -g -O2  conftest.c >&5
configure:5251: $? = 0
configure:5251: result: yes
configure:5251: checking for memory.h
configure:5251: gcc -c -g -O2  conftest.c >&5
configure:5251: $? = 0
configure:5251: result: yes
configure:5251: checking for strings.h
configure:5251: gcc -c -g -O2  conftest.c >&5
configure:5251: $? = 0
configure:5251: result: yes
configure:5251: checking for inttypes.h
configure:5251: gcc -c -g -O2  conftest.c >&5
configure:5251: $? = 0
configure:5251: result: yes
configure:5251: checking for stdint.h
configure:5251: gcc -c -g -O2  conftest.c >&5
configure:5251: $? = 0
configure:5251: result: yes
configure:5251: checking for unistd.h
configure:5251: gcc -c -g -O2  conftest.c >&5
configure:5251: $? = 0
configure:5251: result: yes
configure:5264: checking minix/config.h usability
configure:5264: gcc -c -g -O2  conftest.c >&5
conftest.c:54:26: fatal error: minix/config.h: No such file or directory
compilation terminated.
configure:5264: $? = 1
configure: failed program was:
| /* confdefs.h */
| #define PACKAGE_NAME "lighttpd"
| #define PACKAGE_TARNAME "lighttpd"
| #define PACKAGE_VERSION "1.4.31"
| #define PACKAGE_STRING "lighttpd 1.4.31"
| #define PACKAGE_BUGREPORT "contact@lighttpd.net"
| #define PACKAGE_URL ""
| #define PACKAGE "lighttpd"
| #define VERSION "1.4.31"
| #define STDC_HEADERS 1
| #define HAVE_SYS_TYPES_H 1
| #define HAVE_SYS_STAT_H 1
| #define HAVE_STDLIB_H 1
| #define HAVE_STRING_H 1
| #define HAVE_MEMORY_H 1
| #define HAVE_STRINGS_H 1
| #define HAVE_INTTYPES_H 1
| #define HAVE_STDINT_H 1
| #define HAVE_UNISTD_H 1
| /* end confdefs.h.  */
| #include <stdio.h>
| #ifdef HAVE_SYS_TYPES_H
| # include <sys/types.h>
| #endif
| #ifdef HAVE_SYS_STAT_H
| # include <sys/stat.h>
| #endif
| #ifdef STDC_HEADERS
| # include <stdlib.h>
| # include <stddef.h>
| #else
| # ifdef HAVE_STDLIB_H
| #  include <stdlib.h>
| # endif
| #endif
| #ifdef HAVE_STRING_H
| # if !defined STDC_HEADERS && defined HAVE_MEMORY_H
| #  include <memory.h>
| # endif
| # include <string.h>
| #endif
| #ifdef HAVE_STRINGS_H
| # include <strings.h>
| #endif
| #ifdef HAVE_INTTYPES_H
| # include <inttypes.h>
| #endif
| #ifdef HAVE_STDINT_H
| # include <stdint.h>
| #endif
| #ifdef HAVE_UNISTD_H
| # include <unistd.h>
| #endif
| #include <minix/config.h>
configure:5264: result: no
configure:5264: checking minix/config.h presence
configure:5264: gcc -E  conftest.c
conftest.c:21:26: fatal error: minix/config.h: No such file or directory
compilation terminated.
configure:5264: $? = 1
configure: failed program was:
| /* confdefs.h */
| #define PACKAGE_NAME "lighttpd"
| #define PACKAGE_TARNAME "lighttpd"
| #define PACKAGE_VERSION "1.4.31"
| #define PACKAGE_STRING "lighttpd 1.4.31"
| #define PACKAGE_BUGREPORT "contact@lighttpd.net"
| #define PACKAGE_URL ""
| #define PACKAGE "lighttpd"
| #define VERSION "1.4.31"
| #define STDC_HEADERS 1
| #define HAVE_SYS_TYPES_H 1
| #define HAVE_SYS_STAT_H 1
| #define HAVE_STDLIB_H 1
| #define HAVE_STRING_H 1
| #define HAVE_MEMORY_H 1
| #define HAVE_STRINGS_H 1
| #define HAVE_INTTYPES_H 1
| #define HAVE_STDINT_H 1
| #define HAVE_UNISTD_H 1
| /* end confdefs.h.  */
| #include <minix/config.h>
configure:5264: result: no
configure:5264: checking for minix/config.h
configure:5264: result: no
configure:5285: checking whether it is safe to define __EXTENSIONS__
configure:5303: gcc -c -g -O2  conftest.c >&5
configure:5303: $? = 0
configure:5310: result: yes
configure:5325: checking for library containing strerror
configure:5356: gcc -o conftest -g -O2   conftest.c  >&5
configure:5356: $? = 0
configure:5373: result: none required
configure:5398: checking for function prototypes
configure:5401: result: yes
configure:5425: checking for string.h
configure:5425: result: yes
configure:5546: checking for BSD- or MS-compatible name lister (nm)
configure:5595: result: /usr/bin/nm -B
configure:5725: checking the name lister (/usr/bin/nm -B) interface
configure:5732: gcc -c -g -O2  conftest.c >&5
configure:5735: /usr/bin/nm -B "conftest.o"
configure:5738: output
0000000000000000 B some_variable
configure:5745: result: BSD nm
configure:5749: checking the maximum length of command line arguments
configure:5879: result: 1572864
configure:5896: checking whether the shell understands some XSI constructs
configure:5906: result: yes
configure:5910: checking whether the shell understands "+="
configure:5916: result: yes
configure:5951: checking how to convert x86_64-unknown-linux-gnu file names to x86_64-unknown-linux-gnu format
configure:5991: result: func_convert_file_noop
configure:5998: checking how to convert x86_64-unknown-linux-gnu file names to toolchain format
configure:6018: result: func_convert_file_noop
configure:6025: checking for /usr/bin/ld option to reload object files
configure:6032: result: -r
configure:6106: checking for objdump
configure:6122: found /usr/bin/objdump
configure:6133: result: objdump
configure:6165: checking how to recognize dependent libraries
configure:6367: result: pass_all
configure:6452: checking for dlltool
configure:6482: result: no
configure:6512: checking how to associate runtime and link libraries
configure:6539: result: printf %s\n
configure:6599: checking for ar
configure:6615: found /usr/bin/ar
configure:6626: result: ar
configure:6663: checking for archiver @FILE support
configure:6680: gcc -c -g -O2  conftest.c >&5
configure:6680: $? = 0
configure:6683: ar cru libconftest.a @conftest.lst >&5
configure:6686: $? = 0
configure:6691: ar cru libconftest.a @conftest.lst >&5
ar: conftest.o: No such file or directory
configure:6694: $? = 1
configure:6706: result: @
configure:6764: checking for strip
configure:6780: found /usr/bin/strip
configure:6791: result: strip
configure:6863: checking for ranlib
configure:6879: found /usr/bin/ranlib
configure:6890: result: ranlib
configure:6992: checking command to parse /usr/bin/nm -B output from gcc object
configure:7112: gcc -c -g -O2  conftest.c >&5
configure:7115: $? = 0
configure:7119: /usr/bin/nm -B conftest.o \| sed -n -e 's/^.*[ ]\([ABCDGIRSTW][ABCDGIRSTW]*\)[ ][ ]*\([_A-Za-z][_A-Za-z0-9]*\)$/\1 \2 \2/p' | sed '/ __gnu_lto/d' \> conftest.nm
configure:7122: $? = 0
configure:7188: gcc -o conftest -g -O2   conftest.c conftstm.o >&5
configure:7191: $? = 0
configure:7229: result: ok
configure:7266: checking for sysroot
configure:7296: result: no
configure:7373: gcc -c -g -O2  conftest.c >&5
configure:7376: $? = 0
configure:7552: checking for mt
configure:7568: found /bin/mt
configure:7579: result: mt
configure:7602: checking if mt is a manifest tool
configure:7608: mt '-?'
configure:7616: result: no
configure:8255: checking for dlfcn.h
configure:8255: gcc -c -g -O2  conftest.c >&5
configure:8255: $? = 0
configure:8255: result: yes
configure:8399: checking for objdir
configure:8414: result: .libs
configure:8685: checking if gcc supports -fno-rtti -fno-exceptions
configure:8703: gcc -c -g -O2  -fno-rtti -fno-exceptions conftest.c >&5
cc1: warning: command line option '-fno-rtti' is valid for C++/ObjC++ but not for C [enabled by default]
configure:8707: $? = 0
configure:8720: result: no
configure:9047: checking for gcc option to produce PIC
configure:9054: result: -fPIC -DPIC
configure:9062: checking if gcc PIC flag -fPIC -DPIC works
configure:9080: gcc -c -g -O2  -fPIC -DPIC -DPIC conftest.c >&5
configure:9084: $? = 0
configure:9097: result: yes
configure:9126: checking if gcc static flag -static works
configure:9154: result: yes
configure:9169: checking if gcc supports -c -o file.o
configure:9190: gcc -c -g -O2  -o out/conftest2.o conftest.c >&5
configure:9194: $? = 0
configure:9216: result: yes
configure:9224: checking if gcc supports -c -o file.o
configure:9271: result: yes
configure:9304: checking whether the gcc linker (/usr/bin/ld -m elf_x86_64) supports shared libraries
configure:10457: result: yes
configure:10494: checking whether -lc should be explicitly linked in
configure:10502: gcc -c -g -O2  conftest.c >&5
configure:10505: $? = 0
configure:10520: gcc -shared  -fPIC -DPIC conftest.o  -v -Wl,-soname -Wl,conftest -o conftest 2\>\&1 \| /bin/grep  -lc  \>/dev/null 2\>\&1
configure:10523: $? = 0
configure:10537: result: no
configure:10697: checking dynamic linker characteristics
configure:11208: gcc -o conftest -g -O2   -Wl,-rpath -Wl,/foo conftest.c  >&5
configure:11208: $? = 0
configure:11434: result: GNU/Linux ld.so
configure:11541: checking how to hardcode library paths into programs
configure:11566: result: immediate
configure:11660: checking for shl_load
configure:11660: gcc -o conftest -g -O2   conftest.c  >&5
/tmp/ccd3IIUw.o: In function `main':
/home/samuel/build/1.07/contrib/lighttpd-1.4.31/conftest.c:65: undefined reference to `shl_load'
collect2: ld returned 1 exit status
configure:11660: $? = 1
configure: failed program was:
| /* confdefs.h */
| #define PACKAGE_NAME "lighttpd"
| #define PACKAGE_TARNAME "lighttpd"
| #define PACKAGE_VERSION "1.4.31"
| #define PACKAGE_STRING "lighttpd 1.4.31"
| #define PACKAGE_BUGREPORT "contact@lighttpd.net"
| #define PACKAGE_URL ""
| #define PACKAGE "lighttpd"
| #define VERSION "1.4.31"
| #define STDC_HEADERS 1
| #define HAVE_SYS_TYPES_H 1
| #define HAVE_SYS_STAT_H 1
| #define HAVE_STDLIB_H 1
| #define HAVE_STRING_H 1
| #define HAVE_MEMORY_H 1
| #define HAVE_STRINGS_H 1
| #define HAVE_INTTYPES_H 1
| #define HAVE_STDINT_H 1
| #define HAVE_UNISTD_H 1
| #define __EXTENSIONS__ 1
| #define _ALL_SOURCE 1
| #define _GNU_SOURCE 1
| #define _POSIX_PTHREAD_SEMANTICS 1
| #define _TANDEM_SOURCE 1
| #define PROTOTYPES 1
| #define __PROTOTYPES 1
| #define HAVE_STRING_H 1
| #define HAVE_DLFCN_H 1
| #define LT_OBJDIR ".libs/"
| /* end confdefs.h.  */
| /* Define shl_load to an innocuous variant, in case <limits.h> declares shl_load.
|    For example, HP-UX 11i <limits.h> declares gettimeofday.  */
| #define shl_load innocuous_shl_load
| 
| /* System header to define __stub macros and hopefully few prototypes,
|     which can conflict with char shl_load (); below.
|     Prefer <limits.h> to <assert.h> if __STDC__ is defined, since
|     <limits.h> exists even on freestanding compilers.  */
| 
| #ifdef __STDC__
| # include <limits.h>
| #else
| # include <assert.h>
| #endif
| 
| #undef shl_load
| 
| /* Override any GCC internal prototype to avoid an error.
|    Use char because int might match the return type of a GCC
|    builtin and then its argument prototype would still apply.  */
| #ifdef __cplusplus
| extern "C"
| #endif
| char shl_load ();
| /* The GNU C library defines this for functions which it implements
|     to always fail with ENOSYS.  Some functions are actually named
|     something starting with __ and the normal name is an alias.  */
| #if defined __stub_shl_load || defined __stub___shl_load
| choke me
| #endif
| 
| int
| main ()
| {
| return shl_load ();
|   ;
|   return 0;
| }
configure:11660: result: no
configure:11664: checking for shl_load in -ldld
configure:11689: gcc -o conftest -g -O2   conftest.c -ldld   >&5
/usr/bin/ld: cannot find -ldld
collect2: ld returned 1 exit status
configure:11689: $? = 1
configure: failed program was:
| /* confdefs.h */
| #define PACKAGE_NAME "lighttpd"
| #define PACKAGE_TARNAME "lighttpd"
| #define PACKAGE_VERSION "1.4.31"
| #define PACKAGE_STRING "lighttpd 1.4.31"
| #define PACKAGE_BUGREPORT "contact@lighttpd.net"
| #define PACKAGE_URL ""
| #define PACKAGE "lighttpd"
| #define VERSION "1.4.31"
| #define STDC_HEADERS 1
| #define HAVE_SYS_TYPES_H 1
| #define HAVE_SYS_STAT_H 1
| #define HAVE_STDLIB_H 1
| #define HAVE_STRING_H 1
| #define HAVE_MEMORY_H 1
| #define HAVE_STRINGS_H 1
| #define HAVE_INTTYPES_H 1
| #define HAVE_STDINT_H 1
| #define HAVE_UNISTD_H 1
| #define __EXTENSIONS__ 1
| #define _ALL_SOURCE 1
| #define _GNU_SOURCE 1
| #define _POSIX_PTHREAD_SEMANTICS 1
| #define _TANDEM_SOURCE 1
| #define PROTOTYPES 1
| #define __PROTOTYPES 1
| #define HAVE_STRING_H 1
| #define HAVE_DLFCN_H 1
| #define LT_OBJDIR ".libs/"
| /* end confdefs.h.  */
| 
| /* Override any GCC internal prototype to avoid an error.
|    Use char because int might match the return type of a GCC
|    builtin and then its argument prototype would still apply.  */
| #ifdef __cplusplus
| extern "C"
| #endif
| char shl_load ();
| int
| main ()
| {
| return shl_load ();
|   ;
|   return 0;
| }
configure:11698: result: no
configure:11703: checking for dlopen
configure:11703: gcc -o conftest -g -O2   conftest.c  >&5
/tmp/cc0ZFDjX.o: In function `main':
/home/samuel/build/1.07/contrib/lighttpd-1.4.31/conftest.c:65: undefined reference to `dlopen'
collect2: ld returned 1 exit status
configure:11703: $? = 1
configure: failed program was:
| /* confdefs.h */
| #define PACKAGE_NAME "lighttpd"
| #define PACKAGE_TARNAME "lighttpd"
| #define PACKAGE_VERSION "1.4.31"
| #define PACKAGE_STRING "lighttpd 1.4.31"
| #define PACKAGE_BUGREPORT "contact@lighttpd.net"
| #define PACKAGE_URL ""
| #define PACKAGE "lighttpd"
| #define VERSION "1.4.31"
| #define STDC_HEADERS 1
| #define HAVE_SYS_TYPES_H 1
| #define HAVE_SYS_STAT_H 1
| #define HAVE_STDLIB_H 1
| #define HAVE_STRING_H 1
| #define HAVE_MEMORY_H 1
| #define HAVE_STRINGS_H 1
| #define HAVE_INTTYPES_H 1
| #define HAVE_STDINT_H 1
| #define HAVE_UNISTD_H 1
| #define __EXTENSIONS__ 1
| #define _ALL_SOURCE 1
| #define _GNU_SOURCE 1
| #define _POSIX_PTHREAD_SEMANTICS 1
| #define _TANDEM_SOURCE 1
| #define PROTOTYPES 1
| #define __PROTOTYPES 1
| #define HAVE_STRING_H 1
| #define HAVE_DLFCN_H 1
| #define LT_OBJDIR ".libs/"
| /* end confdefs.h.  */
| /* Define dlopen to an innocuous variant, in case <limits.h> declares dlopen.
|    For example, HP-UX 11i <limits.h> declares gettimeofday.  */
| #define dlopen innocuous_dlopen
| 
| /* System header to define __stub macros and hopefully few prototypes,
|     which can conflict with char dlopen (); below.
|     Prefer <limits.h> to <assert.h> if __STDC__ is defined, since
|     <limits.h> exists even on freestanding compilers.  */
| 
| #ifdef __STDC__
| # include <limits.h>
| #else
| # include <assert.h>
| #endif
| 
| #undef dlopen
| 
| /* Override any GCC internal prototype to avoid an error.
|    Use char because int might match the return type of a GCC
|    builtin and then its argument prototype would still apply.  */
| #ifdef __cplusplus
| extern "C"
| #endif
| char dlopen ();
| /* The GNU C library defines this for functions which it implements
|     to always fail with ENOSYS.  Some functions are actually named
|     something starting with __ and the normal name is an alias.  */
| #if defined __stub_dlopen || defined __stub___dlopen
| choke me
| #endif
| 
| int
| main ()
| {
| return dlopen ();
|   ;
|   return 0;
| }
configure:11703: result: no
configure:11707: checking for dlopen in -ldl
configure:11732: gcc -o conftest -g -O2   conftest.c -ldl   >&5
configure:11732: $? = 0
configure:11741: result: yes
configure:11860: checking whether a program can dlopen itself
configure:11940: gcc -o conftest -g -O2  -DHAVE_DLFCN_H  -Wl,--export-dynamic conftest.c -ldl  >&5
configure:11943: $? = 0
configure:11961: result: yes
configure:11966: checking whether a statically linked program can dlopen itself
configure:12046: gcc -o conftest -g -O2  -DHAVE_DLFCN_H  -Wl,--export-dynamic -static conftest.c -ldl  >&5
/tmp/ccYkF7ab.o: In function `main':
/home/samuel/build/1.07/contrib/lighttpd-1.4.31/configure:12025: warning: Using 'dlopen' in statically linked applications requires at runtime the shared libraries from the glibc version used for linking
/usr/bin/ld: dynamic STT_GNU_IFUNC symbol `strcmp' with pointer equality in `/usr/lib/gcc/x86_64-linux-gnu/4.6/../../../x86_64-linux-gnu/libc.a(strcmp.o)' can not be used when making an executable; recompile with -fPIE and relink with -pie
collect2: ld returned 1 exit status
configure:12049: $? = 1
configure:12067: result: no
configure:12106: checking whether stripping libraries is possible
configure:12111: result: yes
configure:12146: checking if libtool supports shared libraries
configure:12148: result: yes
configure:12151: checking whether to build shared libraries
configure:12172: result: yes
configure:12175: checking whether to build static libraries
configure:12179: result: no
configure:12219: checking for ANSI C header files
configure:12323: result: yes
configure:12331: checking for sys/wait.h that is POSIX.1 compatible
configure:12357: gcc -c -g -O2  -D_REENTRANT -D__EXTENSIONS__ conftest.c >&5
configure:12357: $? = 0
configure:12364: result: yes
configure:12379: checking arpa/inet.h usability
configure:12379: gcc -c -g -O2  -D_REENTRANT -D__EXTENSIONS__ conftest.c >&5
configure:12379: $? = 0
configure:12379: result: yes
configure:12379: checking arpa/inet.h presence
configure:12379: gcc -E  -D_REENTRANT -D__EXTENSIONS__ conftest.c
configure:12379: $? = 0
configure:12379: result: yes
configure:12379: checking for arpa/inet.h
configure:12379: result: yes
configure:12379: checking fcntl.h usability
configure:12379: gcc -c -g -O2  -D_REENTRANT -D__EXTENSIONS__ conftest.c >&5
configure:12379: $? = 0
configure:12379: result: yes
configure:12379: checking fcntl.h presence
configure:12379: gcc -E  -D_REENTRANT -D__EXTENSIONS__ conftest.c
configure:12379: $? = 0
configure:12379: result: yes
configure:12379: checking for fcntl.h
configure:12379: result: yes
configure:12379: checking netinet/in.h usability
configure:12379: gcc -c -g -O2  -D_REENTRANT -D__EXTENSIONS__ conftest.c >&5
configure:12379: $? = 0
configure:12379: result: yes
configure:12379: checking netinet/in.h presence
configure:12379: gcc -E  -D_REENTRANT -D__EXTENSIONS__ conftest.c
configure:12379: $? = 0
configure:12379: result: yes
configure:12379: checking for netinet/in.h
configure:12379: result: yes
configure:12379: checking for stdlib.h
configure:12379: result: yes
configure:12379: checking for string.h
configure:12379: result: yes
configure:12379: checking sys/socket.h usability
configure:12379: gcc -c -g -O2  -D_REENTRANT -D__EXTENSIONS__ conftest.c >&5
configure:12379: $? = 0
configure:12379: result: yes
configure:12379: checking sys/socket.h presence
configure:12379: gcc -E  -D_REENTRANT -D__EXTENSIONS__ conftest.c
configure:12379: $? = 0
configure:12379: result: yes
configure:12379: checking for sys/socket.h
configure:12379: result: yes
configure:12379: checking sys/time.h usability
configure:12379: gcc -c -g -O2  -D_REENTRANT -D__EXTENSIONS__ conftest.c >&5
configure:12379: $? = 0
configure:12379: result: yes
configure:12379: checking sys/time.h presence
configure:12379: gcc -E  -D_REENTRANT -D__EXTENSIONS__ conftest.c
configure:12379: $? = 0
configure:12379: result: yes
configure:12379: checking for sys/time.h
configure:12379: result: yes
configure:12379: checking for unistd.h
configure:12379: result: yes
configure:12379: checking sys/sendfile.h usability
configure:12379: gcc -c -g -O2  -D_REENTRANT -D__EXTENSIONS__ conftest.c >&5
configure:12379: $? = 0
configure:12379: result: yes
configure:12379: checking sys/sendfile.h presence
configure:12379: gcc -E  -D_REENTRANT -D__EXTENSIONS__ conftest.c
configure:12379: $? = 0
configure:12379: result: yes
configure:12379: checking for sys/sendfile.h
configure:12379: result: yes
configure:12379: checking sys/uio.h usability
configure:12379: gcc -c -g -O2  -D_REENTRANT -D__EXTENSIONS__ conftest.c >&5
configure:12379: $? = 0
configure:12379: result: yes
configure:12379: checking sys/uio.h presence
configure:12379: gcc -E  -D_REENTRANT -D__EXTENSIONS__ conftest.c
configure:12379: $? = 0
configure:12379: result: yes
configure:12379: checking for sys/uio.h
configure:12379: result: yes
configure:12379: checking getopt.h usability
configure:12379: gcc -c -g -O2  -D_REENTRANT -D__EXTENSIONS__ conftest.c >&5
configure:12379: $? = 0
configure:12379: result: yes
configure:12379: checking getopt.h presence
configure:12379: gcc -E  -D_REENTRANT -D__EXTENSIONS__ conftest.c
configure:12379: $? = 0
configure:12379: result: yes
configure:12379: checking for getopt.h
configure:12379: result: yes
configure:12379: checking sys/epoll.h usability
configure:12379: gcc -c -g -O2  -D_REENTRANT -D__EXTENSIONS__ conftest.c >&5
configure:12379: $? = 0
configure:12379: result: yes
configure:12379: checking sys/epoll.h presence
configure:12379: gcc -E  -D_REENTRANT -D__EXTENSIONS__ conftest.c
configure:12379: $? = 0
configure:12379: result: yes
configure:12379: checking for sys/epoll.h
configure:12379: result: yes
configure:12379: checking sys/select.h usability
configure:12379: gcc -c -g -O2  -D_REENTRANT -D__EXTENSIONS__ conftest.c >&5
configure:12379: $? = 0
configure:12379: result: yes
configure:12379: checking sys/select.h presence
configure:12379: gcc -E  -D_REENTRANT -D__EXTENSIONS__ conftest.c
configure:12379: $? = 0
configure:12379: result: yes
configure:12379: checking for sys/select.h
configure:12379: result: yes
configure:12379: checking poll.h usability
configure:12379: gcc -c -g -O2  -D_REENTRANT -D__EXTENSIONS__ conftest.c >&5
configure:12379: $? = 0
configure:12379: result: yes
configure:12379: checking poll.h presence
configure:12379: gcc -E  -D_REENTRANT -D__EXTENSIONS__ conftest.c
configure:12379: $? = 0
configure:12379: result: yes
configure:12379: checking for poll.h
configure:12379: result: yes
configure:12379: checking sys/poll.h usability
configure:12379: gcc -c -g -O2  -D_REENTRANT -D__EXTENSIONS__ conftest.c >&5
configure:12379: $? = 0
configure:12379: result: yes
configure:12379: checking sys/poll.h presence
configure:12379: gcc -E  -D_REENTRANT -D__EXTENSIONS__ conftest.c
configure:12379: $? = 0
configure:12379: result: yes
configure:12379: checking for sys/poll.h
configure:12379: result: yes
configure:12379: checking sys/devpoll.h usability
configure:12379: gcc -c -g -O2  -D_REENTRANT -D__EXTENSIONS__ conftest.c >&5
conftest.c:81:25: fatal error: sys/devpoll.h: No such file or directory
compilation terminated.
configure:12379: $? = 1
configure: failed program was:
| /* confdefs.h */
| #define PACKAGE_NAME "lighttpd"
| #define PACKAGE_TARNAME "lighttpd"
| #define PACKAGE_VERSION "1.4.31"
| #define PACKAGE_STRING "lighttpd 1.4.31"
| #define PACKAGE_BUGREPORT "contact@lighttpd.net"
| #define PACKAGE_URL ""
| #define PACKAGE "lighttpd"
| #define VERSION "1.4.31"
| #define STDC_HEADERS 1
| #define HAVE_SYS_TYPES_H 1
| #define HAVE_SYS_STAT_H 1
| #define HAVE_STDLIB_H 1
| #define HAVE_STRING_H 1
| #define HAVE_MEMORY_H 1
| #define HAVE_STRINGS_H 1
| #define HAVE_INTTYPES_H 1
| #define HAVE_STDINT_H 1
| #define HAVE_UNISTD_H 1
| #define __EXTENSIONS__ 1
| #define _ALL_SOURCE 1
| #define _GNU_SOURCE 1
| #define _POSIX_PTHREAD_SEMANTICS 1
| #define _TANDEM_SOURCE 1
| #define PROTOTYPES 1
| #define __PROTOTYPES 1
| #define HAVE_STRING_H 1
| #define HAVE_DLFCN_H 1
| #define LT_OBJDIR ".libs/"
| #define STDC_HEADERS 1
| #define HAVE_SYS_WAIT_H 1
| #define HAVE_ARPA_INET_H 1
| #define HAVE_FCNTL_H 1
| #define HAVE_NETINET_IN_H 1
| #define HAVE_STDLIB_H 1
| #define HAVE_STRING_H 1
| #define HAVE_SYS_SOCKET_H 1
| #define HAVE_SYS_TIME_H 1
| #define HAVE_UNISTD_H 1
| #define HAVE_SYS_SENDFILE_H 1
| #define HAVE_SYS_UIO_H 1
| #define HAVE_GETOPT_H 1
| #define HAVE_SYS_EPOLL_H 1
| #define HAVE_SYS_SELECT_H 1
| #define HAVE_POLL_H 1
| #define HAVE_SYS_POLL_H 1
| /* end confdefs.h.  */
| #include <stdio.h>
| #ifdef HAVE_SYS_TYPES_H
| # include <sys/types.h>
| #endif
| #ifdef HAVE_SYS_STAT_H
| # include <sys/stat.h>
| #endif
| #ifdef STDC_HEADERS
| # include <stdlib.h>
| # include <stddef.h>
| #else
| # ifdef HAVE_STDLIB_H
| #  include <stdlib.h>
| # endif
| #endif
| #ifdef HAVE_STRING_H
| # if !defined STDC_HEADERS && defined HAVE_MEMORY_H
| #  include <memory.h>
| # endif
| # include <string.h>
| #endif
| #ifdef HAVE_STRINGS_H
| # include <strings.h>
| #endif
| #ifdef HAVE_INTTYPES_H
| # include <inttypes.h>
| #endif
| #ifdef HAVE_STDINT_H
| # include <stdint.h>
| #endif
| #ifdef HAVE_UNISTD_H
| # include <unistd.h>
| #endif
| #include <sys/devpoll.h>
configure:12379: result: no
configure:12379: checking sys/devpoll.h presence
configure:12379: gcc -E  -D_REENTRANT -D__EXTENSIONS__ conftest.c
conftest.c:48:25: fatal error: sys/devpoll.h: No such file or directory
compilation terminated.
configure:12379: $? = 1
configure: failed program was:
| /* confdefs.h */
| #define PACKAGE_NAME "lighttpd"
| #define PACKAGE_TARNAME "lighttpd"
| #define PACKAGE_VERSION "1.4.31"
| #define PACKAGE_STRING "lighttpd 1.4.31"
| #define PACKAGE_BUGREPORT "contact@lighttpd.net"
| #define PACKAGE_URL ""
| #define PACKAGE "lighttpd"
| #define VERSION "1.4.31"
| #define STDC_HEADERS 1
| #define HAVE_SYS_TYPES_H 1
| #define HAVE_SYS_STAT_H 1
| #define HAVE_STDLIB_H 1
| #define HAVE_STRING_H 1
| #define HAVE_MEMORY_H 1
| #define HAVE_STRINGS_H 1
| #define HAVE_INTTYPES_H 1
| #define HAVE_STDINT_H 1
| #define HAVE_UNISTD_H 1
| #define __EXTENSIONS__ 1
| #define _ALL_SOURCE 1
| #define _GNU_SOURCE 1
| #define _POSIX_PTHREAD_SEMANTICS 1
| #define _TANDEM_SOURCE 1
| #define PROTOTYPES 1
| #define __PROTOTYPES 1
| #define HAVE_STRING_H 1
| #define HAVE_DLFCN_H 1
| #define LT_OBJDIR ".libs/"
| #define STDC_HEADERS 1
| #define HAVE_SYS_WAIT_H 1
| #define HAVE_ARPA_INET_H 1
| #define HAVE_FCNTL_H 1
| #define HAVE_NETINET_IN_H 1
| #define HAVE_STDLIB_H 1
| #define HAVE_STRING_H 1
| #define HAVE_SYS_SOCKET_H 1
| #define HAVE_SYS_TIME_H 1
| #define HAVE_UNISTD_H 1
| #define HAVE_SYS_SENDFILE_H 1
| #define HAVE_SYS_UIO_H 1
| #define HAVE_GETOPT_H 1
| #define HAVE_SYS_EPOLL_H 1
| #define HAVE_SYS_SELECT_H 1
| #define HAVE_POLL_H 1
| #define HAVE_SYS_POLL_H 1
| /* end confdefs.h.  */
| #include <sys/devpoll.h>
configure:12379: result: no
configure:12379: checking for sys/devpoll.h
configure:12379: result: no
configure:12379: checking sys/filio.h usability
configure:12379: gcc -c -g -O2  -D_REENTRANT -D__EXTENSIONS__ conftest.c >&5
conftest.c:81:23: fatal error: sys/filio.h: No such file or directory
compilation terminated.
configure:12379: $? = 1
configure: failed program was:
| /* confdefs.h */
| #define PACKAGE_NAME "lighttpd"
| #define PACKAGE_TARNAME "lighttpd"
| #define PACKAGE_VERSION "1.4.31"
| #define PACKAGE_STRING "lighttpd 1.4.31"
| #define PACKAGE_BUGREPORT "contact@lighttpd.net"
| #define PACKAGE_URL ""
| #define PACKAGE "lighttpd"
| #define VERSION "1.4.31"
| #define STDC_HEADERS 1
| #define HAVE_SYS_TYPES_H 1
| #define HAVE_SYS_STAT_H 1
| #define HAVE_STDLIB_H 1
| #define HAVE_STRING_H 1
| #define HAVE_MEMORY_H 1
| #define HAVE_STRINGS_H 1
| #define HAVE_INTTYPES_H 1
| #define HAVE_STDINT_H 1
| #define HAVE_UNISTD_H 1
| #define __EXTENSIONS__ 1
| #define _ALL_SOURCE 1
| #define _GNU_SOURCE 1
| #define _POSIX_PTHREAD_SEMANTICS 1
| #define _TANDEM_SOURCE 1
| #define PROTOTYPES 1
| #define __PROTOTYPES 1
| #define HAVE_STRING_H 1
| #define HAVE_DLFCN_H 1
| #define LT_OBJDIR ".libs/"
| #define STDC_HEADERS 1
| #define HAVE_SYS_WAIT_H 1
| #define HAVE_ARPA_INET_H 1
| #define HAVE_FCNTL_H 1
| #define HAVE_NETINET_IN_H 1
| #define HAVE_STDLIB_H 1
| #define HAVE_STRING_H 1
| #define HAVE_SYS_SOCKET_H 1
| #define HAVE_SYS_TIME_H 1
| #define HAVE_UNISTD_H 1
| #define HAVE_SYS_SENDFILE_H 1
| #define HAVE_SYS_UIO_H 1
| #define HAVE_GETOPT_H 1
| #define HAVE_SYS_EPOLL_H 1
| #define HAVE_SYS_SELECT_H 1
| #define HAVE_POLL_H 1
| #define HAVE_SYS_POLL_H 1
| /* end confdefs.h.  */
| #include <stdio.h>
| #ifdef HAVE_SYS_TYPES_H
| # include <sys/types.h>
| #endif
| #ifdef HAVE_SYS_STAT_H
| # include <sys/stat.h>
| #endif
| #ifdef STDC_HEADERS
| # include <stdlib.h>
| # include <stddef.h>
| #else
| # ifdef HAVE_STDLIB_H
| #  include <stdlib.h>
| # endif
| #endif
| #ifdef HAVE_STRING_H
| # if !defined STDC_HEADERS && defined HAVE_MEMORY_H
| #  include <memory.h>
| # endif
| # include <string.h>
| #endif
| #ifdef HAVE_STRINGS_H
| # include <strings.h>
| #endif
| #ifdef HAVE_INTTYPES_H
| # include <inttypes.h>
| #endif
| #ifdef HAVE_STDINT_H
| # include <stdint.h>
| #endif
| #ifdef HAVE_UNISTD_H
| # include <unistd.h>
| #endif
| #include <sys/filio.h>
configure:12379: result: no
configure:12379: checking sys/filio.h presence
configure:12379: gcc -E  -D_REENTRANT -D__EXTENSIONS__ conftest.c
conftest.c:48:23: fatal error: sys/filio.h: No such file or directory
compilation terminated.
configure:12379: $? = 1
configure: failed program was:
| /* confdefs.h */
| #define PACKAGE_NAME "lighttpd"
| #define PACKAGE_TARNAME "lighttpd"
| #define PACKAGE_VERSION "1.4.31"
| #define PACKAGE_STRING "lighttpd 1.4.31"
| #define PACKAGE_BUGREPORT "contact@lighttpd.net"
| #define PACKAGE_URL ""
| #define PACKAGE "lighttpd"
| #define VERSION "1.4.31"
| #define STDC_HEADERS 1
| #define HAVE_SYS_TYPES_H 1
| #define HAVE_SYS_STAT_H 1
| #define HAVE_STDLIB_H 1
| #define HAVE_STRING_H 1
| #define HAVE_MEMORY_H 1
| #define HAVE_STRINGS_H 1
| #define HAVE_INTTYPES_H 1
| #define HAVE_STDINT_H 1
| #define HAVE_UNISTD_H 1
| #define __EXTENSIONS__ 1
| #define _ALL_SOURCE 1
| #define _GNU_SOURCE 1
| #define _POSIX_PTHREAD_SEMANTICS 1
| #define _TANDEM_SOURCE 1
| #define PROTOTYPES 1
| #define __PROTOTYPES 1
| #define HAVE_STRING_H 1
| #define HAVE_DLFCN_H 1
| #define LT_OBJDIR ".libs/"
| #define STDC_HEADERS 1
| #define HAVE_SYS_WAIT_H 1
| #define HAVE_ARPA_INET_H 1
| #define HAVE_FCNTL_H 1
| #define HAVE_NETINET_IN_H 1
| #define HAVE_STDLIB_H 1
| #define HAVE_STRING_H 1
| #define HAVE_SYS_SOCKET_H 1
| #define HAVE_SYS_TIME_H 1
| #define HAVE_UNISTD_H 1
| #define HAVE_SYS_SENDFILE_H 1
| #define HAVE_SYS_UIO_H 1
| #define HAVE_GETOPT_H 1
| #define HAVE_SYS_EPOLL_H 1
| #define HAVE_SYS_SELECT_H 1
| #define HAVE_POLL_H 1
| #define HAVE_SYS_POLL_H 1
| /* end confdefs.h.  */
| #include <sys/filio.h>
configure:12379: result: no
configure:12379: checking for sys/filio.h
configure:12379: result: no
configure:12379: checking sys/mman.h usability
configure:12379: gcc -c -g -O2  -D_REENTRANT -D__EXTENSIONS__ conftest.c >&5
configure:12379: $? = 0
configure:12379: result: yes
configure:12379: checking sys/mman.h presence
configure:12379: gcc -E  -D_REENTRANT -D__EXTENSIONS__ conftest.c
configure:12379: $? = 0
configure:12379: result: yes
configure:12379: checking for sys/mman.h
configure:12379: result: yes
configure:12379: checking sys/event.h usability
configure:12379: gcc -c -g -O2  -D_REENTRANT -D__EXTENSIONS__ conftest.c >&5
conftest.c:82:23: fatal error: sys/event.h: No such file or directory
compilation terminated.
configure:12379: $? = 1
configure: failed program was:
| /* confdefs.h */
| #define PACKAGE_NAME "lighttpd"
| #define PACKAGE_TARNAME "lighttpd"
| #define PACKAGE_VERSION "1.4.31"
| #define PACKAGE_STRING "lighttpd 1.4.31"
| #define PACKAGE_BUGREPORT "contact@lighttpd.net"
| #define PACKAGE_URL ""
| #define PACKAGE "lighttpd"
| #define VERSION "1.4.31"
| #define STDC_HEADERS 1
| #define HAVE_SYS_TYPES_H 1
| #define HAVE_SYS_STAT_H 1
| #define HAVE_STDLIB_H 1
| #define HAVE_STRING_H 1
| #define HAVE_MEMORY_H 1
| #define HAVE_STRINGS_H 1
| #define HAVE_INTTYPES_H 1
| #define HAVE_STDINT_H 1
| #define HAVE_UNISTD_H 1
| #define __EXTENSIONS__ 1
| #define _ALL_SOURCE 1
| #define _GNU_SOURCE 1
| #define _POSIX_PTHREAD_SEMANTICS 1
| #define _TANDEM_SOURCE 1
| #define PROTOTYPES 1
| #define __PROTOTYPES 1
| #define HAVE_STRING_H 1
| #define HAVE_DLFCN_H 1
| #define LT_OBJDIR ".libs/"
| #define STDC_HEADERS 1
| #define HAVE_SYS_WAIT_H 1
| #define HAVE_ARPA_INET_H 1
| #define HAVE_FCNTL_H 1
| #define HAVE_NETINET_IN_H 1
| #define HAVE_STDLIB_H 1
| #define HAVE_STRING_H 1
| #define HAVE_SYS_SOCKET_H 1
| #define HAVE_SYS_TIME_H 1
| #define HAVE_UNISTD_H 1
| #define HAVE_SYS_SENDFILE_H 1
| #define HAVE_SYS_UIO_H 1
| #define HAVE_GETOPT_H 1
| #define HAVE_SYS_EPOLL_H 1
| #define HAVE_SYS_SELECT_H 1
| #define HAVE_POLL_H 1
| #define HAVE_SYS_POLL_H 1
| #define HAVE_SYS_MMAN_H 1
| /* end confdefs.h.  */
| #include <stdio.h>
| #ifdef HAVE_SYS_TYPES_H
| # include <sys/types.h>
| #endif
| #ifdef HAVE_SYS_STAT_H
| # include <sys/stat.h>
| #endif
| #ifdef STDC_HEADERS
| # include <stdlib.h>
| # include <stddef.h>
| #else
| # ifdef HAVE_STDLIB_H
| #  include <stdlib.h>
| # endif
| #endif
| #ifdef HAVE_STRING_H
| # if !defined STDC_HEADERS && defined HAVE_MEMORY_H
| #  include <memory.h>
| # endif
| # include <string.h>
| #endif
| #ifdef HAVE_STRINGS_H
| # include <strings.h>
| #endif
| #ifdef HAVE_INTTYPES_H
| # include <inttypes.h>
| #endif
| #ifdef HAVE_STDINT_H
| # include <stdint.h>
| #endif
| #ifdef HAVE_UNISTD_H
| # include <unistd.h>
| #endif
| #include <sys/event.h>
configure:12379: result: no
configure:12379: checking sys/event.h presence
configure:12379: gcc -E  -D_REENTRANT -D__EXTENSIONS__ conftest.c
conftest.c:49:23: fatal error: sys/event.h: No such file or directory
compilation terminated.
configure:12379: $? = 1
configure: failed program was:
| /* confdefs.h */
| #define PACKAGE_NAME "lighttpd"
| #define PACKAGE_TARNAME "lighttpd"
| #define PACKAGE_VERSION "1.4.31"
| #define PACKAGE_STRING "lighttpd 1.4.31"
| #define PACKAGE_BUGREPORT "contact@lighttpd.net"
| #define PACKAGE_URL ""
| #define PACKAGE "lighttpd"
| #define VERSION "1.4.31"
| #define STDC_HEADERS 1
| #define HAVE_SYS_TYPES_H 1
| #define HAVE_SYS_STAT_H 1
| #define HAVE_STDLIB_H 1
| #define HAVE_STRING_H 1
| #define HAVE_MEMORY_H 1
| #define HAVE_STRINGS_H 1
| #define HAVE_INTTYPES_H 1
| #define HAVE_STDINT_H 1
| #define HAVE_UNISTD_H 1
| #define __EXTENSIONS__ 1
| #define _ALL_SOURCE 1
| #define _GNU_SOURCE 1
| #define _POSIX_PTHREAD_SEMANTICS 1
| #define _TANDEM_SOURCE 1
| #define PROTOTYPES 1
| #define __PROTOTYPES 1
| #define HAVE_STRING_H 1
| #define HAVE_DLFCN_H 1
| #define LT_OBJDIR ".libs/"
| #define STDC_HEADERS 1
| #define HAVE_SYS_WAIT_H 1
| #define HAVE_ARPA_INET_H 1
| #define HAVE_FCNTL_H 1
| #define HAVE_NETINET_IN_H 1
| #define HAVE_STDLIB_H 1
| #define HAVE_STRING_H 1
| #define HAVE_SYS_SOCKET_H 1
| #define HAVE_SYS_TIME_H 1
| #define HAVE_UNISTD_H 1
| #define HAVE_SYS_SENDFILE_H 1
| #define HAVE_SYS_UIO_H 1
| #define HAVE_GETOPT_H 1
| #define HAVE_SYS_EPOLL_H 1
| #define HAVE_SYS_SELECT_H 1
| #define HAVE_POLL_H 1
| #define HAVE_SYS_POLL_H 1
| #define HAVE_SYS_MMAN_H 1
| /* end confdefs.h.  */
| #include <sys/event.h>
configure:12379: result: no
configure:12379: checking for sys/event.h
configure:12379: result: no
configure:12379: checking port.h usability
configure:12379: gcc -c -g -O2  -D_REENTRANT -D__EXTENSIONS__ conftest.c >&5
conftest.c:82:18: fatal error: port.h: No such file or directory
compilation terminated.
configure:12379: $? = 1
configure: failed program was:
| /* confdefs.h */
| #define PACKAGE_NAME "lighttpd"
| #define PACKAGE_TARNAME "lighttpd"
| #define PACKAGE_VERSION "1.4.31"
| #define PACKAGE_STRING "lighttpd 1.4.31"
| #define PACKAGE_BUGREPORT "contact@lighttpd.net"
| #define PACKAGE_URL ""
| #define PACKAGE "lighttpd"
| #define VERSION "1.4.31"
| #define STDC_HEADERS 1
| #define HAVE_SYS_TYPES_H 1
| #define HAVE_SYS_STAT_H 1
| #define HAVE_STDLIB_H 1
| #define HAVE_STRING_H 1
| #define HAVE_MEMORY_H 1
| #define HAVE_STRINGS_H 1
| #define HAVE_INTTYPES_H 1
| #define HAVE_STDINT_H 1
| #define HAVE_UNISTD_H 1
| #define __EXTENSIONS__ 1
| #define _ALL_SOURCE 1
| #define _GNU_SOURCE 1
| #define _POSIX_PTHREAD_SEMANTICS 1
| #define _TANDEM_SOURCE 1
| #define PROTOTYPES 1
| #define __PROTOTYPES 1
| #define HAVE_STRING_H 1
| #define HAVE_DLFCN_H 1
| #define LT_OBJDIR ".libs/"
| #define STDC_HEADERS 1
| #define HAVE_SYS_WAIT_H 1
| #define HAVE_ARPA_INET_H 1
| #define HAVE_FCNTL_H 1
| #define HAVE_NETINET_IN_H 1
| #define HAVE_STDLIB_H 1
| #define HAVE_STRING_H 1
| #define HAVE_SYS_SOCKET_H 1
| #define HAVE_SYS_TIME_H 1
| #define HAVE_UNISTD_H 1
| #define HAVE_SYS_SENDFILE_H 1
| #define HAVE_SYS_UIO_H 1
| #define HAVE_GETOPT_H 1
| #define HAVE_SYS_EPOLL_H 1
| #define HAVE_SYS_SELECT_H 1
| #define HAVE_POLL_H 1
| #define HAVE_SYS_POLL_H 1
| #define HAVE_SYS_MMAN_H 1
| /* end confdefs.h.  */
| #include <stdio.h>
| #ifdef HAVE_SYS_TYPES_H
| # include <sys/types.h>
| #endif
| #ifdef HAVE_SYS_STAT_H
| # include <sys/stat.h>
| #endif
| #ifdef STDC_HEADERS
| # include <stdlib.h>
| # include <stddef.h>
| #else
| # ifdef HAVE_STDLIB_H
| #  include <stdlib.h>
| # endif
| #endif
| #ifdef HAVE_STRING_H
| # if !defined STDC_HEADERS && defined HAVE_MEMORY_H
| #  include <memory.h>
| # endif
| # include <string.h>
| #endif
| #ifdef HAVE_STRINGS_H
| # include <strings.h>
| #endif
| #ifdef HAVE_INTTYPES_H
| # include <inttypes.h>
| #endif
| #ifdef HAVE_STDINT_H
| # include <stdint.h>
| #endif
| #ifdef HAVE_UNISTD_H
| # include <unistd.h>
| #endif
| #include <port.h>
configure:12379: result: no
configure:12379: checking port.h presence
configure:12379: gcc -E  -D_REENTRANT -D__EXTENSIONS__ conftest.c
conftest.c:49:18: fatal error: port.h: No such file or directory
compilation terminated.
configure:12379: $? = 1
configure: failed program was:
| /* confdefs.h */
| #define PACKAGE_NAME "lighttpd"
| #define PACKAGE_TARNAME "lighttpd"
| #define PACKAGE_VERSION "1.4.31"
| #define PACKAGE_STRING "lighttpd 1.4.31"
| #define PACKAGE_BUGREPORT "contact@lighttpd.net"
| #define PACKAGE_URL ""
| #define PACKAGE "lighttpd"
| #define VERSION "1.4.31"
| #define STDC_HEADERS 1
| #define HAVE_SYS_TYPES_H 1
| #define HAVE_SYS_STAT_H 1
| #define HAVE_STDLIB_H 1
| #define HAVE_STRING_H 1
| #define HAVE_MEMORY_H 1
| #define HAVE_STRINGS_H 1
| #define HAVE_INTTYPES_H 1
| #define HAVE_STDINT_H 1
| #define HAVE_UNISTD_H 1
| #define __EXTENSIONS__ 1
| #define _ALL_SOURCE 1
| #define _GNU_SOURCE 1
| #define _POSIX_PTHREAD_SEMANTICS 1
| #define _TANDEM_SOURCE 1
| #define PROTOTYPES 1
| #define __PROTOTYPES 1
| #define HAVE_STRING_H 1
| #define HAVE_DLFCN_H 1
| #define LT_OBJDIR ".libs/"
| #define STDC_HEADERS 1
| #define HAVE_SYS_WAIT_H 1
| #define HAVE_ARPA_INET_H 1
| #define HAVE_FCNTL_H 1
| #define HAVE_NETINET_IN_H 1
| #define HAVE_STDLIB_H 1
| #define HAVE_STRING_H 1
| #define HAVE_SYS_SOCKET_H 1
| #define HAVE_SYS_TIME_H 1
| #define HAVE_UNISTD_H 1
| #define HAVE_SYS_SENDFILE_H 1
| #define HAVE_SYS_UIO_H 1
| #define HAVE_GETOPT_H 1
| #define HAVE_SYS_EPOLL_H 1
| #define HAVE_SYS_SELECT_H 1
| #define HAVE_POLL_H 1
| #define HAVE_SYS_POLL_H 1
| #define HAVE_SYS_MMAN_H 1
| /* end confdefs.h.  */
| #include <port.h>
configure:12379: result: no
configure:12379: checking for port.h
configure:12379: result: no
configure:12379: checking pwd.h usability
configure:12379: gcc -c -g -O2  -D_REENTRANT -D__EXTENSIONS__ conftest.c >&5
configure:12379: $? = 0
configure:12379: result: yes
configure:12379: checking pwd.h presence
configure:12379: gcc -E  -D_REENTRANT -D__EXTENSIONS__ conftest.c
configure:12379: $? = 0
configure:12379: result: yes
configure:12379: checking for pwd.h
configure:12379: result: yes
configure:12379: checking sys/syslimits.h usability
configure:12379: gcc -c -g -O2  -D_REENTRANT -D__EXTENSIONS__ conftest.c >&5
conftest.c:83:27: fatal error: sys/syslimits.h: No such file or directory
compilation terminated.
configure:12379: $? = 1
configure: failed program was:
| /* confdefs.h */
| #define PACKAGE_NAME "lighttpd"
| #define PACKAGE_TARNAME "lighttpd"
| #define PACKAGE_VERSION "1.4.31"
| #define PACKAGE_STRING "lighttpd 1.4.31"
| #define PACKAGE_BUGREPORT "contact@lighttpd.net"
| #define PACKAGE_URL ""
| #define PACKAGE "lighttpd"
| #define VERSION "1.4.31"
| #define STDC_HEADERS 1
| #define HAVE_SYS_TYPES_H 1
| #define HAVE_SYS_STAT_H 1
| #define HAVE_STDLIB_H 1
| #define HAVE_STRING_H 1
| #define HAVE_MEMORY_H 1
| #define HAVE_STRINGS_H 1
| #define HAVE_INTTYPES_H 1
| #define HAVE_STDINT_H 1
| #define HAVE_UNISTD_H 1
| #define __EXTENSIONS__ 1
| #define _ALL_SOURCE 1
| #define _GNU_SOURCE 1
| #define _POSIX_PTHREAD_SEMANTICS 1
| #define _TANDEM_SOURCE 1
| #define PROTOTYPES 1
| #define __PROTOTYPES 1
| #define HAVE_STRING_H 1
| #define HAVE_DLFCN_H 1
| #define LT_OBJDIR ".libs/"
| #define STDC_HEADERS 1
| #define HAVE_SYS_WAIT_H 1
| #define HAVE_ARPA_INET_H 1
| #define HAVE_FCNTL_H 1
| #define HAVE_NETINET_IN_H 1
| #define HAVE_STDLIB_H 1
| #define HAVE_STRING_H 1
| #define HAVE_SYS_SOCKET_H 1
| #define HAVE_SYS_TIME_H 1
| #define HAVE_UNISTD_H 1
| #define HAVE_SYS_SENDFILE_H 1
| #define HAVE_SYS_UIO_H 1
| #define HAVE_GETOPT_H 1
| #define HAVE_SYS_EPOLL_H 1
| #define HAVE_SYS_SELECT_H 1
| #define HAVE_POLL_H 1
| #define HAVE_SYS_POLL_H 1
| #define HAVE_SYS_MMAN_H 1
| #define HAVE_PWD_H 1
| /* end confdefs.h.  */
| #include <stdio.h>
| #ifdef HAVE_SYS_TYPES_H
| # include <sys/types.h>
| #endif
| #ifdef HAVE_SYS_STAT_H
| # include <sys/stat.h>
| #endif
| #ifdef STDC_HEADERS
| # include <stdlib.h>
| # include <stddef.h>
| #else
| # ifdef HAVE_STDLIB_H
| #  include <stdlib.h>
| # endif
| #endif
| #ifdef HAVE_STRING_H
| # if !defined STDC_HEADERS && defined HAVE_MEMORY_H
| #  include <memory.h>
| # endif
| # include <string.h>
| #endif
| #ifdef HAVE_STRINGS_H
| # include <strings.h>
| #endif
| #ifdef HAVE_INTTYPES_H
| # include <inttypes.h>
| #endif
| #ifdef HAVE_STDINT_H
| # include <stdint.h>
| #endif
| #ifdef HAVE_UNISTD_H
| # include <unistd.h>
| #endif
| #include <sys/syslimits.h>
configure:12379: result: no
configure:12379: checking sys/syslimits.h presence
configure:12379: gcc -E  -D_REENTRANT -D__EXTENSIONS__ conftest.c
conftest.c:50:27: fatal error: sys/syslimits.h: No such file or directory
compilation terminated.
configure:12379: $? = 1
configure: failed program was:
| /* confdefs.h */
| #define PACKAGE_NAME "lighttpd"
| #define PACKAGE_TARNAME "lighttpd"
| #define PACKAGE_VERSION "1.4.31"
| #define PACKAGE_STRING "lighttpd 1.4.31"
| #define PACKAGE_BUGREPORT "contact@lighttpd.net"
| #define PACKAGE_URL ""
| #define PACKAGE "lighttpd"
| #define VERSION "1.4.31"
| #define STDC_HEADERS 1
| #define HAVE_SYS_TYPES_H 1
| #define HAVE_SYS_STAT_H 1
| #define HAVE_STDLIB_H 1
| #define HAVE_STRING_H 1
| #define HAVE_MEMORY_H 1
| #define HAVE_STRINGS_H 1
| #define HAVE_INTTYPES_H 1
| #define HAVE_STDINT_H 1
| #define HAVE_UNISTD_H 1
| #define __EXTENSIONS__ 1
| #define _ALL_SOURCE 1
| #define _GNU_SOURCE 1
| #define _POSIX_PTHREAD_SEMANTICS 1
| #define _TANDEM_SOURCE 1
| #define PROTOTYPES 1
| #define __PROTOTYPES 1
| #define HAVE_STRING_H 1
| #define HAVE_DLFCN_H 1
| #define LT_OBJDIR ".libs/"
| #define STDC_HEADERS 1
| #define HAVE_SYS_WAIT_H 1
| #define HAVE_ARPA_INET_H 1
| #define HAVE_FCNTL_H 1
| #define HAVE_NETINET_IN_H 1
| #define HAVE_STDLIB_H 1
| #define HAVE_STRING_H 1
| #define HAVE_SYS_SOCKET_H 1
| #define HAVE_SYS_TIME_H 1
| #define HAVE_UNISTD_H 1
| #define HAVE_SYS_SENDFILE_H 1
| #define HAVE_SYS_UIO_H 1
| #define HAVE_GETOPT_H 1
| #define HAVE_SYS_EPOLL_H 1
| #define HAVE_SYS_SELECT_H 1
| #define HAVE_POLL_H 1
| #define HAVE_SYS_POLL_H 1
| #define HAVE_SYS_MMAN_H 1
| #define HAVE_PWD_H 1
| /* end confdefs.h.  */
| #include <sys/syslimits.h>
configure:12379: result: no
configure:12379: checking for sys/syslimits.h
configure:12379: result: no
configure:12379: checking sys/resource.h usability
configure:12379: gcc -c -g -O2  -D_REENTRANT -D__EXTENSIONS__ conftest.c >&5
configure:12379: $? = 0
configure:12379: result: yes
configure:12379: checking sys/resource.h presence
configure:12379: gcc -E  -D_REENTRANT -D__EXTENSIONS__ conftest.c
configure:12379: $? = 0
configure:12379: result: yes
configure:12379: checking for sys/resource.h
configure:12379: result: yes
configure:12379: checking sys/un.h usability
configure:12379: gcc -c -g -O2  -D_REENTRANT -D__EXTENSIONS__ conftest.c >&5
configure:12379: $? = 0
configure:12379: result: yes
configure:12379: checking sys/un.h presence
configure:12379: gcc -E  -D_REENTRANT -D__EXTENSIONS__ conftest.c
configure:12379: $? = 0
configure:12379: result: yes
configure:12379: checking for sys/un.h
configure:12379: result: yes
configure:12379: checking syslog.h usability
configure:12379: gcc -c -g -O2  -D_REENTRANT -D__EXTENSIONS__ conftest.c >&5
configure:12379: $? = 0
configure:12379: result: yes
configure:12379: checking syslog.h presence
configure:12379: gcc -E  -D_REENTRANT -D__EXTENSIONS__ conftest.c
configure:12379: $? = 0
configure:12379: result: yes
configure:12379: checking for syslog.h
configure:12379: result: yes
configure:12379: checking sys/prctl.h usability
configure:12379: gcc -c -g -O2  -D_REENTRANT -D__EXTENSIONS__ conftest.c >&5
configure:12379: $? = 0
configure:12379: result: yes
configure:12379: checking sys/prctl.h presence
configure:12379: gcc -E  -D_REENTRANT -D__EXTENSIONS__ conftest.c
configure:12379: $? = 0
configure:12379: result: yes
configure:12379: checking for sys/prctl.h
configure:12379: result: yes
configure:12379: checking uuid/uuid.h usability
configure:12379: gcc -c -g -O2  -D_REENTRANT -D__EXTENSIONS__ conftest.c >&5
conftest.c:87:23: fatal error: uuid/uuid.h: No such file or directory
compilation terminated.
configure:12379: $? = 1
configure: failed program was:
| /* confdefs.h */
| #define PACKAGE_NAME "lighttpd"
| #define PACKAGE_TARNAME "lighttpd"
| #define PACKAGE_VERSION "1.4.31"
| #define PACKAGE_STRING "lighttpd 1.4.31"
| #define PACKAGE_BUGREPORT "contact@lighttpd.net"
| #define PACKAGE_URL ""
| #define PACKAGE "lighttpd"
| #define VERSION "1.4.31"
| #define STDC_HEADERS 1
| #define HAVE_SYS_TYPES_H 1
| #define HAVE_SYS_STAT_H 1
| #define HAVE_STDLIB_H 1
| #define HAVE_STRING_H 1
| #define HAVE_MEMORY_H 1
| #define HAVE_STRINGS_H 1
| #define HAVE_INTTYPES_H 1
| #define HAVE_STDINT_H 1
| #define HAVE_UNISTD_H 1
| #define __EXTENSIONS__ 1
| #define _ALL_SOURCE 1
| #define _GNU_SOURCE 1
| #define _POSIX_PTHREAD_SEMANTICS 1
| #define _TANDEM_SOURCE 1
| #define PROTOTYPES 1
| #define __PROTOTYPES 1
| #define HAVE_STRING_H 1
| #define HAVE_DLFCN_H 1
| #define LT_OBJDIR ".libs/"
| #define STDC_HEADERS 1
| #define HAVE_SYS_WAIT_H 1
| #define HAVE_ARPA_INET_H 1
| #define HAVE_FCNTL_H 1
| #define HAVE_NETINET_IN_H 1
| #define HAVE_STDLIB_H 1
| #define HAVE_STRING_H 1
| #define HAVE_SYS_SOCKET_H 1
| #define HAVE_SYS_TIME_H 1
| #define HAVE_UNISTD_H 1
| #define HAVE_SYS_SENDFILE_H 1
| #define HAVE_SYS_UIO_H 1
| #define HAVE_GETOPT_H 1
| #define HAVE_SYS_EPOLL_H 1
| #define HAVE_SYS_SELECT_H 1
| #define HAVE_POLL_H 1
| #define HAVE_SYS_POLL_H 1
| #define HAVE_SYS_MMAN_H 1
| #define HAVE_PWD_H 1
| #define HAVE_SYS_RESOURCE_H 1
| #define HAVE_SYS_UN_H 1
| #define HAVE_SYSLOG_H 1
| #define HAVE_SYS_PRCTL_H 1
| /* end confdefs.h.  */
| #include <stdio.h>
| #ifdef HAVE_SYS_TYPES_H
| # include <sys/types.h>
| #endif
| #ifdef HAVE_SYS_STAT_H
| # include <sys/stat.h>
| #endif
| #ifdef STDC_HEADERS
| # include <stdlib.h>
| # include <stddef.h>
| #else
| # ifdef HAVE_STDLIB_H
| #  include <stdlib.h>
| # endif
| #endif
| #ifdef HAVE_STRING_H
| # if !defined STDC_HEADERS && defined HAVE_MEMORY_H
| #  include <memory.h>
| # endif
| # include <string.h>
| #endif
| #ifdef HAVE_STRINGS_H
| # include <strings.h>
| #endif
| #ifdef HAVE_INTTYPES_H
| # include <inttypes.h>
| #endif
| #ifdef HAVE_STDINT_H
| # include <stdint.h>
| #endif
| #ifdef HAVE_UNISTD_H
| # include <unistd.h>
| #endif
| #include <uuid/uuid.h>
configure:12379: result: no
configure:12379: checking uuid/uuid.h presence
configure:12379: gcc -E  -D_REENTRANT -D__EXTENSIONS__ conftest.c
conftest.c:54:23: fatal error: uuid/uuid.h: No such file or directory
compilation terminated.
configure:12379: $? = 1
configure: failed program was:
| /* confdefs.h */
| #define PACKAGE_NAME "lighttpd"
| #define PACKAGE_TARNAME "lighttpd"
| #define PACKAGE_VERSION "1.4.31"
| #define PACKAGE_STRING "lighttpd 1.4.31"
| #define PACKAGE_BUGREPORT "contact@lighttpd.net"
| #define PACKAGE_URL ""
| #define PACKAGE "lighttpd"
| #define VERSION "1.4.31"
| #define STDC_HEADERS 1
| #define HAVE_SYS_TYPES_H 1
| #define HAVE_SYS_STAT_H 1
| #define HAVE_STDLIB_H 1
| #define HAVE_STRING_H 1
| #define HAVE_MEMORY_H 1
| #define HAVE_STRINGS_H 1
| #define HAVE_INTTYPES_H 1
| #define HAVE_STDINT_H 1
| #define HAVE_UNISTD_H 1
| #define __EXTENSIONS__ 1
| #define _ALL_SOURCE 1
| #define _GNU_SOURCE 1
| #define _POSIX_PTHREAD_SEMANTICS 1
| #define _TANDEM_SOURCE 1
| #define PROTOTYPES 1
| #define __PROTOTYPES 1
| #define HAVE_STRING_H 1
| #define HAVE_DLFCN_H 1
| #define LT_OBJDIR ".libs/"
| #define STDC_HEADERS 1
| #define HAVE_SYS_WAIT_H 1
| #define HAVE_ARPA_INET_H 1
| #define HAVE_FCNTL_H 1
| #define HAVE_NETINET_IN_H 1
| #define HAVE_STDLIB_H 1
| #define HAVE_STRING_H 1
| #define HAVE_SYS_SOCKET_H 1
| #define HAVE_SYS_TIME_H 1
| #define HAVE_UNISTD_H 1
| #define HAVE_SYS_SENDFILE_H 1
| #define HAVE_SYS_UIO_H 1
| #define HAVE_GETOPT_H 1
| #define HAVE_SYS_EPOLL_H 1
| #define HAVE_SYS_SELECT_H 1
| #define HAVE_POLL_H 1
| #define HAVE_SYS_POLL_H 1
| #define HAVE_SYS_MMAN_H 1
| #define HAVE_PWD_H 1
| #define HAVE_SYS_RESOURCE_H 1
| #define HAVE_SYS_UN_H 1
| #define HAVE_SYSLOG_H 1
| #define HAVE_SYS_PRCTL_H 1
| /* end confdefs.h.  */
| #include <uuid/uuid.h>
configure:12379: result: no
configure:12379: checking for uuid/uuid.h
configure:12379: result: no
configure:12390: checking for an ANSI C-conforming const
configure:12455: gcc -c -g -O2  -D_REENTRANT -D__EXTENSIONS__ conftest.c >&5
configure:12455: $? = 0
configure:12462: result: yes
configure:12470: checking for inline
configure:12486: gcc -c -g -O2  -D_REENTRANT -D__EXTENSIONS__ conftest.c >&5
configure:12486: $? = 0
configure:12494: result: inline
configure:12512: checking whether char is unsigned
configure:12530: gcc -c -g -O2  -D_REENTRANT -D__EXTENSIONS__ conftest.c >&5
configure:12530: $? = 0
configure:12537: result: no
configure:12544: checking for off_t
configure:12544: gcc -c -g -O2  -D_REENTRANT -D__EXTENSIONS__ conftest.c >&5
configure:12544: $? = 0
configure:12544: gcc -c -g -O2  -D_REENTRANT -D__EXTENSIONS__ conftest.c >&5
conftest.c: In function 'main':
conftest.c:90:20: error: expected expression before ')' token
configure:12544: $? = 1
configure: failed program was:
| /* confdefs.h */
| #define PACKAGE_NAME "lighttpd"
| #define PACKAGE_TARNAME "lighttpd"
| #define PACKAGE_VERSION "1.4.31"
| #define PACKAGE_STRING "lighttpd 1.4.31"
| #define PACKAGE_BUGREPORT "contact@lighttpd.net"
| #define PACKAGE_URL ""
| #define PACKAGE "lighttpd"
| #define VERSION "1.4.31"
| #define STDC_HEADERS 1
| #define HAVE_SYS_TYPES_H 1
| #define HAVE_SYS_STAT_H 1
| #define HAVE_STDLIB_H 1
| #define HAVE_STRING_H 1
| #define HAVE_MEMORY_H 1
| #define HAVE_STRINGS_H 1
| #define HAVE_INTTYPES_H 1
| #define HAVE_STDINT_H 1
| #define HAVE_UNISTD_H 1
| #define __EXTENSIONS__ 1
| #define _ALL_SOURCE 1
| #define _GNU_SOURCE 1
| #define _POSIX_PTHREAD_SEMANTICS 1
| #define _TANDEM_SOURCE 1
| #define PROTOTYPES 1
| #define __PROTOTYPES 1
| #define HAVE_STRING_H 1
| #define HAVE_DLFCN_H 1
| #define LT_OBJDIR ".libs/"
| #define STDC_HEADERS 1
| #define HAVE_SYS_WAIT_H 1
| #define HAVE_ARPA_INET_H 1
| #define HAVE_FCNTL_H 1
| #define HAVE_NETINET_IN_H 1
| #define HAVE_STDLIB_H 1
| #define HAVE_STRING_H 1
| #define HAVE_SYS_SOCKET_H 1
| #define HAVE_SYS_TIME_H 1
| #define HAVE_UNISTD_H 1
| #define HAVE_SYS_SENDFILE_H 1
| #define HAVE_SYS_UIO_H 1
| #define HAVE_GETOPT_H 1
| #define HAVE_SYS_EPOLL_H 1
| #define HAVE_SYS_SELECT_H 1
| #define HAVE_POLL_H 1
| #define HAVE_SYS_POLL_H 1
| #define HAVE_SYS_MMAN_H 1
| #define HAVE_PWD_H 1
| #define HAVE_SYS_RESOURCE_H 1
| #define HAVE_SYS_UN_H 1
| #define HAVE_SYSLOG_H 1
| #define HAVE_SYS_PRCTL_H 1
| /* end confdefs.h.  */
| #include <stdio.h>
| #ifdef HAVE_SYS_TYPES_H
| # include <sys/types.h>
| #endif
| #ifdef HAVE_SYS_STAT_H
| # include <sys/stat.h>
| #endif
| #ifdef STDC_HEADERS
| # include <stdlib.h>
| # include <stddef.h>
| #else
| # ifdef HAVE_STDLIB_H
| #  include <stdlib.h>
| # endif
| #endif
| #ifdef HAVE_STRING_H
| # if !defined STDC_HEADERS && defined HAVE_MEMORY_H
| #  include <memory.h>
| # endif
| # include <string.h>
| #endif
| #ifdef HAVE_STRINGS_H
| # include <strings.h>
| #endif
| #ifdef HAVE_INTTYPES_H
| # include <inttypes.h>
| #endif
| #ifdef HAVE_STDINT_H
| # include <stdint.h>
| #endif
| #ifdef HAVE_UNISTD_H
| # include <unistd.h>
| #endif
| int
| main ()
| {
| if (sizeof ((off_t)))
| 	    return 0;
|   ;
|   return 0;
| }
configure:12544: result: yes
configure:12555: checking for pid_t
configure:12555: gcc -c -g -O2  -D_REENTRANT -D__EXTENSIONS__ conftest.c >&5
configure:12555: $? = 0
configure:12555: gcc -c -g -O2  -D_REENTRANT -D__EXTENSIONS__ conftest.c >&5
conftest.c: In function 'main':
conftest.c:90:20: error: expected expression before ')' token
configure:12555: $? = 1
configure: failed program was:
| /* confdefs.h */
| #define PACKAGE_NAME "lighttpd"
| #define PACKAGE_TARNAME "lighttpd"
| #define PACKAGE_VERSION "1.4.31"
| #define PACKAGE_STRING "lighttpd 1.4.31"
| #define PACKAGE_BUGREPORT "contact@lighttpd.net"
| #define PACKAGE_URL ""
| #define PACKAGE "lighttpd"
| #define VERSION "1.4.31"
| #define STDC_HEADERS 1
| #define HAVE_SYS_TYPES_H 1
| #define HAVE_SYS_STAT_H 1
| #define HAVE_STDLIB_H 1
| #define HAVE_STRING_H 1
| #define HAVE_MEMORY_H 1
| #define HAVE_STRINGS_H 1
| #define HAVE_INTTYPES_H 1
| #define HAVE_STDINT_H 1
| #define HAVE_UNISTD_H 1
| #define __EXTENSIONS__ 1
| #define _ALL_SOURCE 1
| #define _GNU_SOURCE 1
| #define _POSIX_PTHREAD_SEMANTICS 1
| #define _TANDEM_SOURCE 1
| #define PROTOTYPES 1
| #define __PROTOTYPES 1
| #define HAVE_STRING_H 1
| #define HAVE_DLFCN_H 1
| #define LT_OBJDIR ".libs/"
| #define STDC_HEADERS 1
| #define HAVE_SYS_WAIT_H 1
| #define HAVE_ARPA_INET_H 1
| #define HAVE_FCNTL_H 1
| #define HAVE_NETINET_IN_H 1
| #define HAVE_STDLIB_H 1
| #define HAVE_STRING_H 1
| #define HAVE_SYS_SOCKET_H 1
| #define HAVE_SYS_TIME_H 1
| #define HAVE_UNISTD_H 1
| #define HAVE_SYS_SENDFILE_H 1
| #define HAVE_SYS_UIO_H 1
| #define HAVE_GETOPT_H 1
| #define HAVE_SYS_EPOLL_H 1
| #define HAVE_SYS_SELECT_H 1
| #define HAVE_POLL_H 1
| #define HAVE_SYS_POLL_H 1
| #define HAVE_SYS_MMAN_H 1
| #define HAVE_PWD_H 1
| #define HAVE_SYS_RESOURCE_H 1
| #define HAVE_SYS_UN_H 1
| #define HAVE_SYSLOG_H 1
| #define HAVE_SYS_PRCTL_H 1
| /* end confdefs.h.  */
| #include <stdio.h>
| #ifdef HAVE_SYS_TYPES_H
| # include <sys/types.h>
| #endif
| #ifdef HAVE_SYS_STAT_H
| # include <sys/stat.h>
| #endif
| #ifdef STDC_HEADERS
| # include <stdlib.h>
| # include <stddef.h>
| #else
| # ifdef HAVE_STDLIB_H
| #  include <stdlib.h>
| # endif
| #endif
| #ifdef HAVE_STRING_H
| # if !defined STDC_HEADERS && defined HAVE_MEMORY_H
| #  include <memory.h>
| # endif
| # include <string.h>
| #endif
| #ifdef HAVE_STRINGS_H
| # include <strings.h>
| #endif
| #ifdef HAVE_INTTYPES_H
| # include <inttypes.h>
| #endif
| #ifdef HAVE_STDINT_H
| # include <stdint.h>
| #endif
| #ifdef HAVE_UNISTD_H
| # include <unistd.h>
| #endif
| int
| main ()
| {
| if (sizeof ((pid_t)))
| 	    return 0;
|   ;
|   return 0;
| }
configure:12555: result: yes
configure:12566: checking for size_t
configure:12566: gcc -c -g -O2  -D_REENTRANT -D__EXTENSIONS__ conftest.c >&5
configure:12566: $? = 0
configure:12566: gcc -c -g -O2  -D_REENTRANT -D__EXTENSIONS__ conftest.c >&5
conftest.c: In function 'main':
conftest.c:90:21: error: expected expression before ')' token
configure:12566: $? = 1
configure: failed program was:
| /* confdefs.h */
| #define PACKAGE_NAME "lighttpd"
| #define PACKAGE_TARNAME "lighttpd"
| #define PACKAGE_VERSION "1.4.31"
| #define PACKAGE_STRING "lighttpd 1.4.31"
| #define PACKAGE_BUGREPORT "contact@lighttpd.net"
| #define PACKAGE_URL ""
| #define PACKAGE "lighttpd"
| #define VERSION "1.4.31"
| #define STDC_HEADERS 1
| #define HAVE_SYS_TYPES_H 1
| #define HAVE_SYS_STAT_H 1
| #define HAVE_STDLIB_H 1
| #define HAVE_STRING_H 1
| #define HAVE_MEMORY_H 1
| #define HAVE_STRINGS_H 1
| #define HAVE_INTTYPES_H 1
| #define HAVE_STDINT_H 1
| #define HAVE_UNISTD_H 1
| #define __EXTENSIONS__ 1
| #define _ALL_SOURCE 1
| #define _GNU_SOURCE 1
| #define _POSIX_PTHREAD_SEMANTICS 1
| #define _TANDEM_SOURCE 1
| #define PROTOTYPES 1
| #define __PROTOTYPES 1
| #define HAVE_STRING_H 1
| #define HAVE_DLFCN_H 1
| #define LT_OBJDIR ".libs/"
| #define STDC_HEADERS 1
| #define HAVE_SYS_WAIT_H 1
| #define HAVE_ARPA_INET_H 1
| #define HAVE_FCNTL_H 1
| #define HAVE_NETINET_IN_H 1
| #define HAVE_STDLIB_H 1
| #define HAVE_STRING_H 1
| #define HAVE_SYS_SOCKET_H 1
| #define HAVE_SYS_TIME_H 1
| #define HAVE_UNISTD_H 1
| #define HAVE_SYS_SENDFILE_H 1
| #define HAVE_SYS_UIO_H 1
| #define HAVE_GETOPT_H 1
| #define HAVE_SYS_EPOLL_H 1
| #define HAVE_SYS_SELECT_H 1
| #define HAVE_POLL_H 1
| #define HAVE_SYS_POLL_H 1
| #define HAVE_SYS_MMAN_H 1
| #define HAVE_PWD_H 1
| #define HAVE_SYS_RESOURCE_H 1
| #define HAVE_SYS_UN_H 1
| #define HAVE_SYSLOG_H 1
| #define HAVE_SYS_PRCTL_H 1
| /* end confdefs.h.  */
| #include <stdio.h>
| #ifdef HAVE_SYS_TYPES_H
| # include <sys/types.h>
| #endif
| #ifdef HAVE_SYS_STAT_H
| # include <sys/stat.h>
| #endif
| #ifdef STDC_HEADERS
| # include <stdlib.h>
| # include <stddef.h>
| #else
| # ifdef HAVE_STDLIB_H
| #  include <stdlib.h>
| # endif
| #endif
| #ifdef HAVE_STRING_H
| # if !defined STDC_HEADERS && defined HAVE_MEMORY_H
| #  include <memory.h>
| # endif
| # include <string.h>
| #endif
| #ifdef HAVE_STRINGS_H
| # include <strings.h>
| #endif
| #ifdef HAVE_INTTYPES_H
| # include <inttypes.h>
| #endif
| #ifdef HAVE_STDINT_H
| # include <stdint.h>
| #endif
| #ifdef HAVE_UNISTD_H
| # include <unistd.h>
| #endif
| int
| main ()
| {
| if (sizeof ((size_t)))
| 	    return 0;
|   ;
|   return 0;
| }
configure:12566: result: yes
configure:12578: checking for struct tm.tm_gmtoff
configure:12578: gcc -c -g -O2  -D_REENTRANT -D__EXTENSIONS__ conftest.c >&5
configure:12578: $? = 0
configure:12578: result: yes
configure:12586: checking for struct sockaddr_storage
configure:12586: gcc -c -g -O2  -D_REENTRANT -D__EXTENSIONS__ conftest.c >&5
configure:12586: $? = 0
configure:12586: gcc -c -g -O2  -D_REENTRANT -D__EXTENSIONS__ conftest.c >&5
conftest.c: In function 'main':
conftest.c:60:38: error: expected expression before ')' token
configure:12586: $? = 1
configure: failed program was:
| /* confdefs.h */
| #define PACKAGE_NAME "lighttpd"
| #define PACKAGE_TARNAME "lighttpd"
| #define PACKAGE_VERSION "1.4.31"
| #define PACKAGE_STRING "lighttpd 1.4.31"
| #define PACKAGE_BUGREPORT "contact@lighttpd.net"
| #define PACKAGE_URL ""
| #define PACKAGE "lighttpd"
| #define VERSION "1.4.31"
| #define STDC_HEADERS 1
| #define HAVE_SYS_TYPES_H 1
| #define HAVE_SYS_STAT_H 1
| #define HAVE_STDLIB_H 1
| #define HAVE_STRING_H 1
| #define HAVE_MEMORY_H 1
| #define HAVE_STRINGS_H 1
| #define HAVE_INTTYPES_H 1
| #define HAVE_STDINT_H 1
| #define HAVE_UNISTD_H 1
| #define __EXTENSIONS__ 1
| #define _ALL_SOURCE 1
| #define _GNU_SOURCE 1
| #define _POSIX_PTHREAD_SEMANTICS 1
| #define _TANDEM_SOURCE 1
| #define PROTOTYPES 1
| #define __PROTOTYPES 1
| #define HAVE_STRING_H 1
| #define HAVE_DLFCN_H 1
| #define LT_OBJDIR ".libs/"
| #define STDC_HEADERS 1
| #define HAVE_SYS_WAIT_H 1
| #define HAVE_ARPA_INET_H 1
| #define HAVE_FCNTL_H 1
| #define HAVE_NETINET_IN_H 1
| #define HAVE_STDLIB_H 1
| #define HAVE_STRING_H 1
| #define HAVE_SYS_SOCKET_H 1
| #define HAVE_SYS_TIME_H 1
| #define HAVE_UNISTD_H 1
| #define HAVE_SYS_SENDFILE_H 1
| #define HAVE_SYS_UIO_H 1
| #define HAVE_GETOPT_H 1
| #define HAVE_SYS_EPOLL_H 1
| #define HAVE_SYS_SELECT_H 1
| #define HAVE_POLL_H 1
| #define HAVE_SYS_POLL_H 1
| #define HAVE_SYS_MMAN_H 1
| #define HAVE_PWD_H 1
| #define HAVE_SYS_RESOURCE_H 1
| #define HAVE_SYS_UN_H 1
| #define HAVE_SYSLOG_H 1
| #define HAVE_SYS_PRCTL_H 1
| #define HAVE_STRUCT_TM_GMTOFF 1
| /* end confdefs.h.  */
| #include <sys/socket.h>
| 
| int
| main ()
| {
| if (sizeof ((struct sockaddr_storage)))
| 	    return 0;
|   ;
|   return 0;
| }
configure:12586: result: yes
configure:12597: checking for socklen_t
configure:12597: gcc -c -g -O2  -D_REENTRANT -D__EXTENSIONS__ conftest.c >&5
configure:12597: $? = 0
configure:12597: gcc -c -g -O2  -D_REENTRANT -D__EXTENSIONS__ conftest.c >&5
conftest.c: In function 'main':
conftest.c:62:24: error: expected expression before ')' token
configure:12597: $? = 1
configure: failed program was:
| /* confdefs.h */
| #define PACKAGE_NAME "lighttpd"
| #define PACKAGE_TARNAME "lighttpd"
| #define PACKAGE_VERSION "1.4.31"
| #define PACKAGE_STRING "lighttpd 1.4.31"
| #define PACKAGE_BUGREPORT "contact@lighttpd.net"
| #define PACKAGE_URL ""
| #define PACKAGE "lighttpd"
| #define VERSION "1.4.31"
| #define STDC_HEADERS 1
| #define HAVE_SYS_TYPES_H 1
| #define HAVE_SYS_STAT_H 1
| #define HAVE_STDLIB_H 1
| #define HAVE_STRING_H 1
| #define HAVE_MEMORY_H 1
| #define HAVE_STRINGS_H 1
| #define HAVE_INTTYPES_H 1
| #define HAVE_STDINT_H 1
| #define HAVE_UNISTD_H 1
| #define __EXTENSIONS__ 1
| #define _ALL_SOURCE 1
| #define _GNU_SOURCE 1
| #define _POSIX_PTHREAD_SEMANTICS 1
| #define _TANDEM_SOURCE 1
| #define PROTOTYPES 1
| #define __PROTOTYPES 1
| #define HAVE_STRING_H 1
| #define HAVE_DLFCN_H 1
| #define LT_OBJDIR ".libs/"
| #define STDC_HEADERS 1
| #define HAVE_SYS_WAIT_H 1
| #define HAVE_ARPA_INET_H 1
| #define HAVE_FCNTL_H 1
| #define HAVE_NETINET_IN_H 1
| #define HAVE_STDLIB_H 1
| #define HAVE_STRING_H 1
| #define HAVE_SYS_SOCKET_H 1
| #define HAVE_SYS_TIME_H 1
| #define HAVE_UNISTD_H 1
| #define HAVE_SYS_SENDFILE_H 1
| #define HAVE_SYS_UIO_H 1
| #define HAVE_GETOPT_H 1
| #define HAVE_SYS_EPOLL_H 1
| #define HAVE_SYS_SELECT_H 1
| #define HAVE_POLL_H 1
| #define HAVE_SYS_POLL_H 1
| #define HAVE_SYS_MMAN_H 1
| #define HAVE_PWD_H 1
| #define HAVE_SYS_RESOURCE_H 1
| #define HAVE_SYS_UN_H 1
| #define HAVE_SYSLOG_H 1
| #define HAVE_SYS_PRCTL_H 1
| #define HAVE_STRUCT_TM_GMTOFF 1
| #define HAVE_STRUCT_SOCKADDR_STORAGE 1
| /* end confdefs.h.  */
| #include <sys/types.h>
| #include <sys/socket.h>
| 
| int
| main ()
| {
| if (sizeof ((socklen_t)))
| 	    return 0;
|   ;
|   return 0;
| }
configure:12597: result: yes
configure:12612: checking vfork.h usability
configure:12612: gcc -c -g -O2  -D_REENTRANT -D__EXTENSIONS__ conftest.c >&5
conftest.c:90:19: fatal error: vfork.h: No such file or directory
compilation terminated.
configure:12612: $? = 1
configure: failed program was:
| /* confdefs.h */
| #define PACKAGE_NAME "lighttpd"
| #define PACKAGE_TARNAME "lighttpd"
| #define PACKAGE_VERSION "1.4.31"
| #define PACKAGE_STRING "lighttpd 1.4.31"
| #define PACKAGE_BUGREPORT "contact@lighttpd.net"
| #define PACKAGE_URL ""
| #define PACKAGE "lighttpd"
| #define VERSION "1.4.31"
| #define STDC_HEADERS 1
| #define HAVE_SYS_TYPES_H 1
| #define HAVE_SYS_STAT_H 1
| #define HAVE_STDLIB_H 1
| #define HAVE_STRING_H 1
| #define HAVE_MEMORY_H 1
| #define HAVE_STRINGS_H 1
| #define HAVE_INTTYPES_H 1
| #define HAVE_STDINT_H 1
| #define HAVE_UNISTD_H 1
| #define __EXTENSIONS__ 1
| #define _ALL_SOURCE 1
| #define _GNU_SOURCE 1
| #define _POSIX_PTHREAD_SEMANTICS 1
| #define _TANDEM_SOURCE 1
| #define PROTOTYPES 1
| #define __PROTOTYPES 1
| #define HAVE_STRING_H 1
| #define HAVE_DLFCN_H 1
| #define LT_OBJDIR ".libs/"
| #define STDC_HEADERS 1
| #define HAVE_SYS_WAIT_H 1
| #define HAVE_ARPA_INET_H 1
| #define HAVE_FCNTL_H 1
| #define HAVE_NETINET_IN_H 1
| #define HAVE_STDLIB_H 1
| #define HAVE_STRING_H 1
| #define HAVE_SYS_SOCKET_H 1
| #define HAVE_SYS_TIME_H 1
| #define HAVE_UNISTD_H 1
| #define HAVE_SYS_SENDFILE_H 1
| #define HAVE_SYS_UIO_H 1
| #define HAVE_GETOPT_H 1
| #define HAVE_SYS_EPOLL_H 1
| #define HAVE_SYS_SELECT_H 1
| #define HAVE_POLL_H 1
| #define HAVE_SYS_POLL_H 1
| #define HAVE_SYS_MMAN_H 1
| #define HAVE_PWD_H 1
| #define HAVE_SYS_RESOURCE_H 1
| #define HAVE_SYS_UN_H 1
| #define HAVE_SYSLOG_H 1
| #define HAVE_SYS_PRCTL_H 1
| #define HAVE_STRUCT_TM_GMTOFF 1
| #define HAVE_STRUCT_SOCKADDR_STORAGE 1
| #define HAVE_SOCKLEN_T 1
| /* end confdefs.h.  */
| #include <stdio.h>
| #ifdef HAVE_SYS_TYPES_H
| # include <sys/types.h>
| #endif
| #ifdef HAVE_SYS_STAT_H
| # include <sys/stat.h>
| #endif
| #ifdef STDC_HEADERS
| # include <stdlib.h>
| # include <stddef.h>
| #else
| # ifdef HAVE_STDLIB_H
| #  include <stdlib.h>
| # endif
| #endif
| #ifdef HAVE_STRING_H
| # if !defined STDC_HEADERS && defined HAVE_MEMORY_H
| #  include <memory.h>
| # endif
| # include <string.h>
| #endif
| #ifdef HAVE_STRINGS_H
| # include <strings.h>
| #endif
| #ifdef HAVE_INTTYPES_H
| # include <inttypes.h>
| #endif
| #ifdef HAVE_STDINT_H
| # include <stdint.h>
| #endif
| #ifdef HAVE_UNISTD_H
| # include <unistd.h>
| #endif
| #include <vfork.h>
configure:12612: result: no
configure:12612: checking vfork.h presence
configure:12612: gcc -E  -D_REENTRANT -D__EXTENSIONS__ conftest.c
conftest.c:57:19: fatal error: vfork.h: No such file or directory
compilation terminated.
configure:12612: $? = 1
configure: failed program was:
| /* confdefs.h */
| #define PACKAGE_NAME "lighttpd"
| #define PACKAGE_TARNAME "lighttpd"
| #define PACKAGE_VERSION "1.4.31"
| #define PACKAGE_STRING "lighttpd 1.4.31"
| #define PACKAGE_BUGREPORT "contact@lighttpd.net"
| #define PACKAGE_URL ""
| #define PACKAGE "lighttpd"
| #define VERSION "1.4.31"
| #define STDC_HEADERS 1
| #define HAVE_SYS_TYPES_H 1
| #define HAVE_SYS_STAT_H 1
| #define HAVE_STDLIB_H 1
| #define HAVE_STRING_H 1
| #define HAVE_MEMORY_H 1
| #define HAVE_STRINGS_H 1
| #define HAVE_INTTYPES_H 1
| #define HAVE_STDINT_H 1
| #define HAVE_UNISTD_H 1
| #define __EXTENSIONS__ 1
| #define _ALL_SOURCE 1
| #define _GNU_SOURCE 1
| #define _POSIX_PTHREAD_SEMANTICS 1
| #define _TANDEM_SOURCE 1
| #define PROTOTYPES 1
| #define __PROTOTYPES 1
| #define HAVE_STRING_H 1
| #define HAVE_DLFCN_H 1
| #define LT_OBJDIR ".libs/"
| #define STDC_HEADERS 1
| #define HAVE_SYS_WAIT_H 1
| #define HAVE_ARPA_INET_H 1
| #define HAVE_FCNTL_H 1
| #define HAVE_NETINET_IN_H 1
| #define HAVE_STDLIB_H 1
| #define HAVE_STRING_H 1
| #define HAVE_SYS_SOCKET_H 1
| #define HAVE_SYS_TIME_H 1
| #define HAVE_UNISTD_H 1
| #define HAVE_SYS_SENDFILE_H 1
| #define HAVE_SYS_UIO_H 1
| #define HAVE_GETOPT_H 1
| #define HAVE_SYS_EPOLL_H 1
| #define HAVE_SYS_SELECT_H 1
| #define HAVE_POLL_H 1
| #define HAVE_SYS_POLL_H 1
| #define HAVE_SYS_MMAN_H 1
| #define HAVE_PWD_H 1
| #define HAVE_SYS_RESOURCE_H 1
| #define HAVE_SYS_UN_H 1
| #define HAVE_SYSLOG_H 1
| #define HAVE_SYS_PRCTL_H 1
| #define HAVE_STRUCT_TM_GMTOFF 1
| #define HAVE_STRUCT_SOCKADDR_STORAGE 1
| #define HAVE_SOCKLEN_T 1
| /* end confdefs.h.  */
| #include <vfork.h>
configure:12612: result: no
configure:12612: checking for vfork.h
configure:12612: result: no
configure:12625: checking for fork
configure:12625: gcc -o conftest -g -O2  -D_REENTRANT -D__EXTENSIONS__  conftest.c  >&5
conftest.c:80:6: warning: conflicting types for built-in function 'fork' [enabled by default]
configure:12625: $? = 0
configure:12625: result: yes
configure:12625: checking for vfork
configure:12625: gcc -o conftest -g -O2  -D_REENTRANT -D__EXTENSIONS__  conftest.c  >&5
configure:12625: $? = 0
configure:12625: result: yes
configure:12635: checking for working fork
configure:12657: gcc -o conftest -g -O2  -D_REENTRANT -D__EXTENSIONS__  conftest.c  >&5
configure:12657: $? = 0
configure:12657: ./conftest
configure:12657: $? = 0
configure:12667: result: yes
configure:12688: checking for working vfork
configure:12798: result: yes
configure:12823: checking return type of signal handlers
configure:12841: gcc -c -g -O2  -D_REENTRANT -D__EXTENSIONS__ conftest.c >&5
conftest.c: In function 'main':
conftest.c:67:1: error: void value not ignored as it ought to be
configure:12841: $? = 1
configure: failed program was:
| /* confdefs.h */
| #define PACKAGE_NAME "lighttpd"
| #define PACKAGE_TARNAME "lighttpd"
| #define PACKAGE_VERSION "1.4.31"
| #define PACKAGE_STRING "lighttpd 1.4.31"
| #define PACKAGE_BUGREPORT "contact@lighttpd.net"
| #define PACKAGE_URL ""
| #define PACKAGE "lighttpd"
| #define VERSION "1.4.31"
| #define STDC_HEADERS 1
| #define HAVE_SYS_TYPES_H 1
| #define HAVE_SYS_STAT_H 1
| #define HAVE_STDLIB_H 1
| #define HAVE_STRING_H 1
| #define HAVE_MEMORY_H 1
| #define HAVE_STRINGS_H 1
| #define HAVE_INTTYPES_H 1
| #define HAVE_STDINT_H 1
| #define HAVE_UNISTD_H 1
| #define __EXTENSIONS__ 1
| #define _ALL_SOURCE 1
| #define _GNU_SOURCE 1
| #define _POSIX_PTHREAD_SEMANTICS 1
| #define _TANDEM_SOURCE 1
| #define PROTOTYPES 1
| #define __PROTOTYPES 1
| #define HAVE_STRING_H 1
| #define HAVE_DLFCN_H 1
| #define LT_OBJDIR ".libs/"
| #define STDC_HEADERS 1
| #define HAVE_SYS_WAIT_H 1
| #define HAVE_ARPA_INET_H 1
| #define HAVE_FCNTL_H 1
| #define HAVE_NETINET_IN_H 1
| #define HAVE_STDLIB_H 1
| #define HAVE_STRING_H 1
| #define HAVE_SYS_SOCKET_H 1
| #define HAVE_SYS_TIME_H 1
| #define HAVE_UNISTD_H 1
| #define HAVE_SYS_SENDFILE_H 1
| #define HAVE_SYS_UIO_H 1
| #define HAVE_GETOPT_H 1
| #define HAVE_SYS_EPOLL_H 1
| #define HAVE_SYS_SELECT_H 1
| #define HAVE_POLL_H 1
| #define HAVE_SYS_POLL_H 1
| #define HAVE_SYS_MMAN_H 1
| #define HAVE_PWD_H 1
| #define HAVE_SYS_RESOURCE_H 1
| #define HAVE_SYS_UN_H 1
| #define HAVE_SYSLOG_H 1
| #define HAVE_SYS_PRCTL_H 1
| #define HAVE_STRUCT_TM_GMTOFF 1
| #define HAVE_STRUCT_SOCKADDR_STORAGE 1
| #define HAVE_SOCKLEN_T 1
| #define HAVE_FORK 1
| #define HAVE_VFORK 1
| #define HAVE_WORKING_VFORK 1
| #define HAVE_WORKING_FORK 1
| /* end confdefs.h.  */
| #include <sys/types.h>
| #include <signal.h>
| 
| int
| main ()
| {
| return *(signal (0, 0)) (0) == 1;
|   ;
|   return 0;
| }
configure:12848: result: void
configure:12856: checking whether lstat correctly handles trailing slash
configure:12882: gcc -o conftest -g -O2  -D_REENTRANT -D__EXTENSIONS__  conftest.c  >&5
configure:12882: $? = 0
configure:12882: ./conftest
configure:12882: $? = 0
configure:12899: result: yes
configure:12918: checking whether stat accepts an empty string
configure:12938: gcc -o conftest -g -O2  -D_REENTRANT -D__EXTENSIONS__  conftest.c  >&5
configure:12938: $? = 0
configure:12938: ./conftest
configure:12938: $? = 0
configure:12948: result: no
configure:12966: checking for strftime
configure:12966: gcc -o conftest -g -O2  -D_REENTRANT -D__EXTENSIONS__  conftest.c  >&5
conftest.c:86:6: warning: conflicting types for built-in function 'strftime' [enabled by default]
configure:12966: $? = 0
configure:12966: result: yes
configure:13022: checking for issetugid
configure:13022: gcc -o conftest -g -O2  -D_REENTRANT -D__EXTENSIONS__  conftest.c  >&5
/tmp/ccMDolRq.o: In function `main':
/home/samuel/build/1.07/contrib/lighttpd-1.4.31/conftest.c:98: undefined reference to `issetugid'
collect2: ld returned 1 exit status
configure:13022: $? = 1
configure: failed program was:
| /* confdefs.h */
| #define PACKAGE_NAME "lighttpd"
| #define PACKAGE_TARNAME "lighttpd"
| #define PACKAGE_VERSION "1.4.31"
| #define PACKAGE_STRING "lighttpd 1.4.31"
| #define PACKAGE_BUGREPORT "contact@lighttpd.net"
| #define PACKAGE_URL ""
| #define PACKAGE "lighttpd"
| #define VERSION "1.4.31"
| #define STDC_HEADERS 1
| #define HAVE_SYS_TYPES_H 1
| #define HAVE_SYS_STAT_H 1
| #define HAVE_STDLIB_H 1
| #define HAVE_STRING_H 1
| #define HAVE_MEMORY_H 1
| #define HAVE_STRINGS_H 1
| #define HAVE_INTTYPES_H 1
| #define HAVE_STDINT_H 1
| #define HAVE_UNISTD_H 1
| #define __EXTENSIONS__ 1
| #define _ALL_SOURCE 1
| #define _GNU_SOURCE 1
| #define _POSIX_PTHREAD_SEMANTICS 1
| #define _TANDEM_SOURCE 1
| #define PROTOTYPES 1
| #define __PROTOTYPES 1
| #define HAVE_STRING_H 1
| #define HAVE_DLFCN_H 1
| #define LT_OBJDIR ".libs/"
| #define STDC_HEADERS 1
| #define HAVE_SYS_WAIT_H 1
| #define HAVE_ARPA_INET_H 1
| #define HAVE_FCNTL_H 1
| #define HAVE_NETINET_IN_H 1
| #define HAVE_STDLIB_H 1
| #define HAVE_STRING_H 1
| #define HAVE_SYS_SOCKET_H 1
| #define HAVE_SYS_TIME_H 1
| #define HAVE_UNISTD_H 1
| #define HAVE_SYS_SENDFILE_H 1
| #define HAVE_SYS_UIO_H 1
| #define HAVE_GETOPT_H 1
| #define HAVE_SYS_EPOLL_H 1
| #define HAVE_SYS_SELECT_H 1
| #define HAVE_POLL_H 1
| #define HAVE_SYS_POLL_H 1
| #define HAVE_SYS_MMAN_H 1
| #define HAVE_PWD_H 1
| #define HAVE_SYS_RESOURCE_H 1
| #define HAVE_SYS_UN_H 1
| #define HAVE_SYSLOG_H 1
| #define HAVE_SYS_PRCTL_H 1
| #define HAVE_STRUCT_TM_GMTOFF 1
| #define HAVE_STRUCT_SOCKADDR_STORAGE 1
| #define HAVE_SOCKLEN_T 1
| #define HAVE_FORK 1
| #define HAVE_VFORK 1
| #define HAVE_WORKING_VFORK 1
| #define HAVE_WORKING_FORK 1
| #define RETSIGTYPE void
| #define LSTAT_FOLLOWS_SLASHED_SYMLINK 1
| #define HAVE_STRFTIME 1
| /* end confdefs.h.  */
| /* Define issetugid to an innocuous variant, in case <limits.h> declares issetugid.
|    For example, HP-UX 11i <limits.h> declares gettimeofday.  */
| #define issetugid innocuous_issetugid
| 
| /* System header to define __stub macros and hopefully few prototypes,
|     which can conflict with char issetugid (); below.
|     Prefer <limits.h> to <assert.h> if __STDC__ is defined, since
|     <limits.h> exists even on freestanding compilers.  */
| 
| #ifdef __STDC__
| # include <limits.h>
| #else
| # include <assert.h>
| #endif
| 
| #undef issetugid
| 
| /* Override any GCC internal prototype to avoid an error.
|    Use char because int might match the return type of a GCC
|    builtin and then its argument prototype would still apply.  */
| #ifdef __cplusplus
| extern "C"
| #endif
| char issetugid ();
| /* The GNU C library defines this for functions which it implements
|     to always fail with ENOSYS.  Some functions are actually named
|     something starting with __ and the normal name is an alias.  */
| #if defined __stub_issetugid || defined __stub___issetugid
| choke me
| #endif
| 
| int
| main ()
| {
| return issetugid ();
|   ;
|   return 0;
| }
configure:13022: result: no
configure:13022: checking for inet_pton
configure:13022: gcc -o conftest -g -O2  -D_REENTRANT -D__EXTENSIONS__  conftest.c  >&5
configure:13022: $? = 0
configure:13022: result: yes
configure:13035: checking for pkg-config
configure:13053: found /usr/bin/pkg-config
configure:13066: result: /usr/bin/pkg-config
configure:13076: checking for libev support
configure:13435: checking for MySQL support
configure:13538: result: no
configure:13545: checking for LDAP support
configure:13555: result: 
configure:13685: checking for extended attributes support
configure:13695: result: 
configure:13761: checking for library containing socket
configure:13792: gcc -o conftest -g -O2  -D_REENTRANT -D__EXTENSIONS__  conftest.c  >&5
configure:13792: $? = 0
configure:13809: result: none required
configure:13817: checking for library containing gethostbyname
configure:13848: gcc -o conftest -g -O2  -D_REENTRANT -D__EXTENSIONS__  conftest.c  >&5
configure:13848: $? = 0
configure:13865: result: none required
configure:13873: checking for library containing hstrerror
configure:13904: gcc -o conftest -g -O2  -D_REENTRANT -D__EXTENSIONS__  conftest.c  >&5
configure:13904: $? = 0
configure:13921: result: none required
configure:13931: checking for library containing dlopen
configure:13962: gcc -o conftest -g -O2  -D_REENTRANT -D__EXTENSIONS__  conftest.c  >&5
/tmp/ccsPbJBX.o: In function `main':
/home/samuel/build/1.07/contrib/lighttpd-1.4.31/conftest.c:76: undefined reference to `dlopen'
collect2: ld returned 1 exit status
configure:13962: $? = 1
configure: failed program was:
| /* confdefs.h */
| #define PACKAGE_NAME "lighttpd"
| #define PACKAGE_TARNAME "lighttpd"
| #define PACKAGE_VERSION "1.4.31"
| #define PACKAGE_STRING "lighttpd 1.4.31"
| #define PACKAGE_BUGREPORT "contact@lighttpd.net"
| #define PACKAGE_URL ""
| #define PACKAGE "lighttpd"
| #define VERSION "1.4.31"
| #define STDC_HEADERS 1
| #define HAVE_SYS_TYPES_H 1
| #define HAVE_SYS_STAT_H 1
| #define HAVE_STDLIB_H 1
| #define HAVE_STRING_H 1
| #define HAVE_MEMORY_H 1
| #define HAVE_STRINGS_H 1
| #define HAVE_INTTYPES_H 1
| #define HAVE_STDINT_H 1
| #define HAVE_UNISTD_H 1
| #define __EXTENSIONS__ 1
| #define _ALL_SOURCE 1
| #define _GNU_SOURCE 1
| #define _POSIX_PTHREAD_SEMANTICS 1
| #define _TANDEM_SOURCE 1
| #define PROTOTYPES 1
| #define __PROTOTYPES 1
| #define HAVE_STRING_H 1
| #define HAVE_DLFCN_H 1
| #define LT_OBJDIR ".libs/"
| #define STDC_HEADERS 1
| #define HAVE_SYS_WAIT_H 1
| #define HAVE_ARPA_INET_H 1
| #define HAVE_FCNTL_H 1
| #define HAVE_NETINET_IN_H 1
| #define HAVE_STDLIB_H 1
| #define HAVE_STRING_H 1
| #define HAVE_SYS_SOCKET_H 1
| #define HAVE_SYS_TIME_H 1
| #define HAVE_UNISTD_H 1
| #define HAVE_SYS_SENDFILE_H 1
| #define HAVE_SYS_UIO_H 1
| #define HAVE_GETOPT_H 1
| #define HAVE_SYS_EPOLL_H 1
| #define HAVE_SYS_SELECT_H 1
| #define HAVE_POLL_H 1
| #define HAVE_SYS_POLL_H 1
| #define HAVE_SYS_MMAN_H 1
| #define HAVE_PWD_H 1
| #define HAVE_SYS_RESOURCE_H 1
| #define HAVE_SYS_UN_H 1
| #define HAVE_SYSLOG_H 1
| #define HAVE_SYS_PRCTL_H 1
| #define HAVE_STRUCT_TM_GMTOFF 1
| #define HAVE_STRUCT_SOCKADDR_STORAGE 1
| #define HAVE_SOCKLEN_T 1
| #define HAVE_FORK 1
| #define HAVE_VFORK 1
| #define HAVE_WORKING_VFORK 1
| #define HAVE_WORKING_FORK 1
| #define RETSIGTYPE void
| #define LSTAT_FOLLOWS_SLASHED_SYMLINK 1
| #define HAVE_STRFTIME 1
| #define HAVE_INET_PTON 1
| /* end confdefs.h.  */
| 
| /* Override any GCC internal prototype to avoid an error.
|    Use char because int might match the return type of a GCC
|    builtin and then its argument prototype would still apply.  */
| #ifdef __cplusplus
| extern "C"
| #endif
| char dlopen ();
| int
| main ()
| {
| return dlopen ();
|   ;
|   return 0;
| }
configure:13962: gcc -o conftest -g -O2  -D_REENTRANT -D__EXTENSIONS__  conftest.c -ldl   >&5
configure:13962: $? = 0
configure:13979: result: -ldl
configure:13987: checking for dlfcn.h
configure:13987: result: yes
configure:14013: checking for valgrind
configure:14023: result: no
configure:14040: checking for OpenSSL
configure:14060: result: no
configure:14195: checking for perl regular expressions support
configure:14205: result: yes
configure:14211: checking for pcre-config
configure:14244: result: no
configure:14260: error: pcre-config not found, install the pcre-devel package or build with --without-pcre

## ---------------- ##
## Cache variables. ##
## ---------------- ##

ac_cv_build=x86_64-unknown-linux-gnu
ac_cv_c_char_unsigned=no
ac_cv_c_compiler_gnu=yes
ac_cv_c_const=yes
ac_cv_c_inline=inline
ac_cv_env_CC_set=
ac_cv_env_CC_value=
ac_cv_env_CFLAGS_set=
ac_cv_env_CFLAGS_value=
ac_cv_env_CPPFLAGS_set=
ac_cv_env_CPPFLAGS_value=
ac_cv_env_CPP_set=
ac_cv_env_CPP_value=
ac_cv_env_FAM_CFLAGS_set=
ac_cv_env_FAM_CFLAGS_value=
ac_cv_env_FAM_LIBS_set=
ac_cv_env_FAM_LIBS_value=
ac_cv_env_LDFLAGS_set=
ac_cv_env_LDFLAGS_value=
ac_cv_env_LIBEV_CFLAGS_set=
ac_cv_env_LIBEV_CFLAGS_value=
ac_cv_env_LIBEV_LIBS_set=
ac_cv_env_LIBEV_LIBS_value=
ac_cv_env_LIBS_set=
ac_cv_env_LIBS_value=
ac_cv_env_LUA_CFLAGS_set=
ac_cv_env_LUA_CFLAGS_value=
ac_cv_env_LUA_LIBS_set=
ac_cv_env_LUA_LIBS_value=
ac_cv_env_PKG_CONFIG_LIBDIR_set=
ac_cv_env_PKG_CONFIG_LIBDIR_value=
ac_cv_env_PKG_CONFIG_PATH_set=
ac_cv_env_PKG_CONFIG_PATH_value=
ac_cv_env_PKG_CONFIG_set=
ac_cv_env_PKG_CONFIG_value=
ac_cv_env_SQLITE_CFLAGS_set=
ac_cv_env_SQLITE_CFLAGS_value=
ac_cv_env_SQLITE_LIBS_set=
ac_cv_env_SQLITE_LIBS_value=
ac_cv_env_XML_CFLAGS_set=
ac_cv_env_XML_CFLAGS_value=
ac_cv_env_XML_LIBS_set=
ac_cv_env_XML_LIBS_value=
ac_cv_env_build_alias_set=
ac_cv_env_build_alias_value=
ac_cv_env_host_alias_set=
ac_cv_env_host_alias_value=
ac_cv_env_target_alias_set=
ac_cv_env_target_alias_value=
ac_cv_func_dlopen=no
ac_cv_func_fork=yes
ac_cv_func_fork_works=yes
ac_cv_func_inet_pton=yes
ac_cv_func_issetugid=no
ac_cv_func_lstat_dereferences_slashed_symlink=yes
ac_cv_func_shl_load=no
ac_cv_func_stat_empty_string_bug=no
ac_cv_func_strftime=yes
ac_cv_func_vfork=yes
ac_cv_func_vfork_works=yes
ac_cv_header_arpa_inet_h=yes
ac_cv_header_dlfcn_h=yes
ac_cv_header_fcntl_h=yes
ac_cv_header_getopt_h=yes
ac_cv_header_inttypes_h=yes
ac_cv_header_memory_h=yes
ac_cv_header_minix_config_h=no
ac_cv_header_netinet_in_h=yes
ac_cv_header_poll_h=yes
ac_cv_header_port_h=no
ac_cv_header_pwd_h=yes
ac_cv_header_stdc=yes
ac_cv_header_stdint_h=yes
ac_cv_header_stdlib_h=yes
ac_cv_header_string_h=yes
ac_cv_header_strings_h=yes
ac_cv_header_sys_devpoll_h=no
ac_cv_header_sys_epoll_h=yes
ac_cv_header_sys_event_h=no
ac_cv_header_sys_filio_h=no
ac_cv_header_sys_mman_h=yes
ac_cv_header_sys_poll_h=yes
ac_cv_header_sys_prctl_h=yes
ac_cv_header_sys_resource_h=yes
ac_cv_header_sys_select_h=yes
ac_cv_header_sys_sendfile_h=yes
ac_cv_header_sys_socket_h=yes
ac_cv_header_sys_stat_h=yes
ac_cv_header_sys_syslimits_h=no
ac_cv_header_sys_time_h=yes
ac_cv_header_sys_types_h=yes
ac_cv_header_sys_uio_h=yes
ac_cv_header_sys_un_h=yes
ac_cv_header_sys_wait_h=yes
ac_cv_header_syslog_h=yes
ac_cv_header_unistd_h=yes
ac_cv_header_uuid_uuid_h=no
ac_cv_header_vfork_h=no
ac_cv_host=x86_64-unknown-linux-gnu
ac_cv_lib_dl_dlopen=yes
ac_cv_lib_dld_shl_load=no
ac_cv_member_struct_tm_tm_gmtoff=yes
ac_cv_objext=o
ac_cv_path_EGREP='/bin/grep -E'
ac_cv_path_FGREP='/bin/grep -F'
ac_cv_path_GREP=/bin/grep
ac_cv_path_PKG_CONFIG=/usr/bin/pkg-config
ac_cv_path_SED=/bin/sed
ac_cv_path_install='/usr/bin/install -c'
ac_cv_path_mkdir=/bin/mkdir
ac_cv_prog_AWK=mawk
ac_cv_prog_CPP='gcc -E'
ac_cv_prog_ac_ct_AR=ar
ac_cv_prog_ac_ct_CC=gcc
ac_cv_prog_ac_ct_MANIFEST_TOOL=mt
ac_cv_prog_ac_ct_OBJDUMP=objdump
ac_cv_prog_ac_ct_RANLIB=ranlib
ac_cv_prog_ac_ct_STRIP=strip
ac_cv_prog_cc_c89=
ac_cv_prog_cc_g=yes
ac_cv_prog_cc_gcc_c_o=yes
ac_cv_prog_make_make_set=yes
ac_cv_safe_to_define___extensions__=yes
ac_cv_search_dlopen=-ldl
ac_cv_search_gethostbyname='none required'
ac_cv_search_hstrerror='none required'
ac_cv_search_socket='none required'
ac_cv_search_strerror='none required'
ac_cv_target=x86_64-unknown-linux-gnu
ac_cv_type_off_t=yes
ac_cv_type_pid_t=yes
ac_cv_type_signal=void
ac_cv_type_size_t=yes
ac_cv_type_socklen_t=yes
ac_cv_type_struct_sockaddr_storage=yes
am_cv_CC_dependencies_compiler_type=gcc3
am_cv_make_support_nested_variables=yes
am_cv_prog_tar_ustar=gnutar
lt_cv_ar_at_file=@
lt_cv_archive_cmds_need_lc=no
lt_cv_deplibs_check_method=pass_all
lt_cv_dlopen=dlopen
lt_cv_dlopen_libs=-ldl
lt_cv_dlopen_self=yes
lt_cv_dlopen_self_static=no
lt_cv_file_magic_cmd='$MAGIC_CMD'
lt_cv_file_magic_test_file=
lt_cv_ld_reload_flag=-r
lt_cv_nm_interface='BSD nm'
lt_cv_objdir=.libs
lt_cv_path_LD=/usr/bin/ld
lt_cv_path_NM='/usr/bin/nm -B'
lt_cv_path_mainfest_tool=no
lt_cv_prog_compiler_c_o=yes
lt_cv_prog_compiler_pic='-fPIC -DPIC'
lt_cv_prog_compiler_pic_works=yes
lt_cv_prog_compiler_rtti_exceptions=no
lt_cv_prog_compiler_static_works=yes
lt_cv_prog_gnu_ld=yes
lt_cv_sharedlib_from_linklib_cmd='printf %s\n'
lt_cv_shlibpath_overrides_runpath=no
lt_cv_sys_global_symbol_pipe='sed -n -e '\''s/^.*[	 ]\([ABCDGIRSTW][ABCDGIRSTW]*\)[	 ][	 ]*\([_A-Za-z][_A-Za-z0-9]*\)$/\1 \2 \2/p'\'' | sed '\''/ __gnu_lto/d'\'''
lt_cv_sys_global_symbol_to_c_name_address='sed -n -e '\''s/^: \([^ ]*\)[ ]*$/  {\"\1\", (void *) 0},/p'\'' -e '\''s/^[ABCDGIRSTW]* \([^ ]*\) \([^ ]*\)$/  {"\2", (void *) \&\2},/p'\'''
lt_cv_sys_global_symbol_to_c_name_address_lib_prefix='sed -n -e '\''s/^: \([^ ]*\)[ ]*$/  {\"\1\", (void *) 0},/p'\'' -e '\''s/^[ABCDGIRSTW]* \([^ ]*\) \(lib[^ ]*\)$/  {"\2", (void *) \&\2},/p'\'' -e '\''s/^[ABCDGIRSTW]* \([^ ]*\) \([^ ]*\)$/  {"lib\2", (void *) \&\2},/p'\'''
lt_cv_sys_global_symbol_to_cdecl='sed -n -e '\''s/^T .* \(.*\)$/extern int \1();/p'\'' -e '\''s/^[ABCDGIRSTW]* .* \(.*\)$/extern char \1;/p'\'''
lt_cv_sys_max_cmd_len=1572864
lt_cv_to_host_file_cmd=func_convert_file_noop
lt_cv_to_tool_file_cmd=func_convert_file_noop

## ----------------- ##
## Output variables. ##
## ----------------- ##

ACLOCAL='${SHELL} /home/samuel/build/1.07/contrib/lighttpd-1.4.31/missing --run aclocal-1.11'
AMDEPBACKSLASH='\'
AMDEP_FALSE='#'
AMDEP_TRUE=''
AMTAR='$${TAR-tar}'
AM_BACKSLASH='\'
AM_DEFAULT_V='$(AM_DEFAULT_VERBOSITY)'
AM_DEFAULT_VERBOSITY='1'
AM_V='$(V)'
ANSI2KNR=''
AR='ar'
ATTR_LIB=''
AUTOCONF='${SHELL} /home/samuel/build/1.07/contrib/lighttpd-1.4.31/missing --run autoconf'
AUTOHEADER='${SHELL} /home/samuel/build/1.07/contrib/lighttpd-1.4.31/missing --run autoheader'
AUTOMAKE='${SHELL} /home/samuel/build/1.07/contrib/lighttpd-1.4.31/missing --run automake-1.11'
AWK='mawk'
BZ_LIB=''
CC='gcc'
CCDEPMODE='depmode=gcc3'
CFLAGS='-g -O2'
CHECK_WITH_FASTCGI_FALSE=''
CHECK_WITH_FASTCGI_TRUE=''
CPP='gcc -E'
CPPFLAGS=' -D_REENTRANT -D__EXTENSIONS__'
CROSS_COMPILING_FALSE=''
CROSS_COMPILING_TRUE=''
CRYPT_LIB=''
CYGPATH_W='echo'
DEFS=''
DEPDIR='.deps'
DLLTOOL='false'
DL_LIB='-ldl'
DSYMUTIL=''
DUMPBIN=''
ECHO_C=''
ECHO_N='-n'
ECHO_T=''
EGREP='/bin/grep -E'
EXEEXT=''
FAM_CFLAGS=''
FAM_LIBS=''
FGREP='/bin/grep -F'
GDBM_LIB=''
GREP='/bin/grep'
INSTALL_DATA='${INSTALL} -m 644'
INSTALL_PROGRAM='${INSTALL}'
INSTALL_SCRIPT='${INSTALL}'
INSTALL_STRIP_PROGRAM='$(install_sh) -c -s'
LBER_LIB=''
LD='/usr/bin/ld -m elf_x86_64'
LDAP_LIB=''
LDFLAGS=''
LIBEV_CFLAGS=''
LIBEV_LIBS=''
LIBOBJS=''
LIBS=''
LIBTOOL='$(SHELL) $(top_builddir)/libtool'
LIPO=''
LN_S='ln -s'
LTLIBOBJS=''
LUA_CFLAGS=''
LUA_LIBS=''
MAKEINFO='${SHELL} /home/samuel/build/1.07/contrib/lighttpd-1.4.31/missing --run makeinfo'
MANIFEST_TOOL=':'
MEMCACHE_LIB=''
MKDIR_P='/bin/mkdir -p'
MYSQL_CONFIG=''
MYSQL_INCLUDE=''
MYSQL_LIBS=''
NM='/usr/bin/nm -B'
NMEDIT=''
NO_RDYNAMIC_FALSE=''
NO_RDYNAMIC_TRUE='#'
OBJDUMP='objdump'
OBJEXT='o'
OTOOL64=''
OTOOL=''
PACKAGE='lighttpd'
PACKAGE_BUGREPORT='contact@lighttpd.net'
PACKAGE_NAME='lighttpd'
PACKAGE_STRING='lighttpd 1.4.31'
PACKAGE_TARNAME='lighttpd'
PACKAGE_URL=''
PACKAGE_VERSION='1.4.31'
PATH_SEPARATOR=':'
PCRECONFIG=''
PCRE_LIB=''
PKG_CONFIG='/usr/bin/pkg-config'
PKG_CONFIG_LIBDIR=''
PKG_CONFIG_PATH=''
RANLIB='ranlib'
SED='/bin/sed'
SENDFILE_LIB=''
SET_MAKE=''
SHELL='/bin/bash'
SQLITE_CFLAGS=''
SQLITE_LIBS=''
SSL_LIB=''
STRIP='strip'
U=''
UUID_LIBS=''
VERSION='1.4.31'
XML_CFLAGS=''
XML_LIBS=''
Z_LIB=''
ac_ct_AR='ar'
ac_ct_CC='gcc'
ac_ct_DUMPBIN=''
am__EXEEXT_FALSE=''
am__EXEEXT_TRUE=''
am__fastdepCC_FALSE='#'
am__fastdepCC_TRUE=''
am__include='include'
am__isrc=''
am__leading_dot='.'
am__nodep='_no'
am__quote=''
am__tar='tar --format=ustar -chf - "$$tardir"'
am__untar='tar -xf -'
bindir='${exec_prefix}/bin'
build='x86_64-unknown-linux-gnu'
build_alias=''
build_cpu='x86_64'
build_os='linux-gnu'
build_vendor='unknown'
datadir='${datarootdir}'
datarootdir='${prefix}/share'
docdir='${datarootdir}/doc/${PACKAGE_TARNAME}'
dvidir='${docdir}'
exec_prefix='NONE'
host='x86_64-unknown-linux-gnu'
host_alias=''
host_cpu='x86_64'
host_os='linux-gnu'
host_vendor='unknown'
htmldir='${docdir}'
includedir='${prefix}/include'
infodir='${datarootdir}/info'
install_sh='${SHELL} /home/samuel/build/1.07/contrib/lighttpd-1.4.31/install-sh'
libdir='${exec_prefix}/lib'
libexecdir='${exec_prefix}/libexec'
localedir='${datarootdir}/locale'
localstatedir='${prefix}/var'
mandir='${datarootdir}/man'
mkdir_p='/bin/mkdir -p'
oldincludedir='/usr/include'
pdfdir='${docdir}'
prefix='NONE'
program_transform_name='s,x,x,'
psdir='${docdir}'
sbindir='${exec_prefix}/sbin'
sharedstatedir='${prefix}/com'
sysconfdir='${prefix}/etc'
target='x86_64-unknown-linux-gnu'
target_alias=''
target_cpu='x86_64'
target_os='linux-gnu'
target_vendor='unknown'

## ----------- ##
## confdefs.h. ##
## ----------- ##

/* confdefs.h */
#define PACKAGE_NAME "lighttpd"
#define PACKAGE_TARNAME "lighttpd"
#define PACKAGE_VERSION "1.4.31"
#define PACKAGE_STRING "lighttpd 1.4.31"
#define PACKAGE_BUGREPORT "contact@lighttpd.net"
#define PACKAGE_URL ""
#define PACKAGE "lighttpd"
#define VERSION "1.4.31"
#define STDC_HEADERS 1
#define HAVE_SYS_TYPES_H 1
#define HAVE_SYS_STAT_H 1
#define HAVE_STDLIB_H 1
#define HAVE_STRING_H 1
#define HAVE_MEMORY_H 1
#define HAVE_STRINGS_H 1
#define HAVE_INTTYPES_H 1
#define HAVE_STDINT_H 1
#define HAVE_UNISTD_H 1
#define __EXTENSIONS__ 1
#define _ALL_SOURCE 1
#define _GNU_SOURCE 1
#define _POSIX_PTHREAD_SEMANTICS 1
#define _TANDEM_SOURCE 1
#define PROTOTYPES 1
#define __PROTOTYPES 1
#define HAVE_STRING_H 1
#define HAVE_DLFCN_H 1
#define LT_OBJDIR ".libs/"
#define STDC_HEADERS 1
#define HAVE_SYS_WAIT_H 1
#define HAVE_ARPA_INET_H 1
#define HAVE_FCNTL_H 1
#define HAVE_NETINET_IN_H 1
#define HAVE_STDLIB_H 1
#define HAVE_STRING_H 1
#define HAVE_SYS_SOCKET_H 1
#define HAVE_SYS_TIME_H 1
#define HAVE_UNISTD_H 1
#define HAVE_SYS_SENDFILE_H 1
#define HAVE_SYS_UIO_H 1
#define HAVE_GETOPT_H 1
#define HAVE_SYS_EPOLL_H 1
#define HAVE_SYS_SELECT_H 1
#define HAVE_POLL_H 1
#define HAVE_SYS_POLL_H 1
#define HAVE_SYS_MMAN_H 1
#define HAVE_PWD_H 1
#define HAVE_SYS_RESOURCE_H 1
#define HAVE_SYS_UN_H 1
#define HAVE_SYSLOG_H 1
#define HAVE_SYS_PRCTL_H 1
#define HAVE_STRUCT_TM_GMTOFF 1
#define HAVE_STRUCT_SOCKADDR_STORAGE 1
#define HAVE_SOCKLEN_T 1
#define HAVE_FORK 1
#define HAVE_VFORK 1
#define HAVE_WORKING_VFORK 1
#define HAVE_WORKING_FORK 1
#define RETSIGTYPE void
#define LSTAT_FOLLOWS_SLASHED_SYMLINK 1
#define HAVE_STRFTIME 1
#define HAVE_INET_PTON 1
#define HAVE_DLFCN_H 1
#define HAVE_LIBDL 1
#define HAVE_DLFCN_H 1

configure: exit 1
