The system is: Linux - 3.2.0-32-generic - x86_64
Compiling the CXX compiler identification source file "CMakeCXXCompilerId.cpp" succeeded.
Compiler: /home/samuel/build/avr8-toolchain/bin/avr-c++ 
Build flags: 
Id flags: 

The output was:
0


Compilation of the CXX compiler identification source "CMakeCXXCompilerId.cpp" produced "a.out"

The CXX compiler identification is GNU, found in "/home/samuel/build/1.08/CMakeFiles/CompilerIdCXX/a.out"

The system is: Linux - 3.2.0-32-generic - x86_64
Compiling the CXX compiler identification source file "CMakeCXXCompilerId.cpp" succeeded.
Compiler: /home/samuel/build/avr8-toolchain/bin/avr-c++ 
Build flags: -O2;-Wall;-W;-nostdinc;-nostdlib
Id flags: 

The output was:
0


Compilation of the CXX compiler identification source "CMakeCXXCompilerId.cpp" produced "a.out"

The CXX compiler identification is GNU, found in "/home/samuel/build/1.08/CMakeFiles/CompilerIdCXX/a.out"

The system is: Linux - 3.2.0-32-generic - x86_64
Compiling the CXX compiler identification source file "CMakeCXXCompilerId.cpp" succeeded.
Compiler: /home/samuel/build/avr8-toolchain/bin/avr-c++ 
Build flags: -O2;-Wall;-W;-nostdinc;-nostdlib
Id flags: 

The output was:
0


Compilation of the CXX compiler identification source "CMakeCXXCompilerId.cpp" produced "a.out"

The CXX compiler identification is GNU, found in "/home/samuel/build/1.08/CMakeFiles/CompilerIdCXX/a.out"

The system is: Linux - 3.2.0-32-generic - x86_64
Compiling the CXX compiler identification source file "CMakeCXXCompilerId.cpp" succeeded.
Compiler: /usr/bin/clang++ 
Build flags: -O2;-Wall;-W;-nostdinc;-nostdlib
Id flags: 

The output was:
0
/usr/bin/ld: warning: cannot find entry symbol _start; defaulting to 00000000004001c0


Compilation of the CXX compiler identification source "CMakeCXXCompilerId.cpp" produced "a.out"

The CXX compiler identification is Clang, found in "/home/samuel/build/1.08/CMakeFiles/CompilerIdCXX/a.out"

