This file contains any messages produced by compilers while
running configure, to aid debugging if configure makes a mistake.

It was created by libsoup configure 2.40.0, which was
generated by GNU Autoconf 2.68.  Invocation command line was

  $ ./configure 

## --------- ##
## Platform. ##
## --------- ##

hostname = localhost.localdomain
uname -m = x86_64
uname -r = 3.5.4-1.fc17.x86_64
uname -s = Linux
uname -v = #1 SMP Mon Sep 17 15:03:59 UTC 2012

/usr/bin/uname -p = x86_64
/bin/uname -X     = unknown

/bin/arch              = x86_64
/usr/bin/arch -k       = unknown
/usr/convex/getsysinfo = unknown
/usr/bin/hostinfo      = unknown
/bin/machine           = unknown
/usr/bin/oslevel       = unknown
/bin/universe          = unknown

PATH: /usr/local/bin
PATH: /usr/bin
PATH: /bin


## ----------- ##
## Core tests. ##
## ----------- ##

configure:2415: checking for a BSD-compatible install
configure:2483: result: /usr/bin/install -c
configure:2494: checking whether build environment is sane
configure:2544: result: yes
configure:2685: checking for a thread-safe mkdir -p
configure:2724: result: /usr/bin/mkdir -p
configure:2737: checking for gawk
configure:2753: found /usr/bin/gawk
configure:2764: result: gawk
configure:2775: checking whether make sets $(MAKE)
configure:2797: result: yes
configure:2888: checking whether make supports nested variables
configure:2905: result: yes
configure:2917: checking whether make sets $(MAKE)
configure:2939: result: yes
configure:3044: checking for gcc
configure:3060: found /usr/bin/gcc
configure:3071: result: gcc
configure:3300: checking for C compiler version
configure:3309: gcc --version >&5
gcc (GCC) 4.7.0 20120507 (Red Hat 4.7.0-5)
Copyright (C) 2012 Free Software Foundation, Inc.
This is free software; see the source for copying conditions.  There is NO
warranty; not even for MERCHANTABILITY or FITNESS FOR A PARTICULAR PURPOSE.

configure:3320: $? = 0
configure:3309: gcc -v >&5
Using built-in specs.
COLLECT_GCC=gcc
COLLECT_LTO_WRAPPER=/usr/libexec/gcc/x86_64-redhat-linux/4.7.0/lto-wrapper
Target: x86_64-redhat-linux
Configured with: ../configure --prefix=/usr --mandir=/usr/share/man --infodir=/usr/share/info --with-bugurl=http://bugzilla.redhat.com/bugzilla --enable-bootstrap --enable-shared --enable-threads=posix --enable-checking=release --disable-build-with-cxx --disable-build-poststage1-with-cxx --with-system-zlib --enable-__cxa_atexit --disable-libunwind-exceptions --enable-gnu-unique-object --enable-linker-build-id --with-linker-hash-style=gnu --enable-languages=c,c++,objc,obj-c++,java,fortran,ada,go,lto --enable-plugin --enable-initfini-array --enable-java-awt=gtk --disable-dssi --with-java-home=/usr/lib/jvm/java-1.5.0-gcj-1.5.0.0/jre --enable-libgcj-multifile --enable-java-maintainer-mode --with-ecj-jar=/usr/share/java/eclipse-ecj.jar --disable-libjava-multilib --with-ppl --with-cloog --with-tune=generic --with-arch_32=i686 --build=x86_64-redhat-linux
Thread model: posix
gcc version 4.7.0 20120507 (Red Hat 4.7.0-5) (GCC) 
configure:3320: $? = 0
configure:3309: gcc -V >&5
gcc: error: unrecognized command line option '-V'
gcc: fatal error: no input files
compilation terminated.
configure:3320: $? = 4
configure:3309: gcc -qversion >&5
gcc: error: unrecognized command line option '-qversion'
gcc: fatal error: no input files
compilation terminated.
configure:3320: $? = 4
configure:3340: checking whether the C compiler works
configure:3362: gcc    conftest.c  >&5
configure:3366: $? = 0
configure:3414: result: yes
configure:3417: checking for C compiler default output file name
configure:3419: result: a.out
configure:3425: checking for suffix of executables
configure:3432: gcc -o conftest    conftest.c  >&5
configure:3436: $? = 0
configure:3458: result: 
configure:3480: checking whether we are cross compiling
configure:3488: gcc -o conftest    conftest.c  >&5
configure:3492: $? = 0
configure:3499: ./conftest
configure:3503: $? = 0
configure:3518: result: no
configure:3523: checking for suffix of object files
configure:3545: gcc -c   conftest.c >&5
configure:3549: $? = 0
configure:3570: result: o
configure:3574: checking whether we are using the GNU C compiler
configure:3593: gcc -c   conftest.c >&5
configure:3593: $? = 0
configure:3602: result: yes
configure:3611: checking whether gcc accepts -g
configure:3631: gcc -c -g  conftest.c >&5
configure:3631: $? = 0
configure:3672: result: yes
configure:3689: checking for gcc option to accept ISO C89
configure:3753: gcc  -c -g -O2  conftest.c >&5
configure:3753: $? = 0
configure:3766: result: none needed
configure:3797: checking for style of include used by make
configure:3825: result: GNU
configure:3851: checking dependency style of gcc
configure:3962: result: gcc3
configure:4009: checking build system type
configure:4023: result: x86_64-unknown-linux-gnu
configure:4043: checking host system type
configure:4056: result: x86_64-unknown-linux-gnu
configure:4097: checking how to print strings
configure:4124: result: printf
configure:4145: checking for a sed that does not truncate output
configure:4209: result: /usr/bin/sed
configure:4227: checking for grep that handles long lines and -e
configure:4285: result: /usr/bin/grep
configure:4290: checking for egrep
configure:4352: result: /usr/bin/grep -E
configure:4357: checking for fgrep
configure:4419: result: /usr/bin/grep -F
configure:4454: checking for ld used by gcc
configure:4521: result: /usr/bin/ld
configure:4528: checking if the linker (/usr/bin/ld) is GNU ld
configure:4543: result: yes
configure:4555: checking for BSD- or MS-compatible name lister (nm)
configure:4604: result: /usr/bin/nm -B
configure:4734: checking the name lister (/usr/bin/nm -B) interface
configure:4741: gcc -c -g -O2  conftest.c >&5
configure:4744: /usr/bin/nm -B "conftest.o"
configure:4747: output
0000000000000000 B some_variable
configure:4754: result: BSD nm
configure:4757: checking whether ln -s works
configure:4761: result: yes
configure:4769: checking the maximum length of command line arguments
configure:4899: result: 1572864
configure:4916: checking whether the shell understands some XSI constructs
configure:4926: result: yes
configure:4930: checking whether the shell understands "+="
configure:4936: result: yes
configure:4971: checking how to convert x86_64-unknown-linux-gnu file names to x86_64-unknown-linux-gnu format
configure:5011: result: func_convert_file_noop
configure:5018: checking how to convert x86_64-unknown-linux-gnu file names to toolchain format
configure:5038: result: func_convert_file_noop
configure:5045: checking for /usr/bin/ld option to reload object files
configure:5052: result: -r
configure:5126: checking for objdump
configure:5142: found /usr/bin/objdump
configure:5153: result: objdump
configure:5182: checking how to recognize dependent libraries
configure:5384: result: pass_all
configure:5469: checking for dlltool
configure:5499: result: no
configure:5526: checking how to associate runtime and link libraries
configure:5553: result: printf %s\n
configure:5614: checking for ar
configure:5630: found /usr/bin/ar
configure:5641: result: ar
configure:5678: checking for archiver @FILE support
configure:5695: gcc -c -g -O2  conftest.c >&5
configure:5695: $? = 0
configure:5698: ar cru libconftest.a @conftest.lst >&5
configure:5701: $? = 0
configure:5706: ar cru libconftest.a @conftest.lst >&5
ar: conftest.o: No such file or directory
configure:5709: $? = 1
configure:5721: result: @
configure:5779: checking for strip
configure:5795: found /usr/bin/strip
configure:5806: result: strip
configure:5878: checking for ranlib
configure:5894: found /usr/bin/ranlib
configure:5905: result: ranlib
configure:6007: checking command to parse /usr/bin/nm -B output from gcc object
configure:6127: gcc -c -g -O2  conftest.c >&5
configure:6130: $? = 0
configure:6134: /usr/bin/nm -B conftest.o \| sed -n -e 's/^.*[ ]\([ABCDGIRSTW][ABCDGIRSTW]*\)[ ][ ]*\([_A-Za-z][_A-Za-z0-9]*\)$/\1 \2 \2/p' | sed '/ __gnu_lto/d' \> conftest.nm
configure:6137: $? = 0
configure:6203: gcc -o conftest -g -O2   conftest.c conftstm.o >&5
configure:6206: $? = 0
configure:6244: result: ok
configure:6281: checking for sysroot
configure:6311: result: no
configure:6388: gcc -c -g -O2  conftest.c >&5
configure:6391: $? = 0
configure:6567: checking for mt
configure:6597: result: no
configure:6617: checking if : is a manifest tool
configure:6623: : '-?'
configure:6631: result: no
configure:7273: checking how to run the C preprocessor
configure:7304: gcc -E  conftest.c
configure:7304: $? = 0
configure:7318: gcc -E  conftest.c
conftest.c:11:28: fatal error: ac_nonexistent.h: No such file or directory
compilation terminated.
configure:7318: $? = 1
configure: failed program was:
| /* confdefs.h */
| #define PACKAGE_NAME "libsoup"
| #define PACKAGE_TARNAME "libsoup"
| #define PACKAGE_VERSION "2.40.0"
| #define PACKAGE_STRING "libsoup 2.40.0"
| #define PACKAGE_BUGREPORT "http://bugzilla.gnome.org/enter_bug.cgi?product=libsoup"
| #define PACKAGE_URL ""
| #define PACKAGE "libsoup"
| #define VERSION "2.40.0"
| /* end confdefs.h.  */
| #include <ac_nonexistent.h>
configure:7343: result: gcc -E
configure:7363: gcc -E  conftest.c
configure:7363: $? = 0
configure:7377: gcc -E  conftest.c
conftest.c:11:28: fatal error: ac_nonexistent.h: No such file or directory
compilation terminated.
configure:7377: $? = 1
configure: failed program was:
| /* confdefs.h */
| #define PACKAGE_NAME "libsoup"
| #define PACKAGE_TARNAME "libsoup"
| #define PACKAGE_VERSION "2.40.0"
| #define PACKAGE_STRING "libsoup 2.40.0"
| #define PACKAGE_BUGREPORT "http://bugzilla.gnome.org/enter_bug.cgi?product=libsoup"
| #define PACKAGE_URL ""
| #define PACKAGE "libsoup"
| #define VERSION "2.40.0"
| /* end confdefs.h.  */
| #include <ac_nonexistent.h>
configure:7406: checking for ANSI C header files
configure:7426: gcc -c -g -O2  conftest.c >&5
configure:7426: $? = 0
configure:7499: gcc -o conftest -g -O2   conftest.c  >&5
configure:7499: $? = 0
configure:7499: ./conftest
configure:7499: $? = 0
configure:7510: result: yes
configure:7523: checking for sys/types.h
configure:7523: gcc -c -g -O2  conftest.c >&5
configure:7523: $? = 0
configure:7523: result: yes
configure:7523: checking for sys/stat.h
configure:7523: gcc -c -g -O2  conftest.c >&5
configure:7523: $? = 0
configure:7523: result: yes
configure:7523: checking for stdlib.h
configure:7523: gcc -c -g -O2  conftest.c >&5
configure:7523: $? = 0
configure:7523: result: yes
configure:7523: checking for string.h
configure:7523: gcc -c -g -O2  conftest.c >&5
configure:7523: $? = 0
configure:7523: result: yes
configure:7523: checking for memory.h
configure:7523: gcc -c -g -O2  conftest.c >&5
configure:7523: $? = 0
configure:7523: result: yes
configure:7523: checking for strings.h
configure:7523: gcc -c -g -O2  conftest.c >&5
configure:7523: $? = 0
configure:7523: result: yes
configure:7523: checking for inttypes.h
configure:7523: gcc -c -g -O2  conftest.c >&5
configure:7523: $? = 0
configure:7523: result: yes
configure:7523: checking for stdint.h
configure:7523: gcc -c -g -O2  conftest.c >&5
configure:7523: $? = 0
configure:7523: result: yes
configure:7523: checking for unistd.h
configure:7523: gcc -c -g -O2  conftest.c >&5
configure:7523: $? = 0
configure:7523: result: yes
configure:7537: checking for dlfcn.h
configure:7537: gcc -c -g -O2  conftest.c >&5
configure:7537: $? = 0
configure:7537: result: yes
configure:8041: checking for objdir
configure:8056: result: .libs
configure:8327: checking if gcc supports -fno-rtti -fno-exceptions
configure:8345: gcc -c -g -O2  -fno-rtti -fno-exceptions conftest.c >&5
cc1: warning: command line option '-fno-rtti' is valid for C++/ObjC++ but not for C [enabled by default]
configure:8349: $? = 0
configure:8362: result: no
configure:8689: checking for gcc option to produce PIC
configure:8696: result: -fPIC -DPIC
configure:8704: checking if gcc PIC flag -fPIC -DPIC works
configure:8722: gcc -c -g -O2  -fPIC -DPIC -DPIC conftest.c >&5
configure:8726: $? = 0
configure:8739: result: yes
configure:8768: checking if gcc static flag -static works
configure:8796: result: no
configure:8811: checking if gcc supports -c -o file.o
configure:8832: gcc -c -g -O2  -o out/conftest2.o conftest.c >&5
configure:8836: $? = 0
configure:8858: result: yes
configure:8866: checking if gcc supports -c -o file.o
configure:8913: result: yes
configure:8946: checking whether the gcc linker (/usr/bin/ld -m elf_x86_64) supports shared libraries
configure:10099: result: yes
configure:10136: checking whether -lc should be explicitly linked in
configure:10144: gcc -c -g -O2  conftest.c >&5
configure:10147: $? = 0
configure:10162: gcc -shared  -fPIC -DPIC conftest.o  -v -Wl,-soname -Wl,conftest -o conftest 2\>\&1 \| /usr/bin/grep  -lc  \>/dev/null 2\>\&1
configure:10165: $? = 0
configure:10179: result: no
configure:10339: checking dynamic linker characteristics
configure:10850: gcc -o conftest -g -O2   -Wl,-rpath -Wl,/foo conftest.c  >&5
configure:10850: $? = 0
configure:11076: result: GNU/Linux ld.so
configure:11183: checking how to hardcode library paths into programs
configure:11208: result: immediate
configure:11748: checking whether stripping libraries is possible
configure:11753: result: yes
configure:11788: checking if libtool supports shared libraries
configure:11790: result: yes
configure:11793: checking whether to build shared libraries
configure:11814: result: yes
configure:11817: checking whether to build static libraries
configure:11821: result: yes
configure:11944: checking for pkg-config
configure:11962: found /usr/bin/pkg-config
configure:11974: result: /usr/bin/pkg-config
configure:11999: checking pkg-config is at least version 0.16
configure:12002: result: yes
configure:12019: checking for GLIB - version >= 2.33.1
configure:12152: result: no
configure:12180: gcc -o conftest -g -O2    conftest.c   >&5
conftest.c:24:18: fatal error: glib.h: No such file or directory
compilation terminated.
configure:12180: $? = 1
configure: failed program was:
| /* confdefs.h */
| #define PACKAGE_NAME "libsoup"
| #define PACKAGE_TARNAME "libsoup"
| #define PACKAGE_VERSION "2.40.0"
| #define PACKAGE_STRING "libsoup 2.40.0"
| #define PACKAGE_BUGREPORT "http://bugzilla.gnome.org/enter_bug.cgi?product=libsoup"
| #define PACKAGE_URL ""
| #define PACKAGE "libsoup"
| #define VERSION "2.40.0"
| #define STDC_HEADERS 1
| #define HAVE_SYS_TYPES_H 1
| #define HAVE_SYS_STAT_H 1
| #define HAVE_STDLIB_H 1
| #define HAVE_STRING_H 1
| #define HAVE_MEMORY_H 1
| #define HAVE_STRINGS_H 1
| #define HAVE_INTTYPES_H 1
| #define HAVE_STDINT_H 1
| #define HAVE_UNISTD_H 1
| #define HAVE_DLFCN_H 1
| #define LT_OBJDIR ".libs/"
| /* end confdefs.h.  */
| 
| #include <glib.h>
| #include <stdio.h>
| 
| int
| main ()
| {
|  return ((glib_major_version) || (glib_minor_version) || (glib_micro_version));
|   ;
|   return 0;
| }
configure:12217: error: GLIB 2.33.1 or later is required to build libsoup

## ---------------- ##
## Cache variables. ##
## ---------------- ##

ac_cv_build=x86_64-unknown-linux-gnu
ac_cv_c_compiler_gnu=yes
ac_cv_env_CC_set=
ac_cv_env_CC_value=
ac_cv_env_CFLAGS_set=
ac_cv_env_CFLAGS_value=
ac_cv_env_CPPFLAGS_set=
ac_cv_env_CPPFLAGS_value=
ac_cv_env_CPP_set=
ac_cv_env_CPP_value=
ac_cv_env_GNOME_KEYRING_CFLAGS_set=
ac_cv_env_GNOME_KEYRING_CFLAGS_value=
ac_cv_env_GNOME_KEYRING_LIBS_set=
ac_cv_env_GNOME_KEYRING_LIBS_value=
ac_cv_env_GTKDOC_DEPS_CFLAGS_set=
ac_cv_env_GTKDOC_DEPS_CFLAGS_value=
ac_cv_env_GTKDOC_DEPS_LIBS_set=
ac_cv_env_GTKDOC_DEPS_LIBS_value=
ac_cv_env_LDFLAGS_set=
ac_cv_env_LDFLAGS_value=
ac_cv_env_LIBS_set=
ac_cv_env_LIBS_value=
ac_cv_env_PKG_CONFIG_LIBDIR_set=
ac_cv_env_PKG_CONFIG_LIBDIR_value=
ac_cv_env_PKG_CONFIG_PATH_set=
ac_cv_env_PKG_CONFIG_PATH_value=
ac_cv_env_PKG_CONFIG_set=
ac_cv_env_PKG_CONFIG_value=
ac_cv_env_SQLITE_CFLAGS_set=
ac_cv_env_SQLITE_CFLAGS_value=
ac_cv_env_SQLITE_LIBS_set=
ac_cv_env_SQLITE_LIBS_value=
ac_cv_env_XML_CFLAGS_set=
ac_cv_env_XML_CFLAGS_value=
ac_cv_env_XML_LIBS_set=
ac_cv_env_XML_LIBS_value=
ac_cv_env_build_alias_set=
ac_cv_env_build_alias_value=
ac_cv_env_host_alias_set=
ac_cv_env_host_alias_value=
ac_cv_env_target_alias_set=
ac_cv_env_target_alias_value=
ac_cv_header_dlfcn_h=yes
ac_cv_header_inttypes_h=yes
ac_cv_header_memory_h=yes
ac_cv_header_stdc=yes
ac_cv_header_stdint_h=yes
ac_cv_header_stdlib_h=yes
ac_cv_header_string_h=yes
ac_cv_header_strings_h=yes
ac_cv_header_sys_stat_h=yes
ac_cv_header_sys_types_h=yes
ac_cv_header_unistd_h=yes
ac_cv_host=x86_64-unknown-linux-gnu
ac_cv_objext=o
ac_cv_path_EGREP='/usr/bin/grep -E'
ac_cv_path_FGREP='/usr/bin/grep -F'
ac_cv_path_GREP=/usr/bin/grep
ac_cv_path_SED=/usr/bin/sed
ac_cv_path_ac_pt_PKG_CONFIG=/usr/bin/pkg-config
ac_cv_path_install='/usr/bin/install -c'
ac_cv_path_mkdir=/usr/bin/mkdir
ac_cv_prog_AWK=gawk
ac_cv_prog_CPP='gcc -E'
ac_cv_prog_ac_ct_AR=ar
ac_cv_prog_ac_ct_CC=gcc
ac_cv_prog_ac_ct_OBJDUMP=objdump
ac_cv_prog_ac_ct_RANLIB=ranlib
ac_cv_prog_ac_ct_STRIP=strip
ac_cv_prog_cc_c89=
ac_cv_prog_cc_g=yes
ac_cv_prog_make_make_set=yes
am_cv_CC_dependencies_compiler_type=gcc3
am_cv_make_support_nested_variables=yes
lt_cv_ar_at_file=@
lt_cv_archive_cmds_need_lc=no
lt_cv_deplibs_check_method=pass_all
lt_cv_file_magic_cmd='$MAGIC_CMD'
lt_cv_file_magic_test_file=
lt_cv_ld_reload_flag=-r
lt_cv_nm_interface='BSD nm'
lt_cv_objdir=.libs
lt_cv_path_LD=/usr/bin/ld
lt_cv_path_NM='/usr/bin/nm -B'
lt_cv_path_mainfest_tool=no
lt_cv_prog_compiler_c_o=yes
lt_cv_prog_compiler_pic='-fPIC -DPIC'
lt_cv_prog_compiler_pic_works=yes
lt_cv_prog_compiler_rtti_exceptions=no
lt_cv_prog_compiler_static_works=no
lt_cv_prog_gnu_ld=yes
lt_cv_sharedlib_from_linklib_cmd='printf %s\n'
lt_cv_shlibpath_overrides_runpath=no
lt_cv_sys_global_symbol_pipe='sed -n -e '\''s/^.*[	 ]\([ABCDGIRSTW][ABCDGIRSTW]*\)[	 ][	 ]*\([_A-Za-z][_A-Za-z0-9]*\)$/\1 \2 \2/p'\'' | sed '\''/ __gnu_lto/d'\'''
lt_cv_sys_global_symbol_to_c_name_address='sed -n -e '\''s/^: \([^ ]*\)[ ]*$/  {\"\1\", (void *) 0},/p'\'' -e '\''s/^[ABCDGIRSTW]* \([^ ]*\) \([^ ]*\)$/  {"\2", (void *) \&\2},/p'\'''
lt_cv_sys_global_symbol_to_c_name_address_lib_prefix='sed -n -e '\''s/^: \([^ ]*\)[ ]*$/  {\"\1\", (void *) 0},/p'\'' -e '\''s/^[ABCDGIRSTW]* \([^ ]*\) \(lib[^ ]*\)$/  {"\2", (void *) \&\2},/p'\'' -e '\''s/^[ABCDGIRSTW]* \([^ ]*\) \([^ ]*\)$/  {"lib\2", (void *) \&\2},/p'\'''
lt_cv_sys_global_symbol_to_cdecl='sed -n -e '\''s/^T .* \(.*\)$/extern int \1();/p'\'' -e '\''s/^[ABCDGIRSTW]* .* \(.*\)$/extern char \1;/p'\'''
lt_cv_sys_max_cmd_len=1572864
lt_cv_to_host_file_cmd=func_convert_file_noop
lt_cv_to_tool_file_cmd=func_convert_file_noop

## ----------------- ##
## Output variables. ##
## ----------------- ##

ACLOCAL='${SHELL} /home/samuel/os/1.06/contrib/libsoup-2.40.0/missing --run aclocal-1.11'
ALL_LINGUAS=''
AMDEPBACKSLASH='\'
AMDEP_FALSE='#'
AMDEP_TRUE=''
AMTAR='$${TAR-tar}'
AM_BACKSLASH='\'
AM_DEFAULT_V='$(AM_DEFAULT_VERBOSITY)'
AM_DEFAULT_VERBOSITY='0'
AM_V='$(V)'
APACHE_HTTPD=''
APACHE_MODULE_DIR=''
APACHE_PHP_MODULE=''
APACHE_PHP_MODULE_DIR=''
APACHE_SSL_MODULE_DIR=''
AR='ar'
AS='as'
AUTOCONF='${SHELL} /home/samuel/os/1.06/contrib/libsoup-2.40.0/missing --run autoconf'
AUTOHEADER='${SHELL} /home/samuel/os/1.06/contrib/libsoup-2.40.0/missing --run autoheader'
AUTOMAKE='${SHELL} /home/samuel/os/1.06/contrib/libsoup-2.40.0/missing --run automake-1.11'
AWK='gawk'
BUILD_LIBSOUP_GNOME_FALSE=''
BUILD_LIBSOUP_GNOME_TRUE=''
CATALOGS=''
CATOBJEXT=''
CC='gcc'
CCDEPMODE='depmode=gcc3'
CFLAGS='-g -O2'
CPP='gcc -E'
CPPFLAGS=''
CURL=''
CYGPATH_W='echo'
DATADIRNAME=''
DEFS=''
DEPDIR='.deps'
DLLTOOL='false'
DSYMUTIL=''
DUMPBIN=''
ECHO_C=''
ECHO_N='-n'
ECHO_T=''
EGREP='/usr/bin/grep -E'
ENABLE_GTK_DOC_FALSE=''
ENABLE_GTK_DOC_TRUE=''
EXEEXT=''
FGREP='/usr/bin/grep -F'
GETTEXT_PACKAGE=''
GLIB_CFLAGS=''
GLIB_COMPILE_RESOURCES=''
GLIB_GENMARSHAL=''
GLIB_LIBS=''
GLIB_MAKEFILE=''
GLIB_MKENUMS=''
GMOFILES=''
GMSGFMT=''
GNOME_KEYRING_CFLAGS=''
GNOME_KEYRING_LIBS=''
GOBJECT_QUERY=''
GREP='/usr/bin/grep'
GTKDOC_CHECK=''
GTKDOC_DEPS_CFLAGS=''
GTKDOC_DEPS_LIBS=''
GTKDOC_MKPDF=''
GTKDOC_REBASE=''
GTK_DOC_BUILD_HTML_FALSE=''
GTK_DOC_BUILD_HTML_TRUE=''
GTK_DOC_BUILD_PDF_FALSE=''
GTK_DOC_BUILD_PDF_TRUE=''
GTK_DOC_USE_LIBTOOL_FALSE=''
GTK_DOC_USE_LIBTOOL_TRUE=''
GTK_DOC_USE_REBASE_FALSE=''
GTK_DOC_USE_REBASE_TRUE=''
HAVE_APACHE_FALSE=''
HAVE_APACHE_TRUE=''
HAVE_CURL_FALSE=''
HAVE_CURL_TRUE=''
HAVE_GNOME=''
HAVE_INTROSPECTION_FALSE=''
HAVE_INTROSPECTION_TRUE=''
HAVE_XMLRPC_EPI_PHP_FALSE=''
HAVE_XMLRPC_EPI_PHP_TRUE=''
HTML_DIR=''
IF_HAVE_PHP=''
INSTALL_DATA='${INSTALL} -m 644'
INSTALL_PROGRAM='${INSTALL}'
INSTALL_SCRIPT='${INSTALL}'
INSTALL_STRIP_PROGRAM='$(install_sh) -c -s'
INSTOBJEXT=''
INTLLIBS=''
INTLTOOL_CAVES_RULE=''
INTLTOOL_DESKTOP_RULE=''
INTLTOOL_DIRECTORY_RULE=''
INTLTOOL_EXTRACT=''
INTLTOOL_KBD_RULE=''
INTLTOOL_KEYS_RULE=''
INTLTOOL_MERGE=''
INTLTOOL_OAF_RULE=''
INTLTOOL_PERL=''
INTLTOOL_POLICY_RULE=''
INTLTOOL_PONG_RULE=''
INTLTOOL_PROP_RULE=''
INTLTOOL_SCHEMAS_RULE=''
INTLTOOL_SERVER_RULE=''
INTLTOOL_SERVICE_RULE=''
INTLTOOL_SHEET_RULE=''
INTLTOOL_SOUNDLIST_RULE=''
INTLTOOL_THEME_RULE=''
INTLTOOL_UI_RULE=''
INTLTOOL_UPDATE=''
INTLTOOL_V_MERGE=''
INTLTOOL_V_MERGE_OPTIONS=''
INTLTOOL_XAM_RULE=''
INTLTOOL_XML_NOMERGE_RULE=''
INTLTOOL_XML_RULE=''
INTLTOOL__v_MERGE_0=''
INTLTOOL__v_MERGE_=''
INTROSPECTION_CFLAGS=''
INTROSPECTION_COMPILER=''
INTROSPECTION_GENERATE=''
INTROSPECTION_GIRDIR=''
INTROSPECTION_LIBS=''
INTROSPECTION_MAKEFILE=''
INTROSPECTION_SCANNER=''
INTROSPECTION_TYPELIBDIR=''
LD='/usr/bin/ld -m elf_x86_64'
LDFLAGS=''
LIBOBJS=''
LIBS=''
LIBTOOL='$(SHELL) $(top_builddir)/libtool'
LIPO=''
LN_S='ln -s'
LTLIBOBJS=''
MAKEINFO='${SHELL} /home/samuel/os/1.06/contrib/libsoup-2.40.0/missing --run makeinfo'
MANIFEST_TOOL=':'
MISSING_REGRESSION_TEST_PACKAGES=''
MISSING_REGRESSION_TEST_PACKAGES_FALSE=''
MISSING_REGRESSION_TEST_PACKAGES_TRUE=''
MKDIR_P='/usr/bin/mkdir -p'
MKINSTALLDIRS=''
MSGFMT=''
MSGFMT_OPTS=''
MSGMERGE=''
NM='/usr/bin/nm -B'
NMEDIT=''
OBJDUMP='objdump'
OBJEXT='o'
OS_WIN32_FALSE=''
OS_WIN32_TRUE=''
OTOOL64=''
OTOOL=''
PACKAGE='libsoup'
PACKAGE_BUGREPORT='http://bugzilla.gnome.org/enter_bug.cgi?product=libsoup'
PACKAGE_NAME='libsoup'
PACKAGE_STRING='libsoup 2.40.0'
PACKAGE_TARNAME='libsoup'
PACKAGE_URL=''
PACKAGE_VERSION='2.40.0'
PATH_SEPARATOR=':'
PHP=''
PKG_CONFIG='/usr/bin/pkg-config'
PKG_CONFIG_LIBDIR=''
PKG_CONFIG_PATH=''
POFILES=''
POSUB=''
PO_IN_DATADIR_FALSE=''
PO_IN_DATADIR_TRUE=''
RANLIB='ranlib'
SED='/usr/bin/sed'
SET_MAKE=''
SHELL='/bin/sh'
SOUP_AGE='5'
SOUP_API_VERSION='2.4'
SOUP_CURRENT='6'
SOUP_DEBUG_FLAGS=''
SOUP_MAINTAINER_FLAGS=''
SOUP_REVISION='0'
SQLITE_CFLAGS=''
SQLITE_LIBS=''
STRIP='strip'
USE_NLS=''
VERSION='2.40.0'
XGETTEXT=''
XML_CFLAGS=''
XML_LIBS=''
ac_ct_AR='ar'
ac_ct_CC='gcc'
ac_ct_DUMPBIN=''
am__EXEEXT_FALSE=''
am__EXEEXT_TRUE=''
am__fastdepCC_FALSE='#'
am__fastdepCC_TRUE=''
am__include='include'
am__isrc=''
am__leading_dot='.'
am__nodep='_no'
am__quote=''
am__tar='$${TAR-tar} chof - "$$tardir"'
am__untar='$${TAR-tar} xf -'
bindir='${exec_prefix}/bin'
build='x86_64-unknown-linux-gnu'
build_alias=''
build_cpu='x86_64'
build_os='linux-gnu'
build_vendor='unknown'
datadir='${datarootdir}'
datarootdir='${prefix}/share'
docdir='${datarootdir}/doc/${PACKAGE_TARNAME}'
dvidir='${docdir}'
exec_prefix='NONE'
host='x86_64-unknown-linux-gnu'
host_alias=''
host_cpu='x86_64'
host_os='linux-gnu'
host_vendor='unknown'
htmldir='${docdir}'
includedir='${prefix}/include'
infodir='${datarootdir}/info'
install_sh='${SHELL} /home/samuel/os/1.06/contrib/libsoup-2.40.0/install-sh'
intltool__v_merge_options_0=''
intltool__v_merge_options_=''
libdir='${exec_prefix}/lib'
libexecdir='${exec_prefix}/libexec'
localedir='${datarootdir}/locale'
localstatedir='${prefix}/var'
mandir='${datarootdir}/man'
mkdir_p='/usr/bin/mkdir -p'
ntlm_auth=''
oldincludedir='/usr/include'
pdfdir='${docdir}'
prefix='NONE'
program_transform_name='s,x,x,'
psdir='${docdir}'
sbindir='${exec_prefix}/sbin'
sharedstatedir='${prefix}/com'
sysconfdir='${prefix}/etc'
target_alias=''

## ----------- ##
## confdefs.h. ##
## ----------- ##

/* confdefs.h */
#define PACKAGE_NAME "libsoup"
#define PACKAGE_TARNAME "libsoup"
#define PACKAGE_VERSION "2.40.0"
#define PACKAGE_STRING "libsoup 2.40.0"
#define PACKAGE_BUGREPORT "http://bugzilla.gnome.org/enter_bug.cgi?product=libsoup"
#define PACKAGE_URL ""
#define PACKAGE "libsoup"
#define VERSION "2.40.0"
#define STDC_HEADERS 1
#define HAVE_SYS_TYPES_H 1
#define HAVE_SYS_STAT_H 1
#define HAVE_STDLIB_H 1
#define HAVE_STRING_H 1
#define HAVE_MEMORY_H 1
#define HAVE_STRINGS_H 1
#define HAVE_INTTYPES_H 1
#define HAVE_STDINT_H 1
#define HAVE_UNISTD_H 1
#define HAVE_DLFCN_H 1
#define LT_OBJDIR ".libs/"

configure: exit 1
